engine book: 5429 positions loaded from data/book.bin

  ♟  gomachine SPRT  ·  self-play strength test
  lmr2=on,singular=on  vs  baseline  (new vs old)
  patch: (identical — sanity/noise run)
  budget: 40000 nodes/move   · SPRT[0, 6] α=0.05 β=0.05   · 11×TT 16MB

  1 pairs   2 games   0 g/s · 24s
  W 0   L 1   D 1     Elo -58.5 ± 204.4
  -2.9 ───────────────●┊··············· +2.9  LLR -0.04
  pentanomial [LL LDg DD WD WW]:  [0 1 0 0 0]
  running…
  2 pairs   4 games   0 g/s · 24s
  W 0   L 3   D 1     Elo -137.0 ± 224.8
  -2.9 ───────────────●┊··············· +2.9  LLR -0.08
  pentanomial [LL LDg DD WD WW]:  [1 1 0 0 0]
  running…
  3 pairs   6 games   0 g/s · 27s
  W 1   L 3   D 2     Elo -70.4 ± 195.6
  -2.9 ───────────────●┊··············· +2.9  LLR -0.05
  pentanomial [LL LDg DD WD WW]:  [1 1 0 1 0]
  running…
  4 pairs   8 games   0 g/s · 28s
  W 1   L 5   D 2     Elo -120.4 ± 199.2
  -2.9 ───────────────●┊··············· +2.9  LLR -0.09
  pentanomial [LL LDg DD WD WW]:  [2 1 0 1 0]
  running…
  5 pairs   10 games   0 g/s · 30s
  W 2   L 5   D 3     Elo -75.6 ± 177.4
  -2.9 ───────────────●┊··············· +2.9  LLR -0.06
  pentanomial [LL LDg DD WD WW]:  [2 1 0 2 0]
  running…
  6 pairs   12 games   0 g/s · 33s
  W 2   L 6   D 4     Elo -88.7 ± 159.9
  -2.9 ───────────────●┊··············· +2.9  LLR -0.09
  pentanomial [LL LDg DD WD WW]:  [2 2 0 2 0]
  running…
  7 pairs   14 games   0 g/s · 33s
  W 3   L 7   D 4     Elo -78.5 ± 141.4
  -2.9 ───────────────●┊··············· +2.9  LLR -0.10
  pentanomial [LL LDg DD WD WW]:  [2 2 1 2 0]
  running…
  8 pairs   16 games   0 g/s · 34s
  W 3   L 8   D 5     Elo -88.7 ± 130.4
  -2.9 ───────────────●┊··············· +2.9  LLR -0.14
  pentanomial [LL LDg DD WD WW]:  [2 3 1 2 0]
  running…
  9 pairs   18 games   0 g/s · 39s
  W 4   L 8   D 6     Elo -63.9 ± 123.8
  -2.9 ───────────────●┊··············· +2.9  LLR -0.11
  pentanomial [LL LDg DD WD WW]:  [2 3 1 3 0]
  running…
  10 pairs   20 games   1 g/s · 39s
  W 4   L 8   D 8     Elo -58.5 ± 113.3
  -2.9 ───────────────●┊··············· +2.9  LLR -0.12
  pentanomial [LL LDg DD WD WW]:  [2 3 2 3 0]
  running…
  11 pairs   22 games   1 g/s · 41s
  W 4   L 8   D 10     Elo -53.9 ± 104.5
  -2.9 ───────────────●┊··············· +2.9  LLR -0.13
  pentanomial [LL LDg DD WD WW]:  [2 3 3 3 0]
  running…
  12 pairs   24 games   1 g/s · 45s
  W 4   L 9   D 11     Elo -62.7 ± 99.3
  -2.9 ───────────────●┊··············· +2.9  LLR -0.16
  pentanomial [LL LDg DD WD WW]:  [2 4 3 3 0]
  running…
  13 pairs   26 games   1 g/s · 49s
  W 5   L 9   D 12     Elo -46.6 ± 96.2
  -2.9 ───────────────●┊··············· +2.9  LLR -0.13
  pentanomial [LL LDg DD WD WW]:  [2 4 3 4 0]
  running…
  14 pairs   28 games   1 g/s · 51s
  W 5   L 11   D 12     Elo -65.9 ± 99.0
  -2.9 ───────────────●┊··············· +2.9  LLR -0.17
  pentanomial [LL LDg DD WD WW]:  [3 4 3 4 0]
  running…
  15 pairs   30 games   1 g/s · 57s
  W 5   L 12   D 13     Elo -72.6 ± 94.7
  -2.9 ──────────────●·┊··············· +2.9  LLR -0.21
  pentanomial [LL LDg DD WD WW]:  [3 5 3 4 0]
  running…
  16 pairs   32 games   1 g/s · 59s
  W 5   L 14   D 13     Elo -88.7 ± 96.6
  -2.9 ──────────────●·┊··············· +2.9  LLR -0.25
  pentanomial [LL LDg DD WD WW]:  [4 5 3 4 0]
  running…
  17 pairs   34 games   1 g/s · 1m01s
  W 6   L 14   D 14     Elo -74.3 ± 93.8
  -2.9 ──────────────●·┊··············· +2.9  LLR -0.22
  pentanomial [LL LDg DD WD WW]:  [4 5 3 5 0]
  running…
  18 pairs   36 games   1 g/s · 1m06s
  W 7   L 15   D 14     Elo -70.4 ± 89.0
  -2.9 ──────────────●·┊··············· +2.9  LLR -0.23
  pentanomial [LL LDg DD WD WW]:  [4 5 4 5 0]
  running…
  19 pairs   38 games   1 g/s · 1m08s
  W 8   L 15   D 15     Elo -58.5 ± 86.8
  -2.9 ──────────────●·┊··············· +2.9  LLR -0.20
  pentanomial [LL LDg DD WD WW]:  [4 5 4 6 0]
  running…
  20 pairs   40 games   1 g/s · 1m14s
  W 8   L 16   D 16     Elo -63.9 ± 83.9
  -2.9 ──────────────●·┊··············· +2.9  LLR -0.23
  pentanomial [LL LDg DD WD WW]:  [4 6 4 6 0]
  running…
  21 pairs   42 games   1 g/s · 1m14s
  W 8   L 16   D 18     Elo -61.0 ± 80.2
  -2.9 ──────────────●·┊··············· +2.9  LLR -0.24
  pentanomial [LL LDg DD WD WW]:  [4 6 5 6 0]
  running…
  22 pairs   44 games   1 g/s · 1m15s
  W 9   L 16   D 19     Elo -51.0 ± 78.5
  -2.9 ──────────────●·┊··············· +2.9  LLR -0.21
  pentanomial [LL LDg DD WD WW]:  [4 6 5 7 0]
  running…
  23 pairs   46 games   1 g/s · 1m16s
  W 9   L 17   D 20     Elo -56.1 ± 76.4
  -2.9 ──────────────●·┊··············· +2.9  LLR -0.24
  pentanomial [LL LDg DD WD WW]:  [4 7 5 7 0]
  running…
  24 pairs   48 games   1 g/s · 1m18s
  W 9   L 19   D 20     Elo -67.7 ± 77.6
  -2.9 ──────────────●·┊··············· +2.9  LLR -0.29
  pentanomial [LL LDg DD WD WW]:  [5 7 5 7 0]
  running…
  25 pairs   50 games   1 g/s · 1m19s
  W 10   L 19   D 21     Elo -58.5 ± 76.1
  -2.9 ──────────────●·┊··············· +2.9  LLR -0.26
  pentanomial [LL LDg DD WD WW]:  [5 7 5 8 0]
  running…
  26 pairs   52 games   1 g/s · 1m28s
  W 10   L 20   D 22     Elo -62.7 ± 74.1
  -2.9 ──────────────●·┊··············· +2.9  LLR -0.29
  pentanomial [LL LDg DD WD WW]:  [5 8 5 8 0]
  running…
  27 pairs   54 games   1 g/s · 1m28s
  W 10   L 20   D 24     Elo -60.5 ± 71.5
  -2.9 ──────────────●·┊··············· +2.9  LLR -0.30
  pentanomial [LL LDg DD WD WW]:  [5 8 6 8 0]
  running…
  28 pairs   56 games   1 g/s · 1m31s
  W 10   L 21   D 25     Elo -64.4 ± 69.8
  -2.9 ──────────────●·┊··············· +2.9  LLR -0.34
  pentanomial [LL LDg DD WD WW]:  [5 9 6 8 0]
  running…
  29 pairs   58 games   1 g/s · 1m34s
  W 10   L 23   D 25     Elo -73.9 ± 70.8
  -2.9 ─────────────●··┊··············· +2.9  LLR -0.38
  pentanomial [LL LDg DD WD WW]:  [6 9 6 8 0]
  running…
  30 pairs   60 games   1 g/s · 1m40s
  W 11   L 23   D 26     Elo -65.9 ± 69.7
  -2.9 ──────────────●·┊··············· +2.9  LLR -0.35
  pentanomial [LL LDg DD WD WW]:  [6 9 6 9 0]
  running…
  31 pairs   62 games   1 g/s · 1m42s
  W 11   L 25   D 26     Elo -74.8 ± 70.4
  -2.9 ─────────────●··┊··············· +2.9  LLR -0.39
  pentanomial [LL LDg DD WD WW]:  [7 9 6 9 0]
  running…
  32 pairs   64 games   1 g/s · 1m42s
  W 11   L 26   D 27     Elo -77.9 ± 68.9
  -2.9 ─────────────●··┊··············· +2.9  LLR -0.43
  pentanomial [LL LDg DD WD WW]:  [7 10 6 9 0]
  running…
  33 pairs   66 games   1 g/s · 1m50s
  W 12   L 27   D 27     Elo -75.6 ± 66.8
  -2.9 ─────────────●··┊··············· +2.9  LLR -0.44
  pentanomial [LL LDg DD WD WW]:  [7 10 7 9 0]
  running…
  34 pairs   68 games   1 g/s · 1m50s
  W 13   L 27   D 28     Elo -68.4 ± 65.9
  -2.9 ─────────────●··┊··············· +2.9  LLR -0.40
  pentanomial [LL LDg DD WD WW]:  [7 10 7 10 0]
  running…
  35 pairs   70 games   1 g/s · 1m55s
  W 13   L 28   D 29     Elo -71.4 ± 64.6
  -2.9 ─────────────●··┊··············· +2.9  LLR -0.44
  pentanomial [LL LDg DD WD WW]:  [7 11 7 10 0]
  running…
  36 pairs   72 games   1 g/s · 1m55s
  W 14   L 28   D 30     Elo -64.7 ± 63.7
  -2.9 ─────────────●··┊··············· +2.9  LLR -0.41
  pentanomial [LL LDg DD WD WW]:  [7 11 7 11 0]
  running…
  37 pairs   74 games   1 g/s · 1m59s
  W 14   L 28   D 32     Elo -63.0 ± 62.1
  -2.9 ─────────────●··┊··············· +2.9  LLR -0.42
  pentanomial [LL LDg DD WD WW]:  [7 11 8 11 0]
  running…
  38 pairs   76 games   1 g/s · 2m01s
  W 15   L 28   D 33     Elo -57.0 ± 61.3
  -2.9 ─────────────●··┊··············· +2.9  LLR -0.38
  pentanomial [LL LDg DD WD WW]:  [7 11 8 12 0]
  running…
  39 pairs   78 games   1 g/s · 2m03s
  W 15   L 30   D 33     Elo -64.3 ± 61.9
  -2.9 ─────────────●··┊··············· +2.9  LLR -0.43
  pentanomial [LL LDg DD WD WW]:  [8 11 8 12 0]
  running…
  40 pairs   80 games   1 g/s · 2m04s
  W 15   L 31   D 34     Elo -67.0 ± 60.8
  -2.9 ─────────────●··┊··············· +2.9  LLR -0.46
  pentanomial [LL LDg DD WD WW]:  [8 12 8 12 0]
  running…
  41 pairs   82 games   1 g/s · 2m09s
  W 16   L 31   D 35     Elo -61.2 ± 60.1
  -2.9 ─────────────●··┊··············· +2.9  LLR -0.43
  pentanomial [LL LDg DD WD WW]:  [8 12 8 13 0]
  running…
  42 pairs   84 games   1 g/s · 2m09s
  W 16   L 31   D 37     Elo -59.8 ± 58.7
  -2.9 ─────────────●··┊··············· +2.9  LLR -0.44
  pentanomial [LL LDg DD WD WW]:  [8 12 9 13 0]
  running…
  43 pairs   86 games   1 g/s · 2m14s
  W 16   L 32   D 38     Elo -62.4 ± 57.8
  -2.9 ─────────────●··┊··············· +2.9  LLR -0.48
  pentanomial [LL LDg DD WD WW]:  [8 13 9 13 0]
  running…
  44 pairs   88 games   1 g/s · 2m16s
  W 16   L 33   D 39     Elo -64.9 ± 56.9
  -2.9 ─────────────●··┊··············· +2.9  LLR -0.51
  pentanomial [LL LDg DD WD WW]:  [8 14 9 13 0]
  running…
  45 pairs   90 games   1 g/s · 2m18s
  W 16   L 35   D 39     Elo -71.2 ± 57.4
  -2.9 ─────────────●··┊··············· +2.9  LLR -0.56
  pentanomial [LL LDg DD WD WW]:  [9 14 9 13 0]
  running…
  46 pairs   92 games   1 g/s · 2m27s
  W 16   L 36   D 40     Elo -73.5 ± 56.5
  -2.9 ────────────●···┊··············· +2.9  LLR -0.59
  pentanomial [LL LDg DD WD WW]:  [9 15 9 13 0]
  running…
  47 pairs   94 games   1 g/s · 2m27s
  W 17   L 36   D 41     Elo -68.2 ± 55.9
  -2.9 ─────────────●··┊··············· +2.9  LLR -0.56
  pentanomial [LL LDg DD WD WW]:  [9 15 9 14 0]
  running…
  48 pairs   96 games   1 g/s · 2m28s
  W 17   L 38   D 41     Elo -74.1 ± 56.4
  -2.9 ────────────●···┊··············· +2.9  LLR -0.60
  pentanomial [LL LDg DD WD WW]:  [10 15 9 14 0]
  running…
  49 pairs   98 games   1 g/s · 2m32s
  W 18   L 38   D 42     Elo -69.0 ± 55.8
  -2.9 ─────────────●··┊··············· +2.9  LLR -0.57
  pentanomial [LL LDg DD WD WW]:  [10 15 9 15 0]
  running…
  50 pairs   100 games   1 g/s · 2m35s
  W 19   L 39   D 42     Elo -67.7 ± 54.7
  -2.9 ────────────●···┊··············· +2.9  LLR -0.58
  pentanomial [LL LDg DD WD WW]:  [10 15 10 15 0]
  running…
  51 pairs   102 games   1 g/s · 2m42s
  W 20   L 39   D 43     Elo -63.0 ± 54.2
  -2.9 ─────────────●··┊··············· +2.9  LLR -0.55
  pentanomial [LL LDg DD WD WW]:  [10 15 10 16 0]
  running…
  52 pairs   104 games   1 g/s · 2m43s
  W 20   L 40   D 44     Elo -65.1 ± 53.4
  -2.9 ────────────●···┊··············· +2.9  LLR -0.58
  pentanomial [LL LDg DD WD WW]:  [10 16 10 16 0]
  running…
  53 pairs   106 games   1 g/s · 2m44s
  W 20   L 40   D 46     Elo -63.9 ± 52.5
  -2.9 ────────────●···┊··············· +2.9  LLR -0.59
  pentanomial [LL LDg DD WD WW]:  [10 16 11 16 0]
  running…
  54 pairs   108 games   1 g/s · 2m45s
  W 20   L 42   D 46     Elo -69.1 ± 52.8
  -2.9 ────────────●···┊··············· +2.9  LLR -0.64
  pentanomial [LL LDg DD WD WW]:  [11 16 11 16 0]
  running…
  55 pairs   110 games   1 g/s · 2m46s
  W 21   L 42   D 47     Elo -64.7 ± 52.3
  -2.9 ────────────●···┊··············· +2.9  LLR -0.60
  pentanomial [LL LDg DD WD WW]:  [11 16 11 17 0]
  running…
  56 pairs   112 games   1 g/s · 2m48s
  W 22   L 42   D 48     Elo -60.5 ± 51.9
  -2.9 ────────────●···┊··············· +2.9  LLR -0.57
  pentanomial [LL LDg DD WD WW]:  [11 16 11 18 0]
  running…
  57 pairs   114 games   1 g/s · 2m51s
  W 22   L 43   D 49     Elo -62.5 ± 51.2
  -2.9 ────────────●···┊··············· +2.9  LLR -0.61
  pentanomial [LL LDg DD WD WW]:  [11 17 11 18 0]
  running…
  58 pairs   116 games   1 g/s · 2m57s
  W 22   L 43   D 51     Elo -61.4 ± 50.4
  -2.9 ────────────●···┊··············· +2.9  LLR -0.62
  pentanomial [LL LDg DD WD WW]:  [11 17 12 18 0]
  running…
  59 pairs   118 games   1 g/s · 3m00s
  W 22   L 44   D 52     Elo -63.3 ± 49.8
  -2.9 ────────────●···┊··············· +2.9  LLR -0.65
  pentanomial [LL LDg DD WD WW]:  [11 18 12 18 0]
  running…
  60 pairs   120 games   1 g/s · 3m01s
  W 22   L 45   D 53     Elo -65.2 ± 49.2
  -2.9 ────────────●···┊··············· +2.9  LLR -0.69
  pentanomial [LL LDg DD WD WW]:  [11 19 12 18 0]
  running…
  61 pairs   122 games   1 g/s · 3m03s
  W 22   L 47   D 53     Elo -69.9 ± 49.5
  -2.9 ────────────●···┊··············· +2.9  LLR -0.73
  pentanomial [LL LDg DD WD WW]:  [12 19 12 18 0]
  running…
  62 pairs   124 games   1 g/s · 3m09s
  W 23   L 47   D 54     Elo -65.9 ± 49.1
  -2.9 ────────────●···┊··············· +2.9  LLR -0.70
  pentanomial [LL LDg DD WD WW]:  [12 19 12 19 0]
  running…
  63 pairs   126 games   1 g/s · 3m10s
  W 23   L 48   D 55     Elo -67.7 ± 48.6
  -2.9 ────────────●···┊··············· +2.9  LLR -0.73
  pentanomial [LL LDg DD WD WW]:  [12 20 12 19 0]
  running…
  64 pairs   128 games   1 g/s · 3m12s
  W 23   L 50   D 55     Elo -72.1 ± 48.9
  -2.9 ───────────●····┊··············· +2.9  LLR -0.78
  pentanomial [LL LDg DD WD WW]:  [13 20 12 19 0]
  running…
  65 pairs   130 games   1 g/s · 3m19s
  W 24   L 50   D 56     Elo -68.3 ± 48.5
  -2.9 ────────────●···┊··············· +2.9  LLR -0.75
  pentanomial [LL LDg DD WD WW]:  [13 20 12 20 0]
  running…
  66 pairs   132 games   1 g/s · 3m20s
  W 25   L 51   D 56     Elo -67.2 ± 47.8
  -2.9 ────────────●···┊··············· +2.9  LLR -0.76
  pentanomial [LL LDg DD WD WW]:  [13 20 13 20 0]
  running…
  67 pairs   134 games   1 g/s · 3m27s
  W 26   L 51   D 57     Elo -63.6 ± 47.4
  -2.9 ────────────●···┊··············· +2.9  LLR -0.72
  pentanomial [LL LDg DD WD WW]:  [13 20 13 21 0]
  running…
  68 pairs   136 games   1 g/s · 3m27s
  W 26   L 52   D 58     Elo -65.3 ± 46.9
  -2.9 ────────────●···┊··············· +2.9  LLR -0.76
  pentanomial [LL LDg DD WD WW]:  [13 21 13 21 0]
  running…
  69 pairs   138 games   1 g/s · 3m29s
  W 26   L 52   D 60     Elo -64.3 ± 46.2
  -2.9 ───────────●····┊··············· +2.9  LLR -0.77
  pentanomial [LL LDg DD WD WW]:  [13 21 14 21 0]
  running…
  70 pairs   140 games   1 g/s · 3m30s
  W 26   L 54   D 60     Elo -68.4 ± 46.5
  -2.9 ───────────●····┊··············· +2.9  LLR -0.81
  pentanomial [LL LDg DD WD WW]:  [14 21 14 21 0]
  running…
  71 pairs   142 games   1 g/s · 3m31s
  W 27   L 54   D 61     Elo -65.0 ± 46.2
  -2.9 ───────────●····┊··············· +2.9  LLR -0.78
  pentanomial [LL LDg DD WD WW]:  [14 21 14 22 0]
  running…
  72 pairs   144 games   1 g/s · 3m33s
  W 27   L 55   D 62     Elo -66.5 ± 45.7
  -2.9 ───────────●····┊··············· +2.9  LLR -0.82
  pentanomial [LL LDg DD WD WW]:  [14 22 14 22 0]
  running…
  73 pairs   146 games   1 g/s · 3m37s
  W 28   L 55   D 63     Elo -63.2 ± 45.4
  -2.9 ───────────●····┊··············· +2.9  LLR -0.78
  pentanomial [LL LDg DD WD WW]:  [14 22 14 23 0]
  running…
  74 pairs   148 games   1 g/s · 3m41s
  W 28   L 55   D 65     Elo -62.4 ± 44.8
  -2.9 ───────────●····┊··············· +2.9  LLR -0.79
  pentanomial [LL LDg DD WD WW]:  [14 22 15 23 0]
  running…
  75 pairs   150 games   1 g/s · 3m43s
  W 28   L 56   D 66     Elo -63.9 ± 44.4
  -2.9 ───────────●····┊··············· +2.9  LLR -0.83
  pentanomial [LL LDg DD WD WW]:  [14 23 15 23 0]
  running…
  76 pairs   152 games   1 g/s · 3m46s
  W 28   L 57   D 67     Elo -65.3 ± 44.0
  -2.9 ───────────●····┊··············· +2.9  LLR -0.86
  pentanomial [LL LDg DD WD WW]:  [14 24 15 23 0]
  running…
  77 pairs   154 games   1 g/s · 3m46s
  W 28   L 59   D 67     Elo -69.1 ± 44.2
  -2.9 ───────────●····┊··············· +2.9  LLR -0.91
  pentanomial [LL LDg DD WD WW]:  [15 24 15 23 0]
  running…
  78 pairs   156 games   1 g/s · 3m55s
  W 28   L 60   D 68     Elo -70.4 ± 43.8
  -2.9 ───────────●····┊··············· +2.9  LLR -0.94
  pentanomial [LL LDg DD WD WW]:  [15 25 15 23 0]
  running…
  79 pairs   158 games   1 g/s · 3m55s
  W 29   L 60   D 69     Elo -67.3 ± 43.5
  -2.9 ───────────●····┊··············· +2.9  LLR -0.91
  pentanomial [LL LDg DD WD WW]:  [15 25 15 24 0]
  running…
  80 pairs   160 games   1 g/s · 3m56s
  W 29   L 62   D 69     Elo -70.9 ± 43.7
  -2.9 ──────────●·····┊··············· +2.9  LLR -0.95
  pentanomial [LL LDg DD WD WW]:  [16 25 15 24 0]
  running…
  81 pairs   162 games   1 g/s · 4m01s
  W 30   L 62   D 70     Elo -67.8 ± 43.5
  -2.9 ───────────●····┊··············· +2.9  LLR -0.92
  pentanomial [LL LDg DD WD WW]:  [16 25 15 25 0]
  running…
  82 pairs   164 games   1 g/s · 4m03s
  W 31   L 63   D 70     Elo -67.0 ± 42.9
  -2.9 ───────────●····┊··············· +2.9  LLR -0.93
  pentanomial [LL LDg DD WD WW]:  [16 25 16 25 0]
  running…
  83 pairs   166 games   1 g/s · 4m09s
  W 32   L 63   D 71     Elo -64.1 ± 42.7
  -2.9 ───────────●····┊··············· +2.9  LLR -0.90
  pentanomial [LL LDg DD WD WW]:  [16 25 16 26 0]
  running…
  84 pairs   168 games   1 g/s · 4m12s
  W 32   L 64   D 72     Elo -65.4 ± 42.3
  -2.9 ───────────●····┊··············· +2.9  LLR -0.93
  pentanomial [LL LDg DD WD WW]:  [16 26 16 26 0]
  running…
  85 pairs   170 games   1 g/s · 4m13s
  W 32   L 64   D 74     Elo -64.6 ± 41.8
  -2.9 ───────────●····┊··············· +2.9  LLR -0.94
  pentanomial [LL LDg DD WD WW]:  [16 26 17 26 0]
  running…
  86 pairs   172 games   1 g/s · 4m13s
  W 32   L 66   D 74     Elo -68.0 ± 42.0
  -2.9 ──────────●·····┊··············· +2.9  LLR -0.99
  pentanomial [LL LDg DD WD WW]:  [17 26 17 26 0]
  running…
  87 pairs   174 games   1 g/s · 4m15s
  W 33   L 66   D 75     Elo -65.2 ± 41.8
  -2.9 ──────────●·····┊··············· +2.9  LLR -0.95
  pentanomial [LL LDg DD WD WW]:  [17 26 17 27 0]
  running…
  88 pairs   176 games   1 g/s · 4m18s
  W 33   L 67   D 76     Elo -66.4 ± 41.4
  -2.9 ──────────●·····┊··············· +2.9  LLR -0.99
  pentanomial [LL LDg DD WD WW]:  [17 27 17 27 0]
  running…
  89 pairs   178 games   1 g/s · 4m19s
  W 34   L 67   D 77     Elo -63.7 ± 41.2
  -2.9 ──────────●·····┊··············· +2.9  LLR -0.96
  pentanomial [LL LDg DD WD WW]:  [17 27 17 28 0]
  running…
  90 pairs   180 games   1 g/s · 4m27s
  W 34   L 67   D 79     Elo -63.0 ± 40.7
  -2.9 ──────────●·····┊··············· +2.9  LLR -0.97
  pentanomial [LL LDg DD WD WW]:  [17 27 18 28 0]
  running…
  91 pairs   182 games   1 g/s · 4m28s
  W 34   L 68   D 80     Elo -64.2 ± 40.4
  -2.9 ──────────●·····┊··············· +2.9  LLR -1.00
  pentanomial [LL LDg DD WD WW]:  [17 28 18 28 0]
  running…
  92 pairs   184 games   1 g/s · 4m28s
  W 34   L 69   D 81     Elo -65.4 ± 40.1
  -2.9 ──────────●·····┊··············· +2.9  LLR -1.04
  pentanomial [LL LDg DD WD WW]:  [17 29 18 28 0]
  running…
  93 pairs   186 games   1 g/s · 4m31s
  W 34   L 71   D 81     Elo -68.5 ± 40.3
  -2.9 ──────────●·····┊··············· +2.9  LLR -1.08
  pentanomial [LL LDg DD WD WW]:  [18 29 18 28 0]
  running…
  94 pairs   188 games   1 g/s · 4m38s
  W 35   L 71   D 82     Elo -65.9 ± 40.1
  -2.9 ──────────●·····┊··············· +2.9  LLR -1.05
  pentanomial [LL LDg DD WD WW]:  [18 29 18 29 0]
  running…
  95 pairs   190 games   1 g/s · 4m40s
  W 35   L 72   D 83     Elo -67.1 ± 39.8
  -2.9 ──────────●·····┊··············· +2.9  LLR -1.09
  pentanomial [LL LDg DD WD WW]:  [18 30 18 29 0]
  running…
  96 pairs   192 games   1 g/s · 4m41s
  W 35   L 74   D 83     Elo -70.1 ± 39.9
  -2.9 ──────────●·····┊··············· +2.9  LLR -1.13
  pentanomial [LL LDg DD WD WW]:  [19 30 18 29 0]
  running…
  97 pairs   194 games   1 g/s · 4m45s
  W 36   L 74   D 84     Elo -67.5 ± 39.7
  -2.9 ──────────●·····┊··············· +2.9  LLR -1.10
  pentanomial [LL LDg DD WD WW]:  [19 30 18 30 0]
  running…
  98 pairs   196 games   1 g/s · 4m46s
  W 37   L 75   D 84     Elo -66.8 ± 39.3
  -2.9 ──────────●·····┊··············· +2.9  LLR -1.11
  pentanomial [LL LDg DD WD WW]:  [19 30 19 30 0]
  running…
  99 pairs   198 games   1 g/s · 4m54s
  W 38   L 75   D 85     Elo -64.4 ± 39.1
  -2.9 ──────────●·····┊··············· +2.9  LLR -1.07
  pentanomial [LL LDg DD WD WW]:  [19 30 19 31 0]
  running…
  100 pairs   200 games   1 g/s · 4m55s
  W 38   L 76   D 86     Elo -65.5 ± 38.9
  -2.9 ──────────●·····┊··············· +2.9  LLR -1.11
  pentanomial [LL LDg DD WD WW]:  [19 31 19 31 0]
  running…
  101 pairs   202 games   1 g/s · 4m58s
  W 38   L 76   D 88     Elo -64.8 ± 38.5
  -2.9 ──────────●·····┊··············· +2.9  LLR -1.12
  pentanomial [LL LDg DD WD WW]:  [19 31 20 31 0]
  running…
  102 pairs   204 games   1 g/s · 4m59s
  W 39   L 76   D 89     Elo -62.5 ± 38.3
  -2.9 ──────────●·····┊··············· +2.9  LLR -1.09
  pentanomial [LL LDg DD WD WW]:  [19 31 20 32 0]
  running…
  103 pairs   206 games   1 g/s · 4m59s
  W 39   L 78   D 89     Elo -65.3 ± 38.4
  -2.9 ──────────●·····┊··············· +2.9  LLR -1.13
  pentanomial [LL LDg DD WD WW]:  [20 31 20 32 0]
  running…
  104 pairs   208 games   1 g/s · 5m02s
  W 39   L 79   D 90     Elo -66.3 ± 38.2
  -2.9 ─────────●······┊··············· +2.9  LLR -1.17
  pentanomial [LL LDg DD WD WW]:  [20 32 20 32 0]
  running…
  105 pairs   210 games   1 g/s · 5m07s
  W 40   L 79   D 91     Elo -64.0 ± 38.0
  -2.9 ──────────●·····┊··············· +2.9  LLR -1.13
  pentanomial [LL LDg DD WD WW]:  [20 32 20 33 0]
  running…
  106 pairs   212 games   1 g/s · 5m09s
  W 40   L 79   D 93     Elo -63.4 ± 37.6
  -2.9 ─────────●······┊··············· +2.9  LLR -1.14
  pentanomial [LL LDg DD WD WW]:  [20 32 21 33 0]
  running…
  107 pairs   214 games   1 g/s · 5m13s
  W 40   L 80   D 94     Elo -64.5 ± 37.4
  -2.9 ─────────●······┊··············· +2.9  LLR -1.18
  pentanomial [LL LDg DD WD WW]:  [20 33 21 33 0]
  running…
  108 pairs   216 games   1 g/s · 5m14s
  W 40   L 81   D 95     Elo -65.5 ± 37.1
  -2.9 ─────────●······┊··············· +2.9  LLR -1.22
  pentanomial [LL LDg DD WD WW]:  [20 34 21 33 0]
  running…
  109 pairs   218 games   1 g/s · 5m15s
  W 40   L 83   D 95     Elo -68.2 ± 37.3
  -2.9 ─────────●······┊··············· +2.9  LLR -1.26
  pentanomial [LL LDg DD WD WW]:  [21 34 21 33 0]
  running…
  110 pairs   220 games   1 g/s · 5m23s
  W 41   L 83   D 96     Elo -65.9 ± 37.1
  -2.9 ─────────●······┊··············· +2.9  LLR -1.23
  pentanomial [LL LDg DD WD WW]:  [21 34 21 34 0]
  running…
  111 pairs   222 games   1 g/s · 5m24s
  W 41   L 85   D 96     Elo -68.5 ± 37.2
  -2.9 ─────────●······┊··············· +2.9  LLR -1.27
  pentanomial [LL LDg DD WD WW]:  [22 34 21 34 0]
  running…
  112 pairs   224 games   1 g/s · 5m26s
  W 41   L 86   D 97     Elo -69.5 ± 37.0
  -2.9 ─────────●······┊··············· +2.9  LLR -1.31
  pentanomial [LL LDg DD WD WW]:  [22 35 21 34 0]
  running…
  113 pairs   226 games   1 g/s · 5m31s
  W 42   L 86   D 98     Elo -67.3 ± 36.8
  -2.9 ─────────●······┊··············· +2.9  LLR -1.27
  pentanomial [LL LDg DD WD WW]:  [22 35 21 35 0]
  running…
  114 pairs   228 games   1 g/s · 5m33s
  W 43   L 87   D 98     Elo -66.7 ± 36.5
  -2.9 ─────────●······┊··············· +2.9  LLR -1.28
  pentanomial [LL LDg DD WD WW]:  [22 35 22 35 0]
  running…
  115 pairs   230 games   1 g/s · 5m41s
  W 44   L 87   D 99     Elo -64.6 ± 36.3
  -2.9 ─────────●······┊··············· +2.9  LLR -1.25
  pentanomial [LL LDg DD WD WW]:  [22 35 22 36 0]
  running…
  116 pairs   232 games   1 g/s · 5m42s
  W 44   L 88   D 100     Elo -65.5 ± 36.1
  -2.9 ─────────●······┊··············· +2.9  LLR -1.29
  pentanomial [LL LDg DD WD WW]:  [22 36 22 36 0]
  running…
  118 pairs   236 games   1 g/s · 5m43s
  W 44   L 90   D 102     Elo -67.4 ± 35.9
  -2.9 ────────●·······┊··············· +2.9  LLR -1.34
  pentanomial [LL LDg DD WD WW]:  [23 36 23 36 0]
  running…
  119 pairs   238 games   1 g/s · 5m44s
  W 45   L 90   D 103     Elo -65.4 ± 35.8
  -2.9 ─────────●······┊··············· +2.9  LLR -1.31
  pentanomial [LL LDg DD WD WW]:  [23 36 23 37 0]
  running…
  120 pairs   240 games   1 g/s · 5m48s
  W 45   L 91   D 104     Elo -66.3 ± 35.6
  -2.9 ────────●·······┊··············· +2.9  LLR -1.34
  pentanomial [LL LDg DD WD WW]:  [23 37 23 37 0]
  running…
  121 pairs   242 games   1 g/s · 5m49s
  W 46   L 91   D 105     Elo -64.3 ± 35.4
  -2.9 ─────────●······┊··············· +2.9  LLR -1.31
  pentanomial [LL LDg DD WD WW]:  [23 37 23 38 0]
  running…
  122 pairs   244 games   1 g/s · 5m58s
  W 46   L 91   D 107     Elo -63.7 ± 35.1
  -2.9 ─────────●······┊··············· +2.9  LLR -1.32
  pentanomial [LL LDg DD WD WW]:  [23 37 24 38 0]
  running…
  123 pairs   246 games   1 g/s · 6m00s
  W 46   L 92   D 108     Elo -64.7 ± 34.9
  -2.9 ────────●·······┊··············· +2.9  LLR -1.35
  pentanomial [LL LDg DD WD WW]:  [23 38 24 38 0]
  running…
  124 pairs   248 games   1 g/s · 6m02s
  W 46   L 93   D 109     Elo -65.6 ± 34.7
  -2.9 ────────●·······┊··············· +2.9  LLR -1.39
  pentanomial [LL LDg DD WD WW]:  [23 39 24 38 0]
  running…
  125 pairs   250 games   1 g/s · 6m03s
  W 46   L 95   D 109     Elo -67.9 ± 34.8
  -2.9 ────────●·······┊··············· +2.9  LLR -1.43
  pentanomial [LL LDg DD WD WW]:  [24 39 24 38 0]
  running…
  126 pairs   252 games   1 g/s · 6m11s
  W 47   L 95   D 110     Elo -65.9 ± 34.7
  -2.9 ────────●·······┊··············· +2.9  LLR -1.40
  pentanomial [LL LDg DD WD WW]:  [24 39 24 39 0]
  running…
  127 pairs   254 games   1 g/s · 6m11s
  W 47   L 97   D 110     Elo -68.2 ± 34.8
  -2.9 ────────●·······┊··············· +2.9  LLR -1.45
  pentanomial [LL LDg DD WD WW]:  [25 39 24 39 0]
  running…
  128 pairs   256 games   1 g/s · 6m12s
  W 47   L 98   D 111     Elo -69.0 ± 34.6
  -2.9 ────────●·······┊··············· +2.9  LLR -1.48
  pentanomial [LL LDg DD WD WW]:  [25 40 24 39 0]
  running…
  129 pairs   258 games   1 g/s · 6m18s
  W 48   L 98   D 112     Elo -67.1 ± 34.5
  -2.9 ────────●·······┊··············· +2.9  LLR -1.45
  pentanomial [LL LDg DD WD WW]:  [25 40 24 40 0]
  running…
  130 pairs   260 games   1 g/s · 6m19s
  W 49   L 99   D 112     Elo -66.6 ± 34.2
  -2.9 ────────●·······┊··············· +2.9  LLR -1.46
  pentanomial [LL LDg DD WD WW]:  [25 40 25 40 0]
  running…
  131 pairs   262 games   1 g/s · 6m27s
  W 49   L 100   D 113     Elo -67.4 ± 34.0
  -2.9 ────────●·······┊··············· +2.9  LLR -1.49
  pentanomial [LL LDg DD WD WW]:  [25 41 25 40 0]
  running…
  132 pairs   264 games   1 g/s · 6m28s
  W 50   L 100   D 114     Elo -65.6 ± 33.9
  -2.9 ────────●·······┊··············· +2.9  LLR -1.46
  pentanomial [LL LDg DD WD WW]:  [25 41 25 41 0]
  running…
  133 pairs   266 games   1 g/s · 6m30s
  W 50   L 100   D 116     Elo -65.1 ± 33.6
  -2.9 ────────●·······┊··············· +2.9  LLR -1.47
  pentanomial [LL LDg DD WD WW]:  [25 41 26 41 0]
  running…
  134 pairs   268 games   1 g/s · 6m32s
  W 50   L 102   D 116     Elo -67.2 ± 33.7
  -2.9 ────────●·······┊··············· +2.9  LLR -1.51
  pentanomial [LL LDg DD WD WW]:  [26 41 26 41 0]
  running…
  135 pairs   270 games   1 g/s · 6m33s
  W 51   L 102   D 117     Elo -65.4 ± 33.6
  -2.9 ────────●·······┊··············· +2.9  LLR -1.48
  pentanomial [LL LDg DD WD WW]:  [26 41 26 42 0]
  running…
  136 pairs   272 games   1 g/s · 6m37s
  W 51   L 103   D 118     Elo -66.3 ± 33.4
  -2.9 ────────●·······┊··············· +2.9  LLR -1.52
  pentanomial [LL LDg DD WD WW]:  [26 42 26 42 0]
  running…
  137 pairs   274 games   1 g/s · 6m39s
  W 52   L 103   D 119     Elo -64.5 ± 33.3
  -2.9 ────────●·······┊··············· +2.9  LLR -1.48
  pentanomial [LL LDg DD WD WW]:  [26 42 26 43 0]
  running…
  138 pairs   276 games   1 g/s · 6m43s
  W 52   L 103   D 121     Elo -64.0 ± 33.1
  -2.9 ────────●·······┊··············· +2.9  LLR -1.49
  pentanomial [LL LDg DD WD WW]:  [26 42 27 43 0]
  running…
  139 pairs   278 games   1 g/s · 6m46s
  W 52   L 104   D 122     Elo -64.8 ± 32.9
  -2.9 ───────●········┊··············· +2.9  LLR -1.53
  pentanomial [LL LDg DD WD WW]:  [26 43 27 43 0]
  running…
  140 pairs   280 games   1 g/s · 6m47s
  W 52   L 105   D 123     Elo -65.6 ± 32.7
  -2.9 ───────●········┊··············· +2.9  LLR -1.57
  pentanomial [LL LDg DD WD WW]:  [26 44 27 43 0]
  running…
  141 pairs   282 games   1 g/s · 6m48s
  W 52   L 107   D 123     Elo -67.7 ± 32.8
  -2.9 ───────●········┊··············· +2.9  LLR -1.61
  pentanomial [LL LDg DD WD WW]:  [27 44 27 43 0]
  running…
  142 pairs   284 games   1 g/s · 6m56s
  W 53   L 107   D 124     Elo -65.9 ± 32.7
  -2.9 ───────●········┊··············· +2.9  LLR -1.58
  pentanomial [LL LDg DD WD WW]:  [27 44 27 44 0]
  running…
  143 pairs   286 games   1 g/s · 6m59s
  W 53   L 108   D 125     Elo -66.7 ± 32.5
  -2.9 ───────●········┊··············· +2.9  LLR -1.61
  pentanomial [LL LDg DD WD WW]:  [27 45 27 44 0]
  running…
  144 pairs   288 games   1 g/s · 6m59s
  W 53   L 110   D 125     Elo -68.7 ± 32.6
  -2.9 ───────●········┊··············· +2.9  LLR -1.66
  pentanomial [LL LDg DD WD WW]:  [28 45 27 44 0]
  running…
  145 pairs   290 games   1 g/s · 7m04s
  W 54   L 110   D 126     Elo -67.0 ± 32.5
  -2.9 ───────●········┊··············· +2.9  LLR -1.62
  pentanomial [LL LDg DD WD WW]:  [28 45 27 45 0]
  running…
  146 pairs   292 games   1 g/s · 7m06s
  W 55   L 111   D 126     Elo -66.5 ± 32.3
  -2.9 ───────●········┊··············· +2.9  LLR -1.63
  pentanomial [LL LDg DD WD WW]:  [28 45 28 45 0]
  running…
  147 pairs   294 games   1 g/s · 7m12s
  W 56   L 111   D 127     Elo -64.9 ± 32.2
  -2.9 ───────●········┊··············· +2.9  LLR -1.60
  pentanomial [LL LDg DD WD WW]:  [28 45 28 46 0]
  running…
  148 pairs   296 games   1 g/s · 7m15s
  W 56   L 112   D 128     Elo -65.6 ± 32.0
  -2.9 ───────●········┊··············· +2.9  LLR -1.64
  pentanomial [LL LDg DD WD WW]:  [28 46 28 46 0]
  running…
  149 pairs   298 games   1 g/s · 7m16s
  W 56   L 114   D 128     Elo -67.6 ± 32.1
  -2.9 ───────●········┊··············· +2.9  LLR -1.68
  pentanomial [LL LDg DD WD WW]:  [29 46 28 46 0]
  running…
  150 pairs   300 games   1 g/s · 7m17s
  W 57   L 114   D 129     Elo -65.9 ± 32.0
  -2.9 ───────●········┊··············· +2.9  LLR -1.65
  pentanomial [LL LDg DD WD WW]:  [29 46 28 47 0]
  running…
  151 pairs   302 games   1 g/s · 7m17s
  W 57   L 114   D 131     Elo -65.5 ± 31.8
  -2.9 ───────●········┊··············· +2.9  LLR -1.66
  pentanomial [LL LDg DD WD WW]:  [29 46 29 47 0]
  running…
  152 pairs   304 games   1 g/s · 7m20s
  W 57   L 115   D 132     Elo -66.2 ± 31.6
  -2.9 ───────●········┊··············· +2.9  LLR -1.69
  pentanomial [LL LDg DD WD WW]:  [29 47 29 47 0]
  running…
  153 pairs   306 games   1 g/s · 7m23s
  W 58   L 115   D 133     Elo -64.6 ± 31.5
  -2.9 ───────●········┊··············· +2.9  LLR -1.66
  pentanomial [LL LDg DD WD WW]:  [29 47 29 48 0]
  running…
  154 pairs   308 games   1 g/s · 7m28s
  W 58   L 115   D 135     Elo -64.2 ± 31.3
  -2.9 ───────●········┊··············· +2.9  LLR -1.67
  pentanomial [LL LDg DD WD WW]:  [29 47 30 48 0]
  running…
  155 pairs   310 games   1 g/s · 7m31s
  W 58   L 116   D 136     Elo -64.9 ± 31.2
  -2.9 ───────●········┊··············· +2.9  LLR -1.71
  pentanomial [LL LDg DD WD WW]:  [29 48 30 48 0]
  running…
  156 pairs   312 games   1 g/s · 7m32s
  W 58   L 117   D 137     Elo -65.6 ± 31.0
  -2.9 ──────●·········┊··············· +2.9  LLR -1.74
  pentanomial [LL LDg DD WD WW]:  [29 49 30 48 0]
  running…
  157 pairs   314 games   1 g/s · 7m34s
  W 58   L 119   D 137     Elo -67.5 ± 31.1
  -2.9 ──────●·········┊··············· +2.9  LLR -1.79
  pentanomial [LL LDg DD WD WW]:  [30 49 30 48 0]
  running…
  158 pairs   316 games   1 g/s · 7m41s
  W 59   L 119   D 138     Elo -65.9 ± 31.0
  -2.9 ──────●·········┊··············· +2.9  LLR -1.75
  pentanomial [LL LDg DD WD WW]:  [30 49 30 49 0]
  running…
  159 pairs   318 games   1 g/s · 7m43s
  W 59   L 121   D 138     Elo -67.7 ± 31.1
  -2.9 ──────●·········┊··············· +2.9  LLR -1.80
  pentanomial [LL LDg DD WD WW]:  [31 49 30 49 0]
  running…
  160 pairs   320 games   1 g/s · 7m44s
  W 59   L 122   D 139     Elo -68.4 ± 31.0
  -2.9 ──────●·········┊··············· +2.9  LLR -1.83
  pentanomial [LL LDg DD WD WW]:  [31 50 30 49 0]
  running…
  161 pairs   322 games   1 g/s · 7m50s
  W 60   L 122   D 140     Elo -66.9 ± 30.9
  -2.9 ──────●·········┊··············· +2.9  LLR -1.80
  pentanomial [LL LDg DD WD WW]:  [31 50 30 50 0]
  running…
  162 pairs   324 games   1 g/s · 7m51s
  W 61   L 123   D 140     Elo -66.5 ± 30.7
  -2.9 ──────●·········┊··············· +2.9  LLR -1.81
  pentanomial [LL LDg DD WD WW]:  [31 50 31 50 0]
  running…
  163 pairs   326 games   1 g/s · 7m58s
  W 62   L 123   D 141     Elo -65.0 ± 30.6
  -2.9 ──────●·········┊··············· +2.9  LLR -1.78
  pentanomial [LL LDg DD WD WW]:  [31 50 31 51 0]
  running…
  164 pairs   328 games   1 g/s · 7m59s
  W 62   L 124   D 142     Elo -65.7 ± 30.4
  -2.9 ──────●·········┊··············· +2.9  LLR -1.81
  pentanomial [LL LDg DD WD WW]:  [31 51 31 51 0]
  running…
  165 pairs   330 games   1 g/s · 8m00s
  W 62   L 124   D 144     Elo -65.3 ± 30.3
  -2.9 ──────●·········┊··············· +2.9  LLR -1.82
  pentanomial [LL LDg DD WD WW]:  [31 51 32 51 0]
  running…
  166 pairs   332 games   1 g/s · 8m02s
  W 62   L 126   D 144     Elo -67.0 ± 30.3
  -2.9 ──────●·········┊··············· +2.9  LLR -1.87
  pentanomial [LL LDg DD WD WW]:  [32 51 32 51 0]
  running…
  167 pairs   334 games   1 g/s · 8m02s
  W 63   L 126   D 145     Elo -65.5 ± 30.2
  -2.9 ──────●·········┊··············· +2.9  LLR -1.83
  pentanomial [LL LDg DD WD WW]:  [32 51 32 52 0]
  running…
  168 pairs   336 games   1 g/s · 8m06s
  W 63   L 127   D 146     Elo -66.2 ± 30.1
  -2.9 ──────●·········┊··············· +2.9  LLR -1.87
  pentanomial [LL LDg DD WD WW]:  [32 52 32 52 0]
  running…
  169 pairs   338 games   1 g/s · 8m08s
  W 64   L 127   D 147     Elo -64.7 ± 30.0
  -2.9 ──────●·········┊··············· +2.9  LLR -1.84
  pentanomial [LL LDg DD WD WW]:  [32 52 32 53 0]
  running…
  170 pairs   340 games   1 g/s · 8m13s
  W 64   L 127   D 149     Elo -64.4 ± 29.8
  -2.9 ──────●·········┊··············· +2.9  LLR -1.85
  pentanomial [LL LDg DD WD WW]:  [32 52 33 53 0]
  running…
  171 pairs   342 games   1 g/s · 8m15s
  W 64   L 128   D 150     Elo -65.0 ± 29.7
  -2.9 ──────●·········┊··············· +2.9  LLR -1.88
  pentanomial [LL LDg DD WD WW]:  [32 53 33 53 0]
  running…
  172 pairs   344 games   1 g/s · 8m17s
  W 64   L 129   D 151     Elo -65.7 ± 29.6
  -2.9 ─────●··········┊··············· +2.9  LLR -1.92
  pentanomial [LL LDg DD WD WW]:  [32 54 33 53 0]
  running…
  173 pairs   346 games   1 g/s · 8m18s
  W 64   L 131   D 151     Elo -67.3 ± 29.7
  -2.9 ─────●··········┊··············· +2.9  LLR -1.96
  pentanomial [LL LDg DD WD WW]:  [33 54 33 53 0]
  running…
  174 pairs   348 games   1 g/s · 8m26s
  W 64   L 132   D 152     Elo -68.0 ± 29.5
  -2.9 ─────●··········┊··············· +2.9  LLR -2.00
  pentanomial [LL LDg DD WD WW]:  [33 55 33 53 0]
  running…
  175 pairs   350 games   1 g/s · 8m27s
  W 64   L 134   D 152     Elo -69.6 ± 29.6
  -2.9 ─────●··········┊··············· +2.9  LLR -2.04
  pentanomial [LL LDg DD WD WW]:  [34 55 33 53 0]
  running…
  176 pairs   352 games   1 g/s · 8m27s
  W 65   L 134   D 153     Elo -68.2 ± 29.5
  -2.9 ─────●··········┊··············· +2.9  LLR -2.01
  pentanomial [LL LDg DD WD WW]:  [34 55 33 54 0]
  running…
  177 pairs   354 games   1 g/s · 8m33s
  W 66   L 134   D 154     Elo -66.8 ± 29.4
  -2.9 ─────●··········┊··············· +2.9  LLR -1.97
  pentanomial [LL LDg DD WD WW]:  [34 55 33 55 0]
  running…
  178 pairs   356 games   1 g/s · 8m35s
  W 67   L 135   D 154     Elo -66.4 ± 29.3
  -2.9 ─────●··········┊··············· +2.9  LLR -1.98
  pentanomial [LL LDg DD WD WW]:  [34 55 34 55 0]
  running…
  179 pairs   358 games   1 g/s · 8m41s
  W 68   L 135   D 155     Elo -65.1 ± 29.2
  -2.9 ─────●··········┊··············· +2.9  LLR -1.95
  pentanomial [LL LDg DD WD WW]:  [34 55 34 56 0]
  running…
  180 pairs   360 games   1 g/s · 8m43s
  W 68   L 136   D 156     Elo -65.7 ± 29.1
  -2.9 ─────●··········┊··············· +2.9  LLR -1.99
  pentanomial [LL LDg DD WD WW]:  [34 56 34 56 0]
  running…
  181 pairs   362 games   1 g/s · 8m45s
  W 68   L 138   D 156     Elo -67.3 ± 29.1
  -2.9 ─────●··········┊··············· +2.9  LLR -2.03
  pentanomial [LL LDg DD WD WW]:  [35 56 34 56 0]
  running…
  182 pairs   364 games   1 g/s · 8m45s
  W 68   L 138   D 158     Elo -66.9 ± 29.0
  -2.9 ─────●··········┊··············· +2.9  LLR -2.04
  pentanomial [LL LDg DD WD WW]:  [35 56 35 56 0]
  running…
  183 pairs   366 games   1 g/s · 8m46s
  W 69   L 138   D 159     Elo -65.6 ± 28.9
  -2.9 ─────●··········┊··············· +2.9  LLR -2.01
  pentanomial [LL LDg DD WD WW]:  [35 56 35 57 0]
  running…
  184 pairs   368 games   1 g/s · 8m50s
  W 69   L 139   D 160     Elo -66.2 ± 28.8
  -2.9 ─────●··········┊··············· +2.9  LLR -2.04
  pentanomial [LL LDg DD WD WW]:  [35 57 35 57 0]
  running…
  185 pairs   370 games   1 g/s · 8m52s
  W 70   L 139   D 161     Elo -64.8 ± 28.7
  -2.9 ─────●··········┊··············· +2.9  LLR -2.01
  pentanomial [LL LDg DD WD WW]:  [35 57 35 58 0]
  running…
  186 pairs   372 games   1 g/s · 8m57s
  W 70   L 139   D 163     Elo -64.5 ± 28.6
  -2.9 ─────●··········┊··············· +2.9  LLR -2.02
  pentanomial [LL LDg DD WD WW]:  [35 57 36 58 0]
  running…
  187 pairs   374 games   1 g/s · 9m00s
  W 70   L 140   D 164     Elo -65.1 ± 28.4
  -2.9 ─────●··········┊··············· +2.9  LLR -2.06
  pentanomial [LL LDg DD WD WW]:  [35 58 36 58 0]
  running…
  188 pairs   376 games   1 g/s · 9m01s
  W 70   L 141   D 165     Elo -65.7 ± 28.3
  -2.9 ────●···········┊··············· +2.9  LLR -2.09
  pentanomial [LL LDg DD WD WW]:  [35 59 36 58 0]
  running…
  189 pairs   378 games   1 g/s · 9m02s
  W 70   L 143   D 165     Elo -67.2 ± 28.4
  -2.9 ────●···········┊··············· +2.9  LLR -2.14
  pentanomial [LL LDg DD WD WW]:  [36 59 36 58 0]
  running…
  190 pairs   380 games   1 g/s · 9m10s
  W 71   L 143   D 166     Elo -65.9 ± 28.3
  -2.9 ────●···········┊··············· +2.9  LLR -2.10
  pentanomial [LL LDg DD WD WW]:  [36 59 36 59 0]
  running…
  191 pairs   382 games   1 g/s · 9m11s
  W 71   L 145   D 166     Elo -67.4 ± 28.4
  -2.9 ────●···········┊··············· +2.9  LLR -2.15
  pentanomial [LL LDg DD WD WW]:  [37 59 36 59 0]
  running…
  192 pairs   384 games   1 g/s · 9m12s
  W 71   L 146   D 167     Elo -68.0 ± 28.3
  -2.9 ────●···········┊··············· +2.9  LLR -2.18
  pentanomial [LL LDg DD WD WW]:  [37 60 36 59 0]
  running…
  193 pairs   386 games   1 g/s · 9m17s
  W 72   L 146   D 168     Elo -66.7 ± 28.2
  -2.9 ────●···········┊··············· +2.9  LLR -2.15
  pentanomial [LL LDg DD WD WW]:  [37 60 36 60 0]
  running…
  194 pairs   388 games   1 g/s · 9m18s
  W 73   L 147   D 168     Elo -66.4 ± 28.0
  -2.9 ────●···········┊··············· +2.9  LLR -2.16
  pentanomial [LL LDg DD WD WW]:  [37 60 37 60 0]
  running…
  195 pairs   390 games   1 g/s · 9m27s
  W 74   L 147   D 169     Elo -65.1 ± 28.0
  -2.9 ────●···········┊··············· +2.9  LLR -2.13
  pentanomial [LL LDg DD WD WW]:  [37 60 37 61 0]
  running…
  196 pairs   392 games   1 g/s · 9m28s
  W 74   L 148   D 170     Elo -65.7 ± 27.9
  -2.9 ────●···········┊··············· +2.9  LLR -2.16
  pentanomial [LL LDg DD WD WW]:  [37 61 37 61 0]
  running…
  197 pairs   394 games   1 g/s · 9m30s
  W 75   L 148   D 171     Elo -64.5 ± 27.8
  -2.9 ────●···········┊··············· +2.9  LLR -2.13
  pentanomial [LL LDg DD WD WW]:  [37 61 37 62 0]
  running…
  198 pairs   396 games   1 g/s · 9m30s
  W 75   L 150   D 171     Elo -65.9 ± 27.9
  -2.9 ────●···········┊··············· +2.9  LLR -2.17
  pentanomial [LL LDg DD WD WW]:  [38 61 37 62 0]
  running…
  199 pairs   398 games   1 g/s · 9m30s
  W 75   L 150   D 173     Elo -65.6 ± 27.7
  -2.9 ────●···········┊··············· +2.9  LLR -2.18
  pentanomial [LL LDg DD WD WW]:  [38 61 38 62 0]
  running…
  200 pairs   400 games   1 g/s · 9m34s
  W 75   L 151   D 174     Elo -66.1 ± 27.6
  -2.9 ────●···········┊··············· +2.9  LLR -2.22
  pentanomial [LL LDg DD WD WW]:  [38 62 38 62 0]
  running…
  201 pairs   402 games   1 g/s · 9m38s
  W 76   L 151   D 175     Elo -64.9 ± 27.5
  -2.9 ────●···········┊··············· +2.9  LLR -2.19
  pentanomial [LL LDg DD WD WW]:  [38 62 38 63 0]
  running…
  202 pairs   404 games   1 g/s · 9m43s
  W 76   L 151   D 177     Elo -64.6 ± 27.4
  -2.9 ────●···········┊··············· +2.9  LLR -2.20
  pentanomial [LL LDg DD WD WW]:  [38 62 39 63 0]
  running…
  203 pairs   406 games   1 g/s · 9m45s
  W 76   L 152   D 178     Elo -65.2 ± 27.3
  -2.9 ────●···········┊··············· +2.9  LLR -2.23
  pentanomial [LL LDg DD WD WW]:  [38 63 39 63 0]
  running…
  204 pairs   408 games   1 g/s · 9m46s
  W 76   L 154   D 178     Elo -66.6 ± 27.4
  -2.9 ────●···········┊··············· +2.9  LLR -2.28
  pentanomial [LL LDg DD WD WW]:  [39 63 39 63 0]
  running…
  205 pairs   410 games   1 g/s · 9m47s
  W 76   L 155   D 179     Elo -67.1 ± 27.3
  -2.9 ───●············┊··············· +2.9  LLR -2.31
  pentanomial [LL LDg DD WD WW]:  [39 64 39 63 0]
  running…
  206 pairs   412 games   1 g/s · 9m55s
  W 77   L 155   D 180     Elo -65.9 ± 27.2
  -2.9 ────●···········┊··············· +2.9  LLR -2.28
  pentanomial [LL LDg DD WD WW]:  [39 64 39 64 0]
  running…
  207 pairs   414 games   1 g/s · 9m56s
  W 77   L 157   D 180     Elo -67.3 ± 27.3
  -2.9 ───●············┊··············· +2.9  LLR -2.32
  pentanomial [LL LDg DD WD WW]:  [40 64 39 64 0]
  running…
  208 pairs   416 games   1 g/s · 9m59s
  W 77   L 158   D 181     Elo -67.9 ± 27.2
  -2.9 ───●············┊··············· +2.9  LLR -2.36
  pentanomial [LL LDg DD WD WW]:  [40 65 39 64 0]
  running…
  209 pairs   418 games   1 g/s · 10m03s
  W 78   L 158   D 182     Elo -66.7 ± 27.1
  -2.9 ───●············┊··············· +2.9  LLR -2.33
  pentanomial [LL LDg DD WD WW]:  [40 65 39 65 0]
  running…
  210 pairs   420 games   1 g/s · 10m06s
  W 79   L 159   D 182     Elo -66.3 ± 27.0
  -2.9 ───●············┊··············· +2.9  LLR -2.34
  pentanomial [LL LDg DD WD WW]:  [40 65 40 65 0]
  running…
  211 pairs   422 games   1 g/s · 10m12s
  W 80   L 159   D 183     Elo -65.2 ± 26.9
  -2.9 ───●············┊··············· +2.9  LLR -2.30
  pentanomial [LL LDg DD WD WW]:  [40 65 40 66 0]
  running…
  212 pairs   424 games   1 g/s · 10m13s
  W 80   L 160   D 184     Elo -65.7 ± 26.8
  -2.9 ───●············┊··············· +2.9  LLR -2.34
  pentanomial [LL LDg DD WD WW]:  [40 66 40 66 0]
  running…
  213 pairs   426 games   1 g/s · 10m15s
  W 80   L 162   D 184     Elo -67.1 ± 26.9
  -2.9 ───●············┊··············· +2.9  LLR -2.38
  pentanomial [LL LDg DD WD WW]:  [41 66 40 66 0]
  running…
  214 pairs   428 games   1 g/s · 10m16s
  W 80   L 162   D 186     Elo -66.8 ± 26.7
  -2.9 ───●············┊··············· +2.9  LLR -2.39
  pentanomial [LL LDg DD WD WW]:  [41 66 41 66 0]
  running…
  215 pairs   430 games   1 g/s · 10m16s
  W 81   L 162   D 187     Elo -65.6 ± 26.7
  -2.9 ───●············┊··············· +2.9  LLR -2.36
  pentanomial [LL LDg DD WD WW]:  [41 66 41 67 0]
  running…
  216 pairs   432 games   1 g/s · 10m19s
  W 81   L 163   D 188     Elo -66.1 ± 26.6
  -2.9 ───●············┊··············· +2.9  LLR -2.40
  pentanomial [LL LDg DD WD WW]:  [41 67 41 67 0]
  running…
  217 pairs   434 games   1 g/s · 10m23s
  W 82   L 163   D 189     Elo -65.0 ± 26.5
  -2.9 ───●············┊··············· +2.9  LLR -2.36
  pentanomial [LL LDg DD WD WW]:  [41 67 41 68 0]
  running…
  218 pairs   436 games   1 g/s · 10m27s
  W 82   L 163   D 191     Elo -64.7 ± 26.4
  -2.9 ───●············┊··············· +2.9  LLR -2.37
  pentanomial [LL LDg DD WD WW]:  [41 67 42 68 0]
  running…
  219 pairs   438 games   1 g/s · 10m29s
  W 82   L 164   D 192     Elo -65.2 ± 26.3
  -2.9 ───●············┊··············· +2.9  LLR -2.41
  pentanomial [LL LDg DD WD WW]:  [41 68 42 68 0]
  running…
  220 pairs   440 games   1 g/s · 10m31s
  W 82   L 165   D 193     Elo -65.7 ± 26.2
  -2.9 ───●············┊··············· +2.9  LLR -2.44
  pentanomial [LL LDg DD WD WW]:  [41 69 42 68 0]
  running…
  221 pairs   442 games   1 g/s · 10m33s
  W 82   L 167   D 193     Elo -67.0 ± 26.3
  -2.9 ──●·············┊··············· +2.9  LLR -2.49
  pentanomial [LL LDg DD WD WW]:  [42 69 42 68 0]
  running…
  222 pairs   444 games   1 g/s · 10m38s
  W 83   L 167   D 194     Elo -65.9 ± 26.2
  -2.9 ───●············┊··············· +2.9  LLR -2.45
  pentanomial [LL LDg DD WD WW]:  [42 69 42 69 0]
  running…
  223 pairs   446 games   1 g/s · 10m40s
  W 83   L 169   D 194     Elo -67.2 ± 26.3
  -2.9 ──●·············┊··············· +2.9  LLR -2.50
  pentanomial [LL LDg DD WD WW]:  [43 69 42 69 0]
  running…
  224 pairs   448 games   1 g/s · 10m41s
  W 83   L 170   D 195     Elo -67.7 ± 26.2
  -2.9 ──●·············┊··············· +2.9  LLR -2.53
  pentanomial [LL LDg DD WD WW]:  [43 70 42 69 0]
  running…
  225 pairs   450 games   1 g/s · 10m47s
  W 84   L 170   D 196     Elo -66.6 ± 26.1
  -2.9 ──●·············┊··············· +2.9  LLR -2.50
  pentanomial [LL LDg DD WD WW]:  [43 70 42 70 0]
  running…
  226 pairs   452 games   1 g/s · 10m48s
  W 85   L 171   D 196     Elo -66.3 ± 26.0
  -2.9 ──●·············┊··············· +2.9  LLR -2.51
  pentanomial [LL LDg DD WD WW]:  [43 70 43 70 0]
  running…
  227 pairs   454 games   1 g/s · 10m54s
  W 86   L 171   D 197     Elo -65.2 ± 25.9
  -2.9 ──●·············┊··············· +2.9  LLR -2.48
  pentanomial [LL LDg DD WD WW]:  [43 70 43 71 0]
  running…
  228 pairs   456 games   1 g/s · 10m56s
  W 86   L 172   D 198     Elo -65.7 ± 25.9
  -2.9 ──●·············┊··············· +2.9  LLR -2.51
  pentanomial [LL LDg DD WD WW]:  [43 71 43 71 0]
  running…
  229 pairs   458 games   1 g/s · 10m58s
  W 86   L 172   D 200     Elo -65.4 ± 25.7
  -2.9 ──●·············┊··············· +2.9  LLR -2.52
  pentanomial [LL LDg DD WD WW]:  [43 71 44 71 0]
  running…
  230 pairs   460 games   1 g/s · 10m59s
  W 86   L 174   D 200     Elo -66.7 ± 25.8
  -2.9 ──●·············┊··············· +2.9  LLR -2.57
  pentanomial [LL LDg DD WD WW]:  [44 71 44 71 0]
  running…
  231 pairs   462 games   1 g/s · 11m00s
  W 87   L 174   D 201     Elo -65.6 ± 25.7
  -2.9 ──●·············┊··············· +2.9  LLR -2.54
  pentanomial [LL LDg DD WD WW]:  [44 71 44 72 0]
  running…
  232 pairs   464 games   1 g/s · 11m00s
  W 87   L 175   D 202     Elo -66.1 ± 25.7
  -2.9 ──●·············┊··············· +2.9  LLR -2.57
  pentanomial [LL LDg DD WD WW]:  [44 72 44 72 0]
  running…
  233 pairs   466 games   1 g/s · 11m04s
  W 88   L 175   D 203     Elo -65.1 ± 25.6
  -2.9 ──●·············┊··············· +2.9  LLR -2.54
  pentanomial [LL LDg DD WD WW]:  [44 72 44 73 0]
  running…
  234 pairs   468 games   1 g/s · 11m10s
  W 88   L 175   D 205     Elo -64.8 ± 25.5
  -2.9 ──●·············┊··············· +2.9  LLR -2.55
  pentanomial [LL LDg DD WD WW]:  [44 72 45 73 0]
  running…
  235 pairs   470 games   1 g/s · 11m12s
  W 88   L 176   D 206     Elo -65.3 ± 25.4
  -2.9 ──●·············┊··············· +2.9  LLR -2.58
  pentanomial [LL LDg DD WD WW]:  [44 73 45 73 0]
  running…
  236 pairs   472 games   1 g/s · 11m12s
  W 88   L 177   D 207     Elo -65.7 ± 25.3
  -2.9 ──●·············┊··············· +2.9  LLR -2.62
  pentanomial [LL LDg DD WD WW]:  [44 74 45 73 0]
  running…
  237 pairs   474 games   1 g/s · 11m14s
  W 88   L 179   D 207     Elo -67.0 ± 25.4
  -2.9 ─●··············┊··············· +2.9  LLR -2.66
  pentanomial [LL LDg DD WD WW]:  [45 74 45 73 0]
  running…
  238 pairs   476 games   1 g/s · 11m21s
  W 89   L 179   D 208     Elo -65.9 ± 25.3
  -2.9 ──●·············┊··············· +2.9  LLR -2.63
  pentanomial [LL LDg DD WD WW]:  [45 74 45 74 0]
  running…
  239 pairs   478 games   1 g/s · 11m23s
  W 89   L 181   D 208     Elo -67.1 ± 25.4
  -2.9 ─●··············┊··············· +2.9  LLR -2.67
  pentanomial [LL LDg DD WD WW]:  [46 74 45 74 0]
  running…
  240 pairs   480 games   1 g/s · 11m23s
  W 89   L 182   D 209     Elo -67.6 ± 25.3
  -2.9 ─●··············┊··············· +2.9  LLR -2.71
  pentanomial [LL LDg DD WD WW]:  [46 75 45 74 0]
  running…
  241 pairs   482 games   1 g/s · 11m28s
  W 90   L 182   D 210     Elo -66.6 ± 25.2
  -2.9 ─●··············┊··············· +2.9  LLR -2.68
  pentanomial [LL LDg DD WD WW]:  [46 75 45 75 0]
  running…
  242 pairs   484 games   1 g/s · 11m31s
  W 91   L 183   D 210     Elo -66.3 ± 25.1
  -2.9 ─●··············┊··············· +2.9  LLR -2.69
  pentanomial [LL LDg DD WD WW]:  [46 75 46 75 0]
  running…
  243 pairs   486 games   1 g/s · 11m36s
  W 92   L 183   D 211     Elo -65.3 ± 25.1
  -2.9 ──●·············┊··············· +2.9  LLR -2.65
  pentanomial [LL LDg DD WD WW]:  [46 75 46 76 0]
  running…
