engine book: 5429 positions loaded from data/book.bin

  ♟  gomachine SPRT  ·  self-play strength test
  lmr2=on,cleanverify=on  vs  baseline  (new vs old)
  patch: lmr2: off→on, cleanverify: off→on
  budget: 40000 nodes/move   · SPRT[0, 6] α=0.05 β=0.05   · 11×TT 16MB

  1 pairs   2 games   0 g/s · 26s
  W 0   L 2   D 0     Elo -120.4 ± 287.4
  -2.9 ───────────────●┊··············· +2.9  LLR -0.04
  pentanomial [LL LDg DD WD WW]:  [1 0 0 0 0]
  running…
  2 pairs   4 games   0 g/s · 28s
  W 0   L 2   D 2     Elo -88.7 ± 211.0
  -2.9 ───────────────●┊··············· +2.9  LLR -0.05
  pentanomial [LL LDg DD WD WW]:  [1 0 1 0 0]
  running…
  3 pairs   6 games   0 g/s · 30s
  W 2   L 2   D 2     Elo -0.0 ± 219.6
  -2.9 ───────────────●┊··············· +2.9  LLR -0.00
  pentanomial [LL LDg DD WD WW]:  [1 0 1 0 1]
  running…
  4 pairs   8 games   0 g/s · 31s
  W 2   L 3   D 3     Elo -29.0 ± 191.5
  -2.9 ───────────────●┊··············· +2.9  LLR -0.02
  pentanomial [LL LDg DD WD WW]:  [1 1 1 0 1]
  running…
  5 pairs   10 games   0 g/s · 33s
  W 3   L 4   D 3     Elo -24.9 ± 164.0
  -2.9 ───────────────●┊··············· +2.9  LLR -0.02
  pentanomial [LL LDg DD WD WW]:  [1 1 2 0 1]
  running…
  6 pairs   12 games   0 g/s · 35s
  W 3   L 5   D 4     Elo -43.7 ± 149.1
  -2.9 ───────────────●┊··············· +2.9  LLR -0.05
  pentanomial [LL LDg DD WD WW]:  [1 2 2 0 1]
  running…
  7 pairs   14 games   0 g/s · 36s
  W 4   L 6   D 4     Elo -38.8 ± 132.4
  -2.9 ───────────────●┊··············· +2.9  LLR -0.06
  pentanomial [LL LDg DD WD WW]:  [1 2 3 0 1]
  running…
  8 pairs   16 games   0 g/s · 39s
  W 5   L 7   D 4     Elo -34.9 ± 119.1
  -2.9 ───────────────●┊··············· +2.9  LLR -0.06
  pentanomial [LL LDg DD WD WW]:  [1 2 4 0 1]
  running…
  9 pairs   18 games   0 g/s · 45s
  W 5   L 7   D 6     Elo -31.7 ± 108.3
  -2.9 ───────────────●┊··············· +2.9  LLR -0.07
  pentanomial [LL LDg DD WD WW]:  [1 2 5 0 1]
  running…
  10 pairs   20 games   0 g/s · 48s
  W 5   L 8   D 7     Elo -43.7 ± 102.5
  -2.9 ───────────────●┊··············· +2.9  LLR -0.11
  pentanomial [LL LDg DD WD WW]:  [1 3 5 0 1]
  running…
  11 pairs   22 games   0 g/s · 53s
  W 5   L 10   D 7     Elo -67.7 ± 107.0
  -2.9 ───────────────●┊··············· +2.9  LLR -0.15
  pentanomial [LL LDg DD WD WW]:  [2 3 5 0 1]
  running…
  12 pairs   24 games   0 g/s · 1m04s
  W 5   L 10   D 9     Elo -62.7 ± 99.3
  -2.9 ───────────────●┊··············· +2.9  LLR -0.16
  pentanomial [LL LDg DD WD WW]:  [2 3 6 0 1]
  running…
  13 pairs   26 games   0 g/s · 1m08s
  W 6   L 11   D 9     Elo -58.5 ± 92.6
  -2.9 ───────────────●┊··············· +2.9  LLR -0.17
  pentanomial [LL LDg DD WD WW]:  [2 3 7 0 1]
  running…
  14 pairs   28 games   0 g/s · 1m11s
  W 7   L 11   D 10     Elo -43.7 ± 90.2
  -2.9 ───────────────●┊··············· +2.9  LLR -0.14
  pentanomial [LL LDg DD WD WW]:  [2 3 7 1 1]
  running…
  15 pairs   30 games   0 g/s · 1m12s
  W 8   L 11   D 11     Elo -30.7 ± 87.7
  -2.9 ───────────────●┊··············· +2.9  LLR -0.10
  pentanomial [LL LDg DD WD WW]:  [2 3 7 2 1]
  running…
  16 pairs   32 games   0 g/s · 1m13s
  W 9   L 12   D 11     Elo -29.0 ± 82.8
  -2.9 ───────────────●┊··············· +2.9  LLR -0.11
  pentanomial [LL LDg DD WD WW]:  [2 3 8 2 1]
  running…
  17 pairs   34 games   0 g/s · 1m14s
  W 9   L 13   D 12     Elo -36.7 ± 80.1
  -2.9 ───────────────●┊··············· +2.9  LLR -0.15
  pentanomial [LL LDg DD WD WW]:  [2 4 8 2 1]
  running…
  18 pairs   36 games   0 g/s · 1m16s
  W 9   L 13   D 14     Elo -34.9 ± 76.1
  -2.9 ───────────────●┊··············· +2.9  LLR -0.15
  pentanomial [LL LDg DD WD WW]:  [2 4 9 2 1]
  running…
  19 pairs   38 games   0 g/s · 1m17s
  W 9   L 15   D 14     Elo -50.0 ± 78.8
  -2.9 ──────────────●·┊··············· +2.9  LLR -0.20
  pentanomial [LL LDg DD WD WW]:  [3 4 9 2 1]
  running…
  20 pairs   40 games   0 g/s · 1m21s
  W 9   L 16   D 15     Elo -55.7 ± 76.4
  -2.9 ──────────────●·┊··············· +2.9  LLR -0.24
  pentanomial [LL LDg DD WD WW]:  [3 5 9 2 1]
  running…
  21 pairs   42 games   0 g/s · 1m35s
  W 9   L 17   D 16     Elo -61.0 ± 74.2
  -2.9 ──────────────●·┊··············· +2.9  LLR -0.28
  pentanomial [LL LDg DD WD WW]:  [3 6 9 2 1]
  running…
  22 pairs   44 games   0 g/s · 1m36s
  W 9   L 18   D 17     Elo -65.9 ± 72.1
  -2.9 ──────────────●·┊··············· +2.9  LLR -0.32
  pentanomial [LL LDg DD WD WW]:  [3 7 9 2 1]
  running…
  23 pairs   46 games   0 g/s · 1m37s
  W 10   L 18   D 18     Elo -56.1 ± 71.0
  -2.9 ──────────────●·┊··············· +2.9  LLR -0.28
  pentanomial [LL LDg DD WD WW]:  [3 7 9 3 1]
  running…
  24 pairs   48 games   0 g/s · 1m40s
  W 10   L 20   D 18     Elo -67.7 ± 72.7
  -2.9 ──────────────●·┊··············· +2.9  LLR -0.33
  pentanomial [LL LDg DD WD WW]:  [4 7 9 3 1]
  running…
  25 pairs   50 games   0 g/s · 1m41s
  W 11   L 21   D 18     Elo -65.1 ± 70.0
  -2.9 ──────────────●·┊··············· +2.9  LLR -0.34
  pentanomial [LL LDg DD WD WW]:  [4 7 10 3 1]
  running…
  26 pairs   52 games   1 g/s · 1m41s
  W 13   L 21   D 18     Elo -50.0 ± 72.5
  -2.9 ──────────────●·┊··············· +2.9  LLR -0.24
  pentanomial [LL LDg DD WD WW]:  [4 7 10 3 2]
  running…
  27 pairs   54 games   0 g/s · 1m55s
  W 13   L 21   D 20     Elo -48.2 ± 70.0
  -2.9 ──────────────●·┊··············· +2.9  LLR -0.25
  pentanomial [LL LDg DD WD WW]:  [4 7 11 3 2]
  running…
  28 pairs   56 games   0 g/s · 2m02s
  W 14   L 21   D 21     Elo -40.7 ± 68.8
  -2.9 ──────────────●·┊··············· +2.9  LLR -0.22
  pentanomial [LL LDg DD WD WW]:  [4 7 11 4 2]
  running…
  29 pairs   58 games   0 g/s · 2m05s
  W 14   L 21   D 23     Elo -39.4 ± 66.6
  -2.9 ──────────────●·┊··············· +2.9  LLR -0.23
  pentanomial [LL LDg DD WD WW]:  [4 7 12 4 2]
  running…
  30 pairs   60 games   0 g/s · 2m08s
  W 14   L 22   D 24     Elo -43.7 ± 65.2
  -2.9 ──────────────●·┊··············· +2.9  LLR -0.26
  pentanomial [LL LDg DD WD WW]:  [4 8 12 4 2]
  running…
  31 pairs   62 games   0 g/s · 2m09s
  W 15   L 23   D 24     Elo -42.3 ± 63.2
  -2.9 ──────────────●·┊··············· +2.9  LLR -0.27
  pentanomial [LL LDg DD WD WW]:  [4 8 13 4 2]
  running…
  32 pairs   64 games   0 g/s · 2m11s
  W 15   L 24   D 25     Elo -46.3 ± 62.0
  -2.9 ──────────────●·┊··············· +2.9  LLR -0.30
  pentanomial [LL LDg DD WD WW]:  [4 9 13 4 2]
  running…
  33 pairs   66 games   0 g/s · 2m14s
  W 16   L 25   D 25     Elo -44.9 ± 60.2
  -2.9 ──────────────●·┊··············· +2.9  LLR -0.31
  pentanomial [LL LDg DD WD WW]:  [4 9 14 4 2]
  running…
  34 pairs   68 games   0 g/s · 2m16s
  W 17   L 25   D 26     Elo -38.8 ± 59.5
  -2.9 ──────────────●·┊··············· +2.9  LLR -0.28
  pentanomial [LL LDg DD WD WW]:  [4 9 14 5 2]
  running…
  35 pairs   70 games   1 g/s · 2m18s
  W 17   L 25   D 28     Elo -37.7 ± 57.9
  -2.9 ──────────────●·┊··············· +2.9  LLR -0.29
  pentanomial [LL LDg DD WD WW]:  [4 9 15 5 2]
  running…
  36 pairs   72 games   1 g/s · 2m20s
  W 17   L 27   D 28     Elo -46.0 ± 58.9
  -2.9 ──────────────●·┊··············· +2.9  LLR -0.33
  pentanomial [LL LDg DD WD WW]:  [5 9 15 5 2]
  running…
  37 pairs   74 games   1 g/s · 2m25s
  W 18   L 27   D 29     Elo -40.3 ± 58.2
  -2.9 ──────────────●·┊··············· +2.9  LLR -0.30
  pentanomial [LL LDg DD WD WW]:  [5 9 15 6 2]
  running…
  38 pairs   76 games   0 g/s · 2m33s
  W 18   L 29   D 29     Elo -48.1 ± 59.1
  -2.9 ──────────────●·┊··············· +2.9  LLR -0.35
  pentanomial [LL LDg DD WD WW]:  [6 9 15 6 2]
  running…
  39 pairs   78 games   1 g/s · 2m35s
  W 18   L 30   D 30     Elo -51.2 ± 58.1
  -2.9 ─────────────●··┊··············· +2.9  LLR -0.38
  pentanomial [LL LDg DD WD WW]:  [6 10 15 6 2]
  running…
  40 pairs   80 games   1 g/s · 2m35s
  W 18   L 31   D 31     Elo -54.2 ± 57.2
  -2.9 ─────────────●··┊··············· +2.9  LLR -0.42
  pentanomial [LL LDg DD WD WW]:  [6 11 15 6 2]
  running…
  41 pairs   82 games   1 g/s · 2m39s
  W 19   L 32   D 31     Elo -52.9 ± 55.8
  -2.9 ─────────────●··┊··············· +2.9  LLR -0.43
  pentanomial [LL LDg DD WD WW]:  [6 11 16 6 2]
  running…
  42 pairs   84 games   1 g/s · 2m39s
  W 21   L 32   D 31     Elo -43.7 ± 57.0
  -2.9 ──────────────●·┊··············· +2.9  LLR -0.34
  pentanomial [LL LDg DD WD WW]:  [6 11 16 6 3]
  running…
  43 pairs   86 games   0 g/s · 2m52s
  W 21   L 32   D 33     Elo -42.7 ± 55.8
  -2.9 ──────────────●·┊··············· +2.9  LLR -0.35
  pentanomial [LL LDg DD WD WW]:  [6 11 17 6 3]
  running…
  44 pairs   88 games   0 g/s · 3m01s
  W 21   L 32   D 35     Elo -41.7 ± 54.5
  -2.9 ──────────────●·┊··············· +2.9  LLR -0.36
  pentanomial [LL LDg DD WD WW]:  [6 11 18 6 3]
  running…
  45 pairs   90 games   0 g/s · 3m02s
  W 22   L 32   D 36     Elo -37.1 ± 54.0
  -2.9 ──────────────●·┊··············· +2.9  LLR -0.32
  pentanomial [LL LDg DD WD WW]:  [6 11 18 7 3]
  running…
  46 pairs   92 games   0 g/s · 3m07s
  W 23   L 33   D 36     Elo -36.3 ± 52.9
  -2.9 ──────────────●·┊··············· +2.9  LLR -0.33
  pentanomial [LL LDg DD WD WW]:  [6 11 19 7 3]
  running…
  47 pairs   94 games   0 g/s · 3m08s
  W 23   L 34   D 37     Elo -39.2 ± 52.2
  -2.9 ──────────────●·┊··············· +2.9  LLR -0.36
  pentanomial [LL LDg DD WD WW]:  [6 12 19 7 3]
  running…
  48 pairs   96 games   1 g/s · 3m09s
  W 23   L 34   D 39     Elo -38.4 ± 51.1
  -2.9 ──────────────●·┊··············· +2.9  LLR -0.37
  pentanomial [LL LDg DD WD WW]:  [6 12 20 7 3]
  running…
  49 pairs   98 games   1 g/s · 3m10s
  W 23   L 35   D 40     Elo -41.1 ± 50.5
  -2.9 ─────────────●··┊··············· +2.9  LLR -0.41
  pentanomial [LL LDg DD WD WW]:  [6 13 20 7 3]
  running…
  50 pairs   100 games   1 g/s · 3m12s
  W 24   L 36   D 40     Elo -40.3 ± 49.5
  -2.9 ─────────────●··┊··············· +2.9  LLR -0.42
  pentanomial [LL LDg DD WD WW]:  [6 13 21 7 3]
  running…
  51 pairs   102 games   1 g/s · 3m15s
  W 25   L 36   D 41     Elo -36.2 ± 49.1
  -2.9 ─────────────●··┊··············· +2.9  LLR -0.38
  pentanomial [LL LDg DD WD WW]:  [6 13 21 8 3]
  running…
  52 pairs   104 games   1 g/s · 3m17s
  W 25   L 38   D 41     Elo -42.0 ± 49.7
  -2.9 ─────────────●··┊··············· +2.9  LLR -0.43
  pentanomial [LL LDg DD WD WW]:  [7 13 21 8 3]
  running…
  53 pairs   106 games   1 g/s · 3m26s
  W 26   L 38   D 42     Elo -38.1 ± 49.2
  -2.9 ─────────────●··┊··············· +2.9  LLR -0.40
  pentanomial [LL LDg DD WD WW]:  [7 13 21 9 3]
  running…
  54 pairs   108 games   1 g/s · 3m30s
  W 26   L 40   D 42     Elo -43.7 ± 49.8
  -2.9 ─────────────●··┊··············· +2.9  LLR -0.45
  pentanomial [LL LDg DD WD WW]:  [8 13 21 9 3]
  running…
  55 pairs   110 games   1 g/s · 3m31s
  W 26   L 41   D 43     Elo -46.0 ± 49.2
  -2.9 ─────────────●··┊··············· +2.9  LLR -0.48
  pentanomial [LL LDg DD WD WW]:  [8 14 21 9 3]
  running…
  56 pairs   112 games   1 g/s · 3m34s
  W 26   L 42   D 44     Elo -48.2 ± 48.6
  -2.9 ─────────────●··┊··············· +2.9  LLR -0.52
  pentanomial [LL LDg DD WD WW]:  [8 15 21 9 3]
  running…
  57 pairs   114 games   1 g/s · 3m38s
  W 28   L 42   D 44     Elo -41.4 ± 49.3
  -2.9 ─────────────●··┊··············· +2.9  LLR -0.43
  pentanomial [LL LDg DD WD WW]:  [8 15 21 9 4]
  running…
  58 pairs   116 games   1 g/s · 3m38s
  W 29   L 43   D 44     Elo -40.7 ± 48.5
  -2.9 ─────────────●··┊··············· +2.9  LLR -0.44
  pentanomial [LL LDg DD WD WW]:  [8 15 22 9 4]
  running…
  59 pairs   118 games   1 g/s · 3m52s
  W 29   L 43   D 46     Elo -40.0 ± 47.7
  -2.9 ─────────────●··┊··············· +2.9  LLR -0.45
  pentanomial [LL LDg DD WD WW]:  [8 15 23 9 4]
  running…
  60 pairs   120 games   0 g/s · 4m00s
  W 30   L 43   D 47     Elo -36.6 ± 47.3
  -2.9 ─────────────●··┊··············· +2.9  LLR -0.41
  pentanomial [LL LDg DD WD WW]:  [8 15 23 10 4]
  running…
  61 pairs   122 games   1 g/s · 4m01s
  W 30   L 43   D 49     Elo -36.0 ± 46.6
  -2.9 ─────────────●··┊··············· +2.9  LLR -0.42
  pentanomial [LL LDg DD WD WW]:  [8 15 24 10 4]
  running…
  62 pairs   124 games   1 g/s · 4m05s
  W 31   L 44   D 49     Elo -35.4 ± 45.9
  -2.9 ─────────────●··┊··············· +2.9  LLR -0.43
  pentanomial [LL LDg DD WD WW]:  [8 15 25 10 4]
  running…
  63 pairs   126 games   1 g/s · 4m07s
  W 31   L 45   D 50     Elo -37.6 ± 45.4
  -2.9 ─────────────●··┊··············· +2.9  LLR -0.46
  pentanomial [LL LDg DD WD WW]:  [8 16 25 10 4]
  running…
  64 pairs   128 games   1 g/s · 4m08s
  W 31   L 46   D 51     Elo -39.7 ± 45.0
  -2.9 ─────────────●··┊··············· +2.9  LLR -0.50
  pentanomial [LL LDg DD WD WW]:  [8 17 25 10 4]
  running…
  65 pairs   130 games   1 g/s · 4m10s
  W 32   L 47   D 51     Elo -39.1 ± 44.3
  -2.9 ─────────────●··┊··············· +2.9  LLR -0.50
  pentanomial [LL LDg DD WD WW]:  [8 17 26 10 4]
  running…
  66 pairs   132 games   1 g/s · 4m10s
  W 32   L 47   D 53     Elo -38.5 ± 43.6
  -2.9 ─────────────●··┊··············· +2.9  LLR -0.51
  pentanomial [LL LDg DD WD WW]:  [8 17 27 10 4]
  running…
  67 pairs   134 games   1 g/s · 4m12s
  W 33   L 47   D 54     Elo -35.4 ± 43.3
  -2.9 ─────────────●··┊··············· +2.9  LLR -0.48
  pentanomial [LL LDg DD WD WW]:  [8 17 27 11 4]
  running…
  68 pairs   136 games   1 g/s · 4m16s
  W 33   L 49   D 54     Elo -39.9 ± 43.7
  -2.9 ─────────────●··┊··············· +2.9  LLR -0.53
  pentanomial [LL LDg DD WD WW]:  [9 17 27 11 4]
  running…
  69 pairs   138 games   1 g/s · 4m23s
  W 34   L 49   D 55     Elo -36.8 ± 43.4
  -2.9 ─────────────●··┊··············· +2.9  LLR -0.50
  pentanomial [LL LDg DD WD WW]:  [9 17 27 12 4]
  running…
  70 pairs   140 games   1 g/s · 4m30s
  W 34   L 50   D 56     Elo -38.8 ± 43.1
  -2.9 ─────────────●··┊··············· +2.9  LLR -0.53
  pentanomial [LL LDg DD WD WW]:  [9 18 27 12 4]
  running…
  71 pairs   142 games   1 g/s · 4m30s
  W 34   L 52   D 56     Elo -43.1 ± 43.4
  -2.9 ────────────●···┊··············· +2.9  LLR -0.58
  pentanomial [LL LDg DD WD WW]:  [10 18 27 12 4]
  running…
  72 pairs   144 games   1 g/s · 4m33s
  W 34   L 53   D 57     Elo -44.9 ± 43.0
  -2.9 ────────────●···┊··············· +2.9  LLR -0.61
  pentanomial [LL LDg DD WD WW]:  [10 19 27 12 4]
  running…
  73 pairs   146 games   1 g/s · 4m35s
  W 35   L 54   D 57     Elo -44.2 ± 42.4
  -2.9 ────────────●···┊··············· +2.9  LLR -0.62
  pentanomial [LL LDg DD WD WW]:  [10 19 28 12 4]
  running…
  74 pairs   148 games   1 g/s · 4m36s
  W 37   L 54   D 57     Elo -39.0 ± 42.9
  -2.9 ─────────────●··┊··············· +2.9  LLR -0.54
  pentanomial [LL LDg DD WD WW]:  [10 19 28 12 5]
  running…
  75 pairs   150 games   1 g/s · 4m50s
  W 37   L 54   D 59     Elo -38.5 ± 42.4
  -2.9 ─────────────●··┊··············· +2.9  LLR -0.54
  pentanomial [LL LDg DD WD WW]:  [10 19 29 12 5]
  running…
  76 pairs   152 games   1 g/s · 4m56s
  W 38   L 54   D 60     Elo -35.8 ± 42.1
  -2.9 ─────────────●··┊··············· +2.9  LLR -0.51
  pentanomial [LL LDg DD WD WW]:  [10 19 29 13 5]
  running…
  77 pairs   154 games   1 g/s · 4m58s
  W 38   L 54   D 62     Elo -35.3 ± 41.6
  -2.9 ─────────────●··┊··············· +2.9  LLR -0.52
  pentanomial [LL LDg DD WD WW]:  [10 19 30 13 5]
  running…
  78 pairs   156 games   1 g/s · 5m02s
  W 39   L 55   D 62     Elo -34.9 ± 41.1
  -2.9 ─────────────●··┊··············· +2.9  LLR -0.53
  pentanomial [LL LDg DD WD WW]:  [10 19 31 13 5]
  running…
  79 pairs   158 games   1 g/s · 5m03s
  W 39   L 56   D 63     Elo -36.6 ± 40.7
  -2.9 ─────────────●··┊··············· +2.9  LLR -0.56
  pentanomial [LL LDg DD WD WW]:  [10 20 31 13 5]
  running…
  80 pairs   160 games   1 g/s · 5m03s
  W 39   L 57   D 64     Elo -38.3 ± 40.4
  -2.9 ────────────●···┊··············· +2.9  LLR -0.59
  pentanomial [LL LDg DD WD WW]:  [10 21 31 13 5]
  running…
  81 pairs   162 games   1 g/s · 5m05s
  W 39   L 57   D 66     Elo -37.8 ± 39.9
  -2.9 ────────────●···┊··············· +2.9  LLR -0.60
  pentanomial [LL LDg DD WD WW]:  [10 21 32 13 5]
  running…
  82 pairs   164 games   1 g/s · 5m06s
  W 40   L 58   D 66     Elo -37.4 ± 39.4
  -2.9 ────────────●···┊··············· +2.9  LLR -0.61
  pentanomial [LL LDg DD WD WW]:  [10 21 33 13 5]
  running…
  83 pairs   166 games   1 g/s · 5m08s
  W 41   L 58   D 67     Elo -34.9 ± 39.2
  -2.9 ────────────●···┊··············· +2.9  LLR -0.58
  pentanomial [LL LDg DD WD WW]:  [10 21 33 14 5]
  running…
  84 pairs   168 games   1 g/s · 5m14s
  W 41   L 60   D 67     Elo -38.5 ± 39.5
  -2.9 ────────────●···┊··············· +2.9  LLR -0.63
  pentanomial [LL LDg DD WD WW]:  [11 21 33 14 5]
  running…
  85 pairs   170 games   1 g/s · 5m18s
  W 42   L 60   D 68     Elo -36.1 ± 39.3
  -2.9 ────────────●···┊··············· +2.9  LLR -0.59
  pentanomial [LL LDg DD WD WW]:  [11 21 33 15 5]
  running…
  86 pairs   172 games   1 g/s · 5m25s
  W 42   L 61   D 69     Elo -37.7 ± 39.0
  -2.9 ────────────●···┊··············· +2.9  LLR -0.63
  pentanomial [LL LDg DD WD WW]:  [11 22 33 15 5]
  running…
  87 pairs   174 games   1 g/s · 5m25s
  W 42   L 63   D 69     Elo -41.2 ± 39.3
  -2.9 ────────────●···┊··············· +2.9  LLR -0.68
  pentanomial [LL LDg DD WD WW]:  [12 22 33 15 5]
  running…
  88 pairs   176 games   1 g/s · 5m28s
  W 42   L 64   D 70     Elo -42.7 ± 39.0
  -2.9 ────────────●···┊··············· +2.9  LLR -0.71
  pentanomial [LL LDg DD WD WW]:  [12 23 33 15 5]
  running…
  89 pairs   178 games   1 g/s · 5m31s
  W 44   L 64   D 70     Elo -38.3 ± 39.4
  -2.9 ────────────●···┊··············· +2.9  LLR -0.63
  pentanomial [LL LDg DD WD WW]:  [12 23 33 15 6]
  running…
  90 pairs   180 games   1 g/s · 5m32s
  W 45   L 65   D 70     Elo -37.9 ± 38.9
  -2.9 ────────────●···┊··············· +2.9  LLR -0.63
  pentanomial [LL LDg DD WD WW]:  [12 23 34 15 6]
  running…
  91 pairs   182 games   1 g/s · 5m45s
  W 45   L 65   D 72     Elo -37.5 ± 38.5
  -2.9 ────────────●···┊··············· +2.9  LLR -0.64
  pentanomial [LL LDg DD WD WW]:  [12 23 35 15 6]
  running…
  92 pairs   184 games   1 g/s · 5m52s
  W 45   L 65   D 74     Elo -37.1 ± 38.1
  -2.9 ────────────●···┊··············· +2.9  LLR -0.65
  pentanomial [LL LDg DD WD WW]:  [12 23 36 15 6]
  running…
  93 pairs   186 games   1 g/s · 5m54s
  W 46   L 65   D 75     Elo -34.9 ± 37.9
  -2.9 ────────────●···┊··············· +2.9  LLR -0.62
  pentanomial [LL LDg DD WD WW]:  [12 23 36 16 6]
  running…
  94 pairs   188 games   1 g/s · 5m57s
  W 47   L 66   D 75     Elo -34.5 ± 37.5
  -2.9 ────────────●···┊··············· +2.9  LLR -0.62
  pentanomial [LL LDg DD WD WW]:  [12 23 37 16 6]
  running…
  95 pairs   190 games   1 g/s · 5m59s
  W 47   L 67   D 76     Elo -35.9 ± 37.3
  -2.9 ────────────●···┊··············· +2.9  LLR -0.66
  pentanomial [LL LDg DD WD WW]:  [12 24 37 16 6]
  running…
  96 pairs   192 games   1 g/s · 5m59s
  W 47   L 68   D 77     Elo -37.4 ± 37.0
  -2.9 ────────────●···┊··············· +2.9  LLR -0.69
  pentanomial [LL LDg DD WD WW]:  [12 25 37 16 6]
  running…
  97 pairs   194 games   1 g/s · 5m59s
  W 47   L 68   D 79     Elo -37.0 ± 36.6
  -2.9 ────────────●···┊··············· +2.9  LLR -0.70
  pentanomial [LL LDg DD WD WW]:  [12 25 38 16 6]
  running…
  98 pairs   196 games   1 g/s · 6m02s
  W 48   L 69   D 79     Elo -36.6 ± 36.3
  -2.9 ────────────●···┊··············· +2.9  LLR -0.71
  pentanomial [LL LDg DD WD WW]:  [12 25 39 16 6]
  running…
  99 pairs   198 games   1 g/s · 6m05s
  W 49   L 69   D 80     Elo -34.5 ± 36.1
  -2.9 ────────────●···┊··············· +2.9  LLR -0.67
  pentanomial [LL LDg DD WD WW]:  [12 25 39 17 6]
  running…
  100 pairs   200 games   1 g/s · 6m09s
  W 49   L 71   D 80     Elo -37.6 ± 36.3
  -2.9 ────────────●···┊··············· +2.9  LLR -0.72
  pentanomial [LL LDg DD WD WW]:  [13 25 39 17 6]
  running…
  101 pairs   202 games   1 g/s · 6m14s
  W 50   L 71   D 81     Elo -35.5 ± 36.1
  -2.9 ────────────●···┊··············· +2.9  LLR -0.69
  pentanomial [LL LDg DD WD WW]:  [13 25 39 18 6]
  running…
  102 pairs   204 games   1 g/s · 6m20s
  W 50   L 72   D 82     Elo -36.9 ± 35.9
  -2.9 ────────────●···┊··············· +2.9  LLR -0.73
  pentanomial [LL LDg DD WD WW]:  [13 26 39 18 6]
  running…
  103 pairs   206 games   1 g/s · 6m23s
  W 50   L 74   D 82     Elo -39.9 ± 36.1
  -2.9 ───────────●····┊··············· +2.9  LLR -0.77
  pentanomial [LL LDg DD WD WW]:  [14 26 39 18 6]
  running…
  104 pairs   208 games   1 g/s · 6m28s
  W 50   L 75   D 83     Elo -41.2 ± 35.9
  -2.9 ───────────●····┊··············· +2.9  LLR -0.81
  pentanomial [LL LDg DD WD WW]:  [14 27 39 18 6]
  running…
  105 pairs   210 games   1 g/s · 6m29s
  W 51   L 76   D 83     Elo -40.8 ± 35.6
  -2.9 ───────────●····┊··············· +2.9  LLR -0.82
  pentanomial [LL LDg DD WD WW]:  [14 27 40 18 6]
  running…
  106 pairs   212 games   1 g/s · 6m30s
  W 53   L 76   D 83     Elo -37.1 ± 35.9
  -2.9 ────────────●···┊··············· +2.9  LLR -0.73
  pentanomial [LL LDg DD WD WW]:  [14 27 40 18 7]
  running…
