engine book: 5429 positions loaded from data/book.bin

  ♟  gomachine SPRT  ·  self-play strength test
  conthist=on  vs  baseline  (new vs old)
  patch: (identical — sanity/noise run)
  budget: 40000 nodes/move   · SPRT[0, 6] α=0.05 β=0.05   · 11×TT 16MB

  1 pairs   2 games   0 g/s · 20s
  W 0   L 1   D 1     Elo -58.5 ± 204.4
  -2.9 ───────────────●┊··············· +2.9  LLR -0.04
  pentanomial [LL LDg DD WD WW]:  [0 1 0 0 0]
  running…
  2 pairs   4 games   0 g/s · 22s
  W 0   L 2   D 2     Elo -88.7 ± 167.4
  -2.9 ───────────────●┊··············· +2.9  LLR -0.08
  pentanomial [LL LDg DD WD WW]:  [0 2 0 0 0]
  running…
  3 pairs   6 games   0 g/s · 28s
  W 0   L 2   D 4     Elo -70.4 ± 134.6
  -2.9 ───────────────●┊··············· +2.9  LLR -0.10
  pentanomial [LL LDg DD WD WW]:  [0 2 1 0 0]
  running…
  4 pairs   8 games   0 g/s · 33s
  W 1   L 2   D 5     Elo -29.0 ± 130.7
  -2.9 ───────────────●┊··············· +2.9  LLR -0.04
  pentanomial [LL LDg DD WD WW]:  [0 2 1 1 0]
  running…
  5 pairs   10 games   0 g/s · 33s
  W 2   L 3   D 5     Elo -24.9 ± 112.1
  -2.9 ───────────────●┊··············· +2.9  LLR -0.05
  pentanomial [LL LDg DD WD WW]:  [0 2 2 1 0]
  running…
  6 pairs   12 games   0 g/s · 37s
  W 2   L 5   D 5     Elo -65.9 ± 126.9
  -2.9 ───────────────●┊··············· +2.9  LLR -0.10
  pentanomial [LL LDg DD WD WW]:  [1 2 2 1 0]
  running…
  7 pairs   14 games   0 g/s · 38s
  W 3   L 5   D 6     Elo -38.8 ± 120.9
  -2.9 ───────────────●┊··············· +2.9  LLR -0.07
  pentanomial [LL LDg DD WD WW]:  [1 2 2 2 0]
  running…
  8 pairs   16 games   0 g/s · 40s
  W 3   L 6   D 7     Elo -52.5 ± 112.9
  -2.9 ───────────────●┊··············· +2.9  LLR -0.10
  pentanomial [LL LDg DD WD WW]:  [1 3 2 2 0]
  running…
  9 pairs   18 games   0 g/s · 40s
  W 3   L 7   D 8     Elo -63.9 ± 105.9
  -2.9 ───────────────●┊··············· +2.9  LLR -0.15
  pentanomial [LL LDg DD WD WW]:  [1 4 2 2 0]
  running…
  10 pairs   20 games   0 g/s · 45s
  W 4   L 7   D 9     Elo -43.7 ± 102.5
  -2.9 ───────────────●┊··············· +2.9  LLR -0.11
  pentanomial [LL LDg DD WD WW]:  [1 4 2 3 0]
  running…
  11 pairs   22 games   0 g/s · 48s
  W 5   L 7   D 10     Elo -26.8 ± 98.9
  -2.9 ───────────────●┊··············· +2.9  LLR -0.07
  pentanomial [LL LDg DD WD WW]:  [1 4 2 4 0]
  running…
  12 pairs   24 games   0 g/s · 55s
  W 6   L 7   D 11     Elo -12.4 ± 95.3
  -2.9 ───────────────●┊··············· +2.9  LLR -0.04
  pentanomial [LL LDg DD WD WW]:  [1 4 2 5 0]
  running…
  13 pairs   26 games   0 g/s · 55s
  W 7   L 8   D 11     Elo -11.6 ± 89.0
  -2.9 ───────────────●┊··············· +2.9  LLR -0.04
  pentanomial [LL LDg DD WD WW]:  [1 4 3 5 0]
  running…
  14 pairs   28 games   1 g/s · 56s
  W 8   L 8   D 12     Elo -0.0 ± 86.2
  -2.9 ───────────────●┊··············· +2.9  LLR -0.01
  pentanomial [LL LDg DD WD WW]:  [1 4 3 6 0]
  running…
  15 pairs   30 games   0 g/s · 1m08s
  W 8   L 9   D 13     Elo -10.2 ± 83.5
  -2.9 ───────────────●┊··············· +2.9  LLR -0.04
  pentanomial [LL LDg DD WD WW]:  [1 5 3 6 0]
  running…
  16 pairs   32 games   0 g/s · 1m09s
  W 8   L 9   D 15     Elo -9.7 ± 78.8
  -2.9 ───────────────●┊··············· +2.9  LLR -0.05
  pentanomial [LL LDg DD WD WW]:  [1 5 4 6 0]
  running…
  17 pairs   34 games   0 g/s · 1m10s
  W 9   L 10   D 15     Elo -9.1 ± 74.7
  -2.9 ───────────────●┊··············· +2.9  LLR -0.05
  pentanomial [LL LDg DD WD WW]:  [1 5 5 6 0]
  running…
  18 pairs   36 games   1 g/s · 1m12s
  W 9   L 12   D 15     Elo -26.1 ± 78.4
  -2.9 ───────────────●┊··············· +2.9  LLR -0.11
  pentanomial [LL LDg DD WD WW]:  [2 5 5 6 0]
  running…
  19 pairs   38 games   1 g/s · 1m13s
  W 9   L 13   D 16     Elo -33.2 ± 76.1
  -2.9 ───────────────●┊··············· +2.9  LLR -0.15
  pentanomial [LL LDg DD WD WW]:  [2 6 5 6 0]
  running…
  20 pairs   40 games   1 g/s · 1m14s
  W 9   L 14   D 17     Elo -39.7 ± 74.0
  -2.9 ───────────────●┊··············· +2.9  LLR -0.18
  pentanomial [LL LDg DD WD WW]:  [2 7 5 6 0]
  running…
  21 pairs   42 games   1 g/s · 1m17s
  W 10   L 14   D 18     Elo -30.3 ± 72.6
  -2.9 ───────────────●┊··············· +2.9  LLR -0.15
  pentanomial [LL LDg DD WD WW]:  [2 7 5 7 0]
  running…
  22 pairs   44 games   1 g/s · 1m22s
  W 11   L 14   D 19     Elo -21.7 ± 71.2
  -2.9 ───────────────●┊··············· +2.9  LLR -0.11
  pentanomial [LL LDg DD WD WW]:  [2 7 5 8 0]
  running…
  24 pairs   48 games   1 g/s · 1m25s
  W 12   L 15   D 21     Elo -20.1 ± 68.3
  -2.9 ───────────────●┊··············· +2.9  LLR -0.11
  pentanomial [LL LDg DD WD WW]:  [2 8 5 9 0]
  running…
  25 pairs   50 games   1 g/s · 1m29s
  W 12   L 16   D 22     Elo -25.8 ± 66.9
  -2.9 ───────────────●┊··············· +2.9  LLR -0.15
  pentanomial [LL LDg DD WD WW]:  [2 9 5 9 0]
  running…
  26 pairs   52 games   1 g/s · 1m36s
  W 13   L 16   D 23     Elo -18.6 ± 65.8
  -2.9 ───────────────●┊··············· +2.9  LLR -0.12
  pentanomial [LL LDg DD WD WW]:  [2 9 5 10 0]
  running…
  27 pairs   54 games   1 g/s · 1m37s
  W 14   L 16   D 24     Elo -12.0 ± 64.7
  -2.9 ───────────────●┊··············· +2.9  LLR -0.08
  pentanomial [LL LDg DD WD WW]:  [2 9 5 11 0]
  running…
  28 pairs   56 games   1 g/s · 1m40s
  W 15   L 17   D 24     Elo -11.6 ± 62.5
  -2.9 ───────────────●┊··············· +2.9  LLR -0.09
  pentanomial [LL LDg DD WD WW]:  [2 9 6 11 0]
  running…
  29 pairs   58 games   1 g/s · 1m44s
  W 16   L 17   D 25     Elo -5.6 ± 61.5
  -2.9 ───────────────●┊··············· +2.9  LLR -0.05
  pentanomial [LL LDg DD WD WW]:  [2 9 6 12 0]
  running…
  30 pairs   60 games   1 g/s · 1m45s
  W 17   L 17   D 26     Elo -0.0 ± 60.6
  -2.9 ───────────────●┊··············· +2.9  LLR -0.02
  pentanomial [LL LDg DD WD WW]:  [2 9 6 13 0]
  running…
  31 pairs   62 games   1 g/s · 1m54s
  W 18   L 18   D 26     Elo -0.0 ± 58.7
  -2.9 ───────────────●┊··············· +2.9  LLR -0.02
  pentanomial [LL LDg DD WD WW]:  [2 9 7 13 0]
  running…
  32 pairs   64 games   1 g/s · 1m55s
  W 18   L 20   D 26     Elo -10.2 ± 60.4
  -2.9 ───────────────●┊··············· +2.9  LLR -0.08
  pentanomial [LL LDg DD WD WW]:  [3 9 7 13 0]
  running…
  33 pairs   66 games   1 g/s · 1m59s
  W 18   L 21   D 27     Elo -14.9 ± 59.4
  -2.9 ───────────────●┊··············· +2.9  LLR -0.12
  pentanomial [LL LDg DD WD WW]:  [3 10 7 13 0]
  running…
  34 pairs   68 games   1 g/s · 2m00s
  W 18   L 21   D 29     Elo -14.5 ± 57.7
  -2.9 ───────────────●┊··············· +2.9  LLR -0.12
  pentanomial [LL LDg DD WD WW]:  [3 10 8 13 0]
  running…
  35 pairs   70 games   1 g/s · 2m01s
  W 19   L 21   D 30     Elo -9.4 ± 57.0
  -2.9 ───────────────●┊··············· +2.9  LLR -0.09
  pentanomial [LL LDg DD WD WW]:  [3 10 8 14 0]
  running…
  36 pairs   72 games   1 g/s · 2m01s
  W 19   L 22   D 31     Elo -13.7 ± 56.2
  -2.9 ───────────────●┊··············· +2.9  LLR -0.12
  pentanomial [LL LDg DD WD WW]:  [3 11 8 14 0]
  running…
  37 pairs   74 games   1 g/s · 2m03s
  W 19   L 23   D 32     Elo -17.8 ± 55.4
  -2.9 ───────────────●┊··············· +2.9  LLR -0.16
  pentanomial [LL LDg DD WD WW]:  [3 12 8 14 0]
  running…
  38 pairs   76 games   1 g/s · 2m06s
  W 20   L 23   D 33     Elo -13.0 ± 54.7
  -2.9 ───────────────●┊··············· +2.9  LLR -0.12
  pentanomial [LL LDg DD WD WW]:  [3 12 8 15 0]
  running…
  39 pairs   78 games   1 g/s · 2m11s
  W 21   L 23   D 34     Elo -8.5 ± 54.0
  -2.9 ───────────────●┊··············· +2.9  LLR -0.09
  pentanomial [LL LDg DD WD WW]:  [3 12 8 16 0]
  running…
  40 pairs   80 games   1 g/s · 2m13s
  W 21   L 24   D 35     Elo -12.4 ± 53.3
  -2.9 ───────────────●┊··············· +2.9  LLR -0.13
  pentanomial [LL LDg DD WD WW]:  [3 13 8 16 0]
  running…
  41 pairs   82 games   1 g/s · 2m18s
  W 21   L 25   D 36     Elo -16.2 ± 52.7
  -2.9 ───────────────●┊··············· +2.9  LLR -0.16
  pentanomial [LL LDg DD WD WW]:  [3 14 8 16 0]
  running…
  42 pairs   84 games   1 g/s · 2m23s
  W 22   L 25   D 37     Elo -11.8 ± 52.1
  -2.9 ───────────────●┊··············· +2.9  LLR -0.13
  pentanomial [LL LDg DD WD WW]:  [3 14 8 17 0]
  running…
  43 pairs   86 games   1 g/s · 2m24s
  W 23   L 25   D 38     Elo -7.7 ± 51.5
  -2.9 ───────────────●┊··············· +2.9  LLR -0.09
  pentanomial [LL LDg DD WD WW]:  [3 14 8 18 0]
  running…
  44 pairs   88 games   1 g/s · 2m29s
  W 24   L 26   D 38     Elo -7.6 ± 50.4
  -2.9 ───────────────●┊··············· +2.9  LLR -0.10
  pentanomial [LL LDg DD WD WW]:  [3 14 9 18 0]
  running…
  45 pairs   90 games   1 g/s · 2m30s
  W 25   L 26   D 39     Elo -3.7 ± 49.9
  -2.9 ───────────────●┊··············· +2.9  LLR -0.06
  pentanomial [LL LDg DD WD WW]:  [3 14 9 19 0]
  running…
  46 pairs   92 games   1 g/s · 2m33s
  W 26   L 26   D 40     Elo -0.0 ± 49.3
  -2.9 ───────────────●┊··············· +2.9  LLR -0.03
  pentanomial [LL LDg DD WD WW]:  [3 14 9 20 0]
  running…
  47 pairs   94 games   1 g/s · 2m44s
  W 27   L 27   D 40     Elo -0.0 ± 48.3
  -2.9 ───────────────●┊··············· +2.9  LLR -0.03
  pentanomial [LL LDg DD WD WW]:  [3 14 10 20 0]
  running…
  48 pairs   96 games   1 g/s · 2m44s
  W 27   L 28   D 41     Elo -3.5 ± 47.9
  -2.9 ───────────────●┊··············· +2.9  LLR -0.07
  pentanomial [LL LDg DD WD WW]:  [3 15 10 20 0]
  running…
  49 pairs   98 games   1 g/s · 2m46s
  W 27   L 30   D 41     Elo -10.2 ± 48.7
  -2.9 ───────────────●┊··············· +2.9  LLR -0.13
  pentanomial [LL LDg DD WD WW]:  [4 15 10 20 0]
  running…
  50 pairs   100 games   1 g/s · 2m47s
  W 28   L 30   D 42     Elo -6.7 ± 48.3
  -2.9 ───────────────●┊··············· +2.9  LLR -0.10
  pentanomial [LL LDg DD WD WW]:  [4 15 10 21 0]
  running…
  51 pairs   102 games   1 g/s · 2m48s
  W 28   L 30   D 44     Elo -6.6 ± 47.4
  -2.9 ───────────────●┊··············· +2.9  LLR -0.10
  pentanomial [LL LDg DD WD WW]:  [4 15 11 21 0]
  running…
  53 pairs   106 games   1 g/s · 2m52s
  W 29   L 31   D 46     Elo -6.3 ± 46.5
  -2.9 ───────────────●┊··············· +2.9  LLR -0.10
  pentanomial [LL LDg DD WD WW]:  [4 16 11 22 0]
  running…
  54 pairs   108 games   1 g/s · 2m52s
  W 29   L 32   D 47     Elo -9.3 ± 46.0
  -2.9 ───────────────●┊··············· +2.9  LLR -0.13
  pentanomial [LL LDg DD WD WW]:  [4 17 11 22 0]
  running…
  55 pairs   110 games   1 g/s · 3m01s
  W 30   L 32   D 48     Elo -6.1 ± 45.6
  -2.9 ───────────────●┊··············· +2.9  LLR -0.10
  pentanomial [LL LDg DD WD WW]:  [4 17 11 23 0]
  running…
  56 pairs   112 games   1 g/s · 3m01s
  W 30   L 33   D 49     Elo -9.0 ± 45.2
  -2.9 ───────────────●┊··············· +2.9  LLR -0.14
  pentanomial [LL LDg DD WD WW]:  [4 18 11 23 0]
  running…
  57 pairs   114 games   1 g/s · 3m06s
  W 30   L 34   D 50     Elo -11.8 ± 44.8
  -2.9 ───────────────●┊··············· +2.9  LLR -0.17
  pentanomial [LL LDg DD WD WW]:  [4 19 11 23 0]
  running…
  58 pairs   116 games   1 g/s · 3m12s
  W 31   L 34   D 51     Elo -8.7 ± 44.4
  -2.9 ───────────────●┊··············· +2.9  LLR -0.14
  pentanomial [LL LDg DD WD WW]:  [4 19 11 24 0]
  running…
  59 pairs   118 games   1 g/s · 3m16s
  W 32   L 34   D 52     Elo -5.7 ± 44.1
  -2.9 ───────────────●┊··············· +2.9  LLR -0.10
  pentanomial [LL LDg DD WD WW]:  [4 19 11 25 0]
  running…
  60 pairs   120 games   1 g/s · 3m19s
  W 33   L 35   D 52     Elo -5.6 ± 43.4
  -2.9 ───────────────●┊··············· +2.9  LLR -0.11
  pentanomial [LL LDg DD WD WW]:  [4 19 12 25 0]
  running…
  61 pairs   122 games   1 g/s · 3m20s
  W 34   L 35   D 53     Elo -2.8 ± 43.0
  -2.9 ───────────────●┊··············· +2.9  LLR -0.07
  pentanomial [LL LDg DD WD WW]:  [4 19 12 26 0]
  running…
  62 pairs   124 games   1 g/s · 3m24s
  W 35   L 35   D 54     Elo -0.0 ± 42.7
  -2.9 ───────────────●┊··············· +2.9  LLR -0.04
  pentanomial [LL LDg DD WD WW]:  [4 19 12 27 0]
  running…
  63 pairs   126 games   1 g/s · 3m34s
  W 36   L 36   D 54     Elo -0.0 ± 42.0
  -2.9 ───────────────●┊··············· +2.9  LLR -0.04
  pentanomial [LL LDg DD WD WW]:  [4 19 13 27 0]
  running…
  64 pairs   128 games   1 g/s · 3m35s
  W 36   L 37   D 55     Elo -2.6 ± 41.7
  -2.9 ───────────────●┊··············· +2.9  LLR -0.07
  pentanomial [LL LDg DD WD WW]:  [4 20 13 27 0]
  running…
  65 pairs   130 games   1 g/s · 3m37s
  W 37   L 37   D 56     Elo -0.0 ± 41.4
  -2.9 ───────────────●┊··············· +2.9  LLR -0.04
  pentanomial [LL LDg DD WD WW]:  [4 20 13 28 0]
  running…
  66 pairs   132 games   1 g/s · 3m37s
  W 37   L 39   D 56     Elo -5.1 ± 42.0
  -2.9 ───────────────●┊··············· +2.9  LLR -0.11
  pentanomial [LL LDg DD WD WW]:  [5 20 13 28 0]
  running…
  67 pairs   134 games   1 g/s · 3m38s
  W 37   L 39   D 58     Elo -5.0 ± 41.4
  -2.9 ───────────────●┊··············· +2.9  LLR -0.11
  pentanomial [LL LDg DD WD WW]:  [5 20 14 28 0]
  running…
  68 pairs   136 games   1 g/s · 3m39s
  W 37   L 40   D 59     Elo -7.4 ± 41.1
  -2.9 ───────────────●┊··············· +2.9  LLR -0.14
  pentanomial [LL LDg DD WD WW]:  [5 21 14 28 0]
  running…
  69 pairs   138 games   1 g/s · 3m39s
  W 38   L 40   D 60     Elo -4.9 ± 40.8
  -2.9 ───────────────●┊··············· +2.9  LLR -0.11
  pentanomial [LL LDg DD WD WW]:  [5 21 14 29 0]
  running…
  70 pairs   140 games   1 g/s · 3m43s
  W 38   L 41   D 61     Elo -7.2 ± 40.5
  -2.9 ───────────────●┊··············· +2.9  LLR -0.14
  pentanomial [LL LDg DD WD WW]:  [5 22 14 29 0]
  running…
  71 pairs   142 games   1 g/s · 3m49s
  W 39   L 41   D 62     Elo -4.8 ± 40.2
  -2.9 ───────────────●┊··············· +2.9  LLR -0.11
  pentanomial [LL LDg DD WD WW]:  [5 22 14 30 0]
  running…
  72 pairs   144 games   1 g/s · 3m50s
  W 39   L 42   D 63     Elo -7.0 ± 39.9
  -2.9 ───────────────●┊··············· +2.9  LLR -0.15
  pentanomial [LL LDg DD WD WW]:  [5 23 14 30 0]
  running…
  73 pairs   146 games   1 g/s · 3m56s
  W 39   L 43   D 64     Elo -9.3 ± 39.7
  -2.9 ───────────────●┊··············· +2.9  LLR -0.18
  pentanomial [LL LDg DD WD WW]:  [5 24 14 30 0]
  running…
  74 pairs   148 games   1 g/s · 4m02s
  W 40   L 43   D 65     Elo -6.9 ± 39.4
  -2.9 ───────────────●┊··············· +2.9  LLR -0.15
  pentanomial [LL LDg DD WD WW]:  [5 24 14 31 0]
  running…
  75 pairs   150 games   1 g/s · 4m04s
  W 41   L 43   D 66     Elo -4.5 ± 39.1
  -2.9 ───────────────●┊··············· +2.9  LLR -0.11
  pentanomial [LL LDg DD WD WW]:  [5 24 14 32 0]
  running…
  76 pairs   152 games   1 g/s · 4m09s
  W 42   L 44   D 66     Elo -4.5 ± 38.6
  -2.9 ───────────────●┊··············· +2.9  LLR -0.12
  pentanomial [LL LDg DD WD WW]:  [5 24 15 32 0]
  running…
  77 pairs   154 games   1 g/s · 4m10s
  W 43   L 44   D 67     Elo -2.2 ± 38.4
  -2.9 ───────────────●┊··············· +2.9  LLR -0.08
  pentanomial [LL LDg DD WD WW]:  [5 24 15 33 0]
  running…
  78 pairs   156 games   1 g/s · 4m12s
  W 44   L 44   D 68     Elo -0.0 ± 38.2
  -2.9 ───────────────●┊··············· +2.9  LLR -0.05
  pentanomial [LL LDg DD WD WW]:  [5 24 15 34 0]
  running…
  79 pairs   158 games   1 g/s · 4m20s
  W 45   L 45   D 68     Elo -0.0 ± 37.7
  -2.9 ───────────────●┊··············· +2.9  LLR -0.05
  pentanomial [LL LDg DD WD WW]:  [5 24 16 34 0]
  running…
  80 pairs   160 games   1 g/s · 4m22s
  W 46   L 45   D 69     Elo +2.1 ± 37.5
  -2.9 ───────────────●┊··············· +2.9  LLR -0.01
  pentanomial [LL LDg DD WD WW]:  [5 24 16 35 0]
  running…
  81 pairs   162 games   1 g/s · 4m24s
  W 46   L 46   D 70     Elo -0.0 ± 37.2
  -2.9 ───────────────●┊··············· +2.9  LLR -0.05
  pentanomial [LL LDg DD WD WW]:  [5 25 16 35 0]
  running…
  82 pairs   164 games   1 g/s · 4m24s
  W 46   L 48   D 70     Elo -4.1 ± 37.7
  -2.9 ───────────────●┊··············· +2.9  LLR -0.12
  pentanomial [LL LDg DD WD WW]:  [6 25 16 35 0]
  running…
  83 pairs   166 games   1 g/s · 4m27s
  W 46   L 48   D 72     Elo -4.1 ± 37.2
  -2.9 ───────────────●┊··············· +2.9  LLR -0.12
  pentanomial [LL LDg DD WD WW]:  [6 25 17 35 0]
  running…
  84 pairs   168 games   1 g/s · 4m28s
  W 46   L 49   D 73     Elo -6.1 ± 37.0
  -2.9 ───────────────●┊··············· +2.9  LLR -0.15
  pentanomial [LL LDg DD WD WW]:  [6 26 17 35 0]
  running…
  85 pairs   170 games   1 g/s · 4m29s
  W 47   L 49   D 74     Elo -4.0 ± 36.8
  -2.9 ───────────────●┊··············· +2.9  LLR -0.12
  pentanomial [LL LDg DD WD WW]:  [6 26 17 36 0]
  running…
  86 pairs   172 games   1 g/s · 4m30s
  W 47   L 50   D 75     Elo -5.9 ± 36.6
  -2.9 ───────────────●┊··············· +2.9  LLR -0.15
  pentanomial [LL LDg DD WD WW]:  [6 27 17 36 0]
  running…
  87 pairs   174 games   1 g/s · 4m38s
  W 48   L 50   D 76     Elo -3.9 ± 36.4
  -2.9 ───────────────●┊··············· +2.9  LLR -0.12
  pentanomial [LL LDg DD WD WW]:  [6 27 17 37 0]
  running…
  88 pairs   176 games   1 g/s · 4m39s
  W 48   L 51   D 77     Elo -5.8 ± 36.2
  -2.9 ───────────────●┊··············· +2.9  LLR -0.16
  pentanomial [LL LDg DD WD WW]:  [6 28 17 37 0]
  running…
  89 pairs   178 games   1 g/s · 4m43s
  W 48   L 52   D 78     Elo -7.6 ± 35.9
  -2.9 ───────────────●┊··············· +2.9  LLR -0.19
  pentanomial [LL LDg DD WD WW]:  [6 29 17 37 0]
  running…
  90 pairs   180 games   1 g/s · 4m51s
  W 49   L 52   D 79     Elo -5.7 ± 35.8
  -2.9 ───────────────●┊··············· +2.9  LLR -0.16
  pentanomial [LL LDg DD WD WW]:  [6 29 17 38 0]
  running…
  91 pairs   182 games   1 g/s · 4m51s
  W 50   L 52   D 80     Elo -3.7 ± 35.6
  -2.9 ───────────────●┊··············· +2.9  LLR -0.12
  pentanomial [LL LDg DD WD WW]:  [6 29 17 39 0]
  running…
  92 pairs   184 games   1 g/s · 4m57s
  W 51   L 53   D 80     Elo -3.7 ± 35.2
  -2.9 ───────────────●┊··············· +2.9  LLR -0.12
  pentanomial [LL LDg DD WD WW]:  [6 29 18 39 0]
  running…
  93 pairs   186 games   1 g/s · 4m58s
  W 52   L 53   D 81     Elo -1.8 ± 35.0
  -2.9 ───────────────●┊··············· +2.9  LLR -0.09
  pentanomial [LL LDg DD WD WW]:  [6 29 18 40 0]
  running…
  94 pairs   188 games   1 g/s · 4m59s
  W 53   L 53   D 82     Elo -0.0 ± 34.8
  -2.9 ───────────────●┊··············· +2.9  LLR -0.06
  pentanomial [LL LDg DD WD WW]:  [6 29 18 41 0]
  running…
  95 pairs   190 games   1 g/s · 5m10s
  W 54   L 54   D 82     Elo -0.0 ± 34.5
  -2.9 ───────────────●┊··············· +2.9  LLR -0.06
  pentanomial [LL LDg DD WD WW]:  [6 29 19 41 0]
  running…
  96 pairs   192 games   1 g/s · 5m13s
  W 55   L 54   D 83     Elo +1.8 ± 34.3
  -2.9 ───────────────●┊··············· +2.9  LLR -0.02
  pentanomial [LL LDg DD WD WW]:  [6 29 19 42 0]
  running…
  97 pairs   194 games   1 g/s · 5m14s
  W 55   L 56   D 83     Elo -1.8 ± 34.6
  -2.9 ───────────────●┊··············· +2.9  LLR -0.09
  pentanomial [LL LDg DD WD WW]:  [7 29 19 42 0]
  running…
  98 pairs   196 games   1 g/s · 5m15s
  W 55   L 57   D 84     Elo -3.5 ± 34.5
  -2.9 ───────────────●┊··············· +2.9  LLR -0.13
  pentanomial [LL LDg DD WD WW]:  [7 30 19 42 0]
  running…
