engine book: 5429 positions loaded from data/book.bin

  ♟  gomachine SPRT  ·  self-play strength test
  razor=on  vs  baseline  (new vs old)
  patch: razor: off→on
  budget: 40000 nodes/move   · SPRT[0, 6] α=0.05 β=0.05   · 11×TT 16MB

  1 pairs   2 games   0 g/s · 27s
  W 1   L 0   D 1     Elo +58.5 ± 204.4
  -2.9 ────────────────●··············· +2.9  LLR +0.03
  pentanomial [LL LDg DD WD WW]:  [0 0 0 1 0]
  running…
  2 pairs   4 games   0 g/s · 27s
  W 2   L 1   D 1     Elo +43.7 ± 153.5
  -2.9 ────────────────●··············· +2.9  LLR +0.04
  pentanomial [LL LDg DD WD WW]:  [0 0 1 1 0]
  running…
  3 pairs   6 games   0 g/s · 28s
  W 3   L 2   D 1     Elo +34.9 ± 123.0
  -2.9 ────────────────●··············· +2.9  LLR +0.05
  pentanomial [LL LDg DD WD WW]:  [0 0 2 1 0]
  running…
  4 pairs   8 games   0 g/s · 29s
  W 3   L 4   D 1     Elo -29.0 ± 153.7
  -2.9 ───────────────●┊··············· +2.9  LLR -0.03
  pentanomial [LL LDg DD WD WW]:  [1 0 2 1 0]
  running…
  5 pairs   10 games   0 g/s · 32s
  W 4   L 5   D 1     Elo -24.9 ± 131.7
  -2.9 ───────────────●┊··············· +2.9  LLR -0.04
  pentanomial [LL LDg DD WD WW]:  [1 0 3 1 0]
  running…
  6 pairs   12 games   0 g/s · 35s
  W 5   L 5   D 2     Elo -0.0 ± 123.4
  -2.9 ───────────────●┊··············· +2.9  LLR -0.00
  pentanomial [LL LDg DD WD WW]:  [1 0 3 2 0]
  running…
  7 pairs   14 games   0 g/s · 35s
  W 6   L 6   D 2     Elo -0.0 ± 109.6
  -2.9 ───────────────●┊··············· +2.9  LLR -0.01
  pentanomial [LL LDg DD WD WW]:  [1 0 4 2 0]
  running…
  8 pairs   16 games   0 g/s · 36s
  W 6   L 8   D 2     Elo -34.9 ± 119.1
  -2.9 ───────────────●┊··············· +2.9  LLR -0.06
  pentanomial [LL LDg DD WD WW]:  [2 0 4 2 0]
  running…
  9 pairs   18 games   0 g/s · 43s
  W 7   L 8   D 3     Elo -15.8 ± 113.2
  -2.9 ───────────────●┊··············· +2.9  LLR -0.03
  pentanomial [LL LDg DD WD WW]:  [2 0 4 3 0]
  running…
  10 pairs   20 games   0 g/s · 46s
  W 8   L 8   D 4     Elo +0.0 ± 107.7
  -2.9 ───────────────●┊··············· +2.9  LLR -0.01
  pentanomial [LL LDg DD WD WW]:  [2 0 4 4 0]
  running…
  11 pairs   22 games   0 g/s · 50s
  W 8   L 8   D 6     Elo +0.0 ± 99.4
  -2.9 ───────────────●┊··············· +2.9  LLR -0.01
  pentanomial [LL LDg DD WD WW]:  [2 0 5 4 0]
  running…
  12 pairs   24 games   0 g/s · 50s
  W 8   L 9   D 7     Elo -12.4 ± 95.3
  -2.9 ───────────────●┊··············· +2.9  LLR -0.04
  pentanomial [LL LDg DD WD WW]:  [2 1 5 4 0]
  running…
  13 pairs   26 games   0 g/s · 56s
  W 8   L 11   D 7     Elo -34.9 ± 99.4
  -2.9 ───────────────●┊··············· +2.9  LLR -0.09
  pentanomial [LL LDg DD WD WW]:  [3 1 5 4 0]
  running…
  14 pairs   28 games   0 g/s · 1m02s
  W 9   L 12   D 7     Elo -32.7 ± 93.2
  -2.9 ───────────────●┊··············· +2.9  LLR -0.10
  pentanomial [LL LDg DD WD WW]:  [3 1 6 4 0]
  running…
  15 pairs   30 games   0 g/s · 1m04s
  W 10   L 12   D 8     Elo -20.5 ± 90.2
  -2.9 ───────────────●┊··············· +2.9  LLR -0.07
  pentanomial [LL LDg DD WD WW]:  [3 1 6 5 0]
  running…
  16 pairs   32 games   0 g/s · 1m05s
  W 11   L 13   D 8     Elo -19.3 ± 85.2
  -2.9 ───────────────●┊··············· +2.9  LLR -0.07
  pentanomial [LL LDg DD WD WW]:  [3 1 7 5 0]
  running…
  17 pairs   34 games   1 g/s · 1m08s
  W 11   L 15   D 8     Elo -36.7 ± 88.0
  -2.9 ───────────────●┊··············· +2.9  LLR -0.12
  pentanomial [LL LDg DD WD WW]:  [4 1 7 5 0]
  running…
  19 pairs   38 games   1 g/s · 1m12s
  W 13   L 15   D 10     Elo -16.6 ± 83.2
  -2.9 ───────────────●┊··············· +2.9  LLR -0.07
  pentanomial [LL LDg DD WD WW]:  [4 1 7 7 0]
  running…
  20 pairs   40 games   1 g/s · 1m20s
  W 14   L 15   D 11     Elo -7.9 ± 81.0
  -2.9 ───────────────●┊··············· +2.9  LLR -0.04
  pentanomial [LL LDg DD WD WW]:  [4 1 7 8 0]
  running…
  21 pairs   42 games   1 g/s · 1m24s
  W 15   L 16   D 11     Elo -7.6 ± 77.5
  -2.9 ───────────────●┊··············· +2.9  LLR -0.04
  pentanomial [LL LDg DD WD WW]:  [4 1 8 8 0]
  running…
  22 pairs   44 games   1 g/s · 1m25s
  W 15   L 18   D 11     Elo -21.7 ± 79.3
  -2.9 ───────────────●┊··············· +2.9  LLR -0.09
  pentanomial [LL LDg DD WD WW]:  [5 1 8 8 0]
  running…
  23 pairs   46 games   1 g/s · 1m28s
  W 16   L 19   D 11     Elo -20.9 ± 76.2
  -2.9 ───────────────●┊··············· +2.9  LLR -0.10
  pentanomial [LL LDg DD WD WW]:  [5 1 9 8 0]
  running…
  24 pairs   48 games   1 g/s · 1m30s
  W 16   L 19   D 13     Elo -20.1 ± 73.2
  -2.9 ───────────────●┊··············· +2.9  LLR -0.10
  pentanomial [LL LDg DD WD WW]:  [5 1 10 8 0]
  running…
  25 pairs   50 games   1 g/s · 1m30s
  W 16   L 20   D 14     Elo -25.8 ± 71.5
  -2.9 ───────────────●┊··············· +2.9  LLR -0.13
  pentanomial [LL LDg DD WD WW]:  [5 2 10 8 0]
  running…
  26 pairs   52 games   1 g/s · 1m30s
  W 17   L 20   D 15     Elo -18.6 ± 70.1
  -2.9 ───────────────●┊··············· +2.9  LLR -0.10
  pentanomial [LL LDg DD WD WW]:  [5 2 10 9 0]
  running…
  27 pairs   54 games   1 g/s · 1m35s
  W 18   L 21   D 15     Elo -18.0 ± 67.7
  -2.9 ───────────────●┊··············· +2.9  LLR -0.11
  pentanomial [LL LDg DD WD WW]:  [5 2 11 9 0]
  running…
  28 pairs   56 games   1 g/s · 1m36s
  W 18   L 23   D 15     Elo -29.0 ± 69.1
  -2.9 ───────────────●┊··············· +2.9  LLR -0.16
  pentanomial [LL LDg DD WD WW]:  [6 2 11 9 0]
  running…
  29 pairs   58 games   1 g/s · 1m39s
  W 18   L 25   D 15     Elo -39.4 ± 70.2
  -2.9 ──────────────●·┊··············· +2.9  LLR -0.20
  pentanomial [LL LDg DD WD WW]:  [7 2 11 9 0]
  running…
  30 pairs   60 games   1 g/s · 1m47s
  W 19   L 25   D 16     Elo -32.7 ± 69.0
  -2.9 ───────────────●┊··············· +2.9  LLR -0.18
  pentanomial [LL LDg DD WD WW]:  [7 2 11 10 0]
  running…
  31 pairs   62 games   1 g/s · 1m55s
  W 20   L 26   D 16     Elo -31.7 ± 66.9
  -2.9 ───────────────●┊··············· +2.9  LLR -0.18
  pentanomial [LL LDg DD WD WW]:  [7 2 12 10 0]
  running…
  32 pairs   64 games   1 g/s · 1m55s
  W 21   L 27   D 16     Elo -30.7 ± 64.9
  -2.9 ───────────────●┊··············· +2.9  LLR -0.19
  pentanomial [LL LDg DD WD WW]:  [7 2 13 10 0]
  running…
  33 pairs   66 games   1 g/s · 1m56s
  W 22   L 27   D 17     Elo -24.9 ± 63.9
  -2.9 ───────────────●┊··············· +2.9  LLR -0.16
  pentanomial [LL LDg DD WD WW]:  [7 2 13 11 0]
  running…
  34 pairs   68 games   1 g/s · 1m57s
  W 22   L 29   D 17     Elo -33.9 ± 64.8
  -2.9 ──────────────●·┊··············· +2.9  LLR -0.21
  pentanomial [LL LDg DD WD WW]:  [8 2 13 11 0]
  running…
  35 pairs   70 games   1 g/s · 1m58s
  W 23   L 29   D 18     Elo -28.2 ± 63.8
  -2.9 ───────────────●┊··············· +2.9  LLR -0.18
  pentanomial [LL LDg DD WD WW]:  [8 2 13 12 0]
  running…
  36 pairs   72 games   1 g/s · 2m07s
  W 23   L 31   D 18     Elo -36.7 ± 64.5
  -2.9 ──────────────●·┊··············· +2.9  LLR -0.22
  pentanomial [LL LDg DD WD WW]:  [9 2 13 12 0]
  running…
  37 pairs   74 games   1 g/s · 2m08s
  W 24   L 32   D 18     Elo -35.8 ± 62.9
  -2.9 ──────────────●·┊··············· +2.9  LLR -0.23
  pentanomial [LL LDg DD WD WW]:  [9 2 14 12 0]
  running…
  38 pairs   76 games   1 g/s · 2m13s
  W 25   L 32   D 19     Elo -30.5 ± 62.0
  -2.9 ──────────────●·┊··············· +2.9  LLR -0.20
  pentanomial [LL LDg DD WD WW]:  [9 2 14 13 0]
  running…
  39 pairs   78 games   1 g/s · 2m14s
  W 26   L 33   D 19     Elo -29.7 ± 60.4
  -2.9 ──────────────●·┊··············· +2.9  LLR -0.21
  pentanomial [LL LDg DD WD WW]:  [9 2 15 13 0]
  running…
  40 pairs   80 games   1 g/s · 2m15s
  W 27   L 33   D 20     Elo -24.9 ± 59.6
  -2.9 ───────────────●┊··············· +2.9  LLR -0.18
  pentanomial [LL LDg DD WD WW]:  [9 2 15 14 0]
  running…
  41 pairs   82 games   1 g/s · 2m17s
  W 27   L 34   D 21     Elo -28.3 ± 58.7
  -2.9 ──────────────●·┊··············· +2.9  LLR -0.21
  pentanomial [LL LDg DD WD WW]:  [9 3 15 14 0]
  running…
  42 pairs   84 games   1 g/s · 2m18s
  W 27   L 34   D 23     Elo -27.7 ± 57.4
  -2.9 ──────────────●·┊··············· +2.9  LLR -0.22
  pentanomial [LL LDg DD WD WW]:  [9 3 16 14 0]
  running…
  43 pairs   86 games   1 g/s · 2m25s
  W 27   L 36   D 23     Elo -34.9 ± 58.0
  -2.9 ──────────────●·┊··············· +2.9  LLR -0.26
  pentanomial [LL LDg DD WD WW]:  [10 3 16 14 0]
  running…
  44 pairs   88 games   1 g/s · 2m26s
  W 28   L 37   D 23     Elo -34.1 ± 56.7
  -2.9 ──────────────●·┊··············· +2.9  LLR -0.27
  pentanomial [LL LDg DD WD WW]:  [10 3 17 14 0]
  running…
  45 pairs   90 games   1 g/s · 2m28s
  W 28   L 39   D 23     Elo -40.8 ± 57.3
  -2.9 ──────────────●·┊··············· +2.9  LLR -0.32
  pentanomial [LL LDg DD WD WW]:  [11 3 17 14 0]
  running…
  46 pairs   92 games   1 g/s · 2m35s
  W 29   L 39   D 24     Elo -36.3 ± 56.6
  -2.9 ──────────────●·┊··············· +2.9  LLR -0.29
  pentanomial [LL LDg DD WD WW]:  [11 3 17 15 0]
  running…
  47 pairs   94 games   1 g/s · 2m40s
  W 30   L 40   D 24     Elo -35.6 ± 55.4
  -2.9 ──────────────●·┊··············· +2.9  LLR -0.29
  pentanomial [LL LDg DD WD WW]:  [11 3 18 15 0]
  running…
  48 pairs   96 games   1 g/s · 2m42s
  W 30   L 42   D 24     Elo -41.9 ± 55.9
  -2.9 ──────────────●·┊··············· +2.9  LLR -0.34
  pentanomial [LL LDg DD WD WW]:  [12 3 18 15 0]
  running…
  49 pairs   98 games   1 g/s · 2m42s
  W 31   L 43   D 24     Elo -41.1 ± 54.8
  -2.9 ──────────────●·┊··············· +2.9  LLR -0.35
  pentanomial [LL LDg DD WD WW]:  [12 3 19 15 0]
  running…
  50 pairs   100 games   1 g/s · 2m44s
  W 32   L 43   D 25     Elo -36.9 ± 54.2
  -2.9 ──────────────●·┊··············· +2.9  LLR -0.32
  pentanomial [LL LDg DD WD WW]:  [12 3 19 16 0]
  running…
  51 pairs   102 games   1 g/s · 2m45s
  W 33   L 43   D 26     Elo -32.9 ± 53.7
  -2.9 ──────────────●·┊··············· +2.9  LLR -0.29
  pentanomial [LL LDg DD WD WW]:  [12 3 19 17 0]
  running…
  52 pairs   104 games   1 g/s · 2m56s
  W 33   L 45   D 26     Elo -38.8 ± 54.1
  -2.9 ──────────────●·┊··············· +2.9  LLR -0.34
  pentanomial [LL LDg DD WD WW]:  [13 3 19 17 0]
  running…
  53 pairs   106 games   1 g/s · 2m57s
  W 34   L 46   D 26     Elo -38.1 ± 53.1
  -2.9 ──────────────●·┊··············· +2.9  LLR -0.34
  pentanomial [LL LDg DD WD WW]:  [13 3 20 17 0]
  running…
  54 pairs   108 games   1 g/s · 2m58s
  W 35   L 46   D 27     Elo -34.2 ± 52.5
  -2.9 ──────────────●·┊··············· +2.9  LLR -0.32
  pentanomial [LL LDg DD WD WW]:  [13 3 20 18 0]
  running…
  55 pairs   110 games   1 g/s · 3m01s
  W 36   L 47   D 27     Elo -33.6 ± 51.6
  -2.9 ──────────────●·┊··············· +2.9  LLR -0.32
  pentanomial [LL LDg DD WD WW]:  [13 3 21 18 0]
  running…
  56 pairs   112 games   1 g/s · 3m04s
  W 36   L 48   D 28     Elo -36.1 ± 51.0
  -2.9 ──────────────●·┊··············· +2.9  LLR -0.35
  pentanomial [LL LDg DD WD WW]:  [13 4 21 18 0]
  running…
  57 pairs   114 games   1 g/s · 3m05s
  W 37   L 48   D 29     Elo -32.5 ± 50.5
  -2.9 ──────────────●·┊··············· +2.9  LLR -0.33
  pentanomial [LL LDg DD WD WW]:  [13 4 21 19 0]
  running…
  58 pairs   116 games   1 g/s · 3m05s
  W 37   L 48   D 31     Elo -31.9 ± 49.7
  -2.9 ──────────────●·┊··············· +2.9  LLR -0.33
  pentanomial [LL LDg DD WD WW]:  [13 4 22 19 0]
  running…
  59 pairs   118 games   1 g/s · 3m12s
  W 38   L 49   D 31     Elo -31.4 ± 48.9
  -2.9 ──────────────●·┊··············· +2.9  LLR -0.34
  pentanomial [LL LDg DD WD WW]:  [13 4 23 19 0]
  running…
  60 pairs   120 games   1 g/s · 3m13s
  W 38   L 51   D 31     Elo -36.6 ± 49.3
  -2.9 ─────────────●··┊··············· +2.9  LLR -0.38
  pentanomial [LL LDg DD WD WW]:  [14 4 23 19 0]
  running…
  61 pairs   122 games   1 g/s · 3m16s
  W 38   L 53   D 31     Elo -41.6 ± 49.6
  -2.9 ─────────────●··┊··············· +2.9  LLR -0.43
  pentanomial [LL LDg DD WD WW]:  [15 4 23 19 0]
  running…
  62 pairs   124 games   1 g/s · 3m22s
  W 39   L 53   D 32     Elo -38.2 ± 49.2
  -2.9 ─────────────●··┊··············· +2.9  LLR -0.40
  pentanomial [LL LDg DD WD WW]:  [15 4 23 20 0]
  running…
  63 pairs   126 games   1 g/s · 3m30s
  W 40   L 54   D 32     Elo -37.6 ± 48.4
  -2.9 ─────────────●··┊··············· +2.9  LLR -0.41
  pentanomial [LL LDg DD WD WW]:  [15 4 24 20 0]
  running…
  64 pairs   128 games   1 g/s · 3m31s
  W 41   L 54   D 33     Elo -34.3 ± 48.0
  -2.9 ──────────────●·┊··············· +2.9  LLR -0.38
  pentanomial [LL LDg DD WD WW]:  [15 4 24 21 0]
  running…
  65 pairs   130 games   1 g/s · 3m31s
  W 42   L 55   D 33     Elo -33.8 ± 47.3
  -2.9 ─────────────●··┊··············· +2.9  LLR -0.39
  pentanomial [LL LDg DD WD WW]:  [15 4 25 21 0]
  running…
  66 pairs   132 games   1 g/s · 3m32s
  W 42   L 57   D 33     Elo -38.5 ± 47.6
  -2.9 ─────────────●··┊··············· +2.9  LLR -0.43
  pentanomial [LL LDg DD WD WW]:  [16 4 25 21 0]
  running…
  67 pairs   134 games   1 g/s · 3m32s
  W 43   L 57   D 34     Elo -35.4 ± 47.2
  -2.9 ─────────────●··┊··············· +2.9  LLR -0.40
  pentanomial [LL LDg DD WD WW]:  [16 4 25 22 0]
  running…
  68 pairs   136 games   1 g/s · 3m44s
  W 44   L 58   D 34     Elo -34.9 ± 46.5
  -2.9 ─────────────●··┊··············· +2.9  LLR -0.41
  pentanomial [LL LDg DD WD WW]:  [16 4 26 22 0]
  running…
  69 pairs   138 games   1 g/s · 3m44s
  W 44   L 60   D 34     Elo -39.3 ± 46.8
  -2.9 ─────────────●··┊··············· +2.9  LLR -0.46
  pentanomial [LL LDg DD WD WW]:  [17 4 26 22 0]
  running…
  70 pairs   140 games   1 g/s · 3m47s
  W 45   L 60   D 35     Elo -36.3 ± 46.4
  -2.9 ─────────────●··┊··············· +2.9  LLR -0.43
  pentanomial [LL LDg DD WD WW]:  [17 4 26 23 0]
  running…
  71 pairs   142 games   1 g/s · 3m49s
  W 46   L 61   D 35     Elo -35.8 ± 45.8
  -2.9 ─────────────●··┊··············· +2.9  LLR -0.43
  pentanomial [LL LDg DD WD WW]:  [17 4 27 23 0]
  running…
  72 pairs   144 games   1 g/s · 3m54s
  W 46   L 62   D 36     Elo -37.7 ± 45.4
  -2.9 ─────────────●··┊··············· +2.9  LLR -0.47
  pentanomial [LL LDg DD WD WW]:  [17 5 27 23 0]
  running…
  73 pairs   146 games   1 g/s · 3m55s
  W 47   L 62   D 37     Elo -34.9 ± 45.0
  -2.9 ─────────────●··┊··············· +2.9  LLR -0.44
  pentanomial [LL LDg DD WD WW]:  [17 5 27 24 0]
  running…
  74 pairs   148 games   1 g/s · 3m55s
  W 47   L 62   D 39     Elo -34.4 ± 44.4
  -2.9 ─────────────●··┊··············· +2.9  LLR -0.44
  pentanomial [LL LDg DD WD WW]:  [17 5 28 24 0]
  running…
  75 pairs   150 games   1 g/s · 4m01s
  W 47   L 64   D 39     Elo -38.5 ± 44.7
  -2.9 ─────────────●··┊··············· +2.9  LLR -0.49
  pentanomial [LL LDg DD WD WW]:  [18 5 28 24 0]
  running…
  76 pairs   152 games   1 g/s · 4m01s
  W 48   L 65   D 39     Elo -38.0 ± 44.1
  -2.9 ─────────────●··┊··············· +2.9  LLR -0.50
  pentanomial [LL LDg DD WD WW]:  [18 5 29 24 0]
  running…
  77 pairs   154 games   1 g/s · 4m05s
  W 48   L 67   D 39     Elo -42.0 ± 44.3
  -2.9 ─────────────●··┊··············· +2.9  LLR -0.54
  pentanomial [LL LDg DD WD WW]:  [19 5 29 24 0]
  running…
  78 pairs   156 games   1 g/s · 4m08s
  W 49   L 67   D 40     Elo -39.3 ± 44.0
  -2.9 ─────────────●··┊··············· +2.9  LLR -0.51
  pentanomial [LL LDg DD WD WW]:  [19 5 29 25 0]
  running…
  79 pairs   158 games   1 g/s · 4m18s
  W 49   L 69   D 40     Elo -43.1 ± 44.2
  -2.9 ─────────────●··┊··············· +2.9  LLR -0.56
  pentanomial [LL LDg DD WD WW]:  [20 5 29 25 0]
  running…
  80 pairs   160 games   1 g/s · 4m19s
  W 50   L 70   D 40     Elo -42.6 ± 43.7
  -2.9 ─────────────●··┊··············· +2.9  LLR -0.56
  pentanomial [LL LDg DD WD WW]:  [20 5 30 25 0]
  running…
  81 pairs   162 games   1 g/s · 4m19s
  W 51   L 70   D 41     Elo -39.9 ± 43.4
  -2.9 ─────────────●··┊··············· +2.9  LLR -0.54
  pentanomial [LL LDg DD WD WW]:  [20 5 30 26 0]
  running…
  83 pairs   166 games   1 g/s · 4m20s
  W 53   L 71   D 42     Elo -36.9 ± 42.6
  -2.9 ─────────────●··┊··············· +2.9  LLR -0.52
  pentanomial [LL LDg DD WD WW]:  [20 5 31 27 0]
  running…
  84 pairs   168 games   1 g/s · 4m33s
  W 53   L 73   D 42     Elo -40.6 ± 42.8
  -2.9 ─────────────●··┊··············· +2.9  LLR -0.56
  pentanomial [LL LDg DD WD WW]:  [21 5 31 27 0]
  running…
  85 pairs   170 games   1 g/s · 4m34s
  W 54   L 74   D 42     Elo -40.1 ± 42.3
  -2.9 ─────────────●··┊··············· +2.9  LLR -0.57
  pentanomial [LL LDg DD WD WW]:  [21 5 32 27 0]
  running…
  87 pairs   174 games   1 g/s · 4m35s
  W 56   L 75   D 43     Elo -37.2 ± 41.6
  -2.9 ─────────────●··┊··············· +2.9  LLR -0.55
  pentanomial [LL LDg DD WD WW]:  [21 5 33 28 0]
  running…
  88 pairs   176 games   1 g/s · 4m41s
  W 56   L 76   D 44     Elo -38.8 ± 41.2
  -2.9 ────────────●···┊··············· +2.9  LLR -0.58
  pentanomial [LL LDg DD WD WW]:  [21 6 33 28 0]
  running…
  89 pairs   178 games   1 g/s · 4m42s
  W 56   L 76   D 46     Elo -38.3 ± 40.8
  -2.9 ────────────●···┊··············· +2.9  LLR -0.58
  pentanomial [LL LDg DD WD WW]:  [21 6 34 28 0]
  running…
  90 pairs   180 games   1 g/s · 4m42s
  W 57   L 76   D 47     Elo -36.0 ± 40.5
  -2.9 ─────────────●··┊··············· +2.9  LLR -0.56
  pentanomial [LL LDg DD WD WW]:  [21 6 34 29 0]
  running…
  91 pairs   182 games   1 g/s · 4m47s
  W 57   L 78   D 47     Elo -39.4 ± 40.7
  -2.9 ────────────●···┊··············· +2.9  LLR -0.60
  pentanomial [LL LDg DD WD WW]:  [22 6 34 29 0]
  running…
  92 pairs   184 games   1 g/s · 4m50s
  W 58   L 79   D 47     Elo -39.0 ± 40.3
  -2.9 ────────────●···┊··············· +2.9  LLR -0.61
  pentanomial [LL LDg DD WD WW]:  [22 6 35 29 0]
  running…
  93 pairs   186 games   1 g/s · 4m53s
  W 58   L 81   D 47     Elo -42.3 ± 40.5
  -2.9 ────────────●···┊··············· +2.9  LLR -0.65
  pentanomial [LL LDg DD WD WW]:  [23 6 35 29 0]
  running…
  94 pairs   188 games   1 g/s · 4m56s
  W 59   L 81   D 48     Elo -40.0 ± 40.2
  -2.9 ────────────●···┊··············· +2.9  LLR -0.63
  pentanomial [LL LDg DD WD WW]:  [23 6 35 30 0]
  running…
  95 pairs   190 games   1 g/s · 5m05s
  W 60   L 81   D 49     Elo -37.8 ± 40.0
  -2.9 ────────────●···┊··············· +2.9  LLR -0.60
  pentanomial [LL LDg DD WD WW]:  [23 6 35 31 0]
  running…
  96 pairs   192 games   1 g/s · 5m06s
  W 61   L 82   D 49     Elo -37.4 ± 39.6
  -2.9 ────────────●···┊··············· +2.9  LLR -0.61
  pentanomial [LL LDg DD WD WW]:  [23 6 36 31 0]
  running…
  97 pairs   194 games   1 g/s · 5m08s
  W 61   L 84   D 49     Elo -40.5 ± 39.8
  -2.9 ────────────●···┊··············· +2.9  LLR -0.65
  pentanomial [LL LDg DD WD WW]:  [24 6 36 31 0]
  running…
  98 pairs   196 games   1 g/s · 5m08s
  W 62   L 84   D 50     Elo -38.4 ± 39.5
  -2.9 ────────────●···┊··············· +2.9  LLR -0.62
  pentanomial [LL LDg DD WD WW]:  [24 6 36 32 0]
  running…
  99 pairs   198 games   1 g/s · 5m09s
  W 63   L 85   D 50     Elo -38.0 ± 39.1
  -2.9 ────────────●···┊··············· +2.9  LLR -0.63
  pentanomial [LL LDg DD WD WW]:  [24 6 37 32 0]
  running…
  100 pairs   200 games   1 g/s · 5m19s
  W 64   L 85   D 51     Elo -35.9 ± 38.9
  -2.9 ────────────●···┊··············· +2.9  LLR -0.60
  pentanomial [LL LDg DD WD WW]:  [24 6 37 33 0]
  running…
  101 pairs   202 games   1 g/s · 5m20s
  W 65   L 86   D 51     Elo -35.5 ± 38.5
  -2.9 ────────────●···┊··············· +2.9  LLR -0.61
  pentanomial [LL LDg DD WD WW]:  [24 6 38 33 0]
  running…
  102 pairs   204 games   1 g/s · 5m20s
  W 65   L 88   D 51     Elo -38.6 ± 38.7
  -2.9 ────────────●···┊··············· +2.9  LLR -0.65
  pentanomial [LL LDg DD WD WW]:  [25 6 38 33 0]
  running…
  103 pairs   206 games   1 g/s · 5m23s
  W 66   L 89   D 51     Elo -38.2 ± 38.3
  -2.9 ────────────●···┊··············· +2.9  LLR -0.66
  pentanomial [LL LDg DD WD WW]:  [25 6 39 33 0]
  running…
  104 pairs   208 games   1 g/s · 5m29s
  W 67   L 89   D 52     Elo -36.2 ± 38.1
  -2.9 ────────────●···┊··············· +2.9  LLR -0.63
  pentanomial [LL LDg DD WD WW]:  [25 6 39 34 0]
  running…
  105 pairs   210 games   1 g/s · 5m30s
  W 67   L 89   D 54     Elo -35.8 ± 37.8
  -2.9 ────────────●···┊··············· +2.9  LLR -0.64
  pentanomial [LL LDg DD WD WW]:  [25 6 40 34 0]
  running…
  106 pairs   212 games   1 g/s · 5m30s
  W 67   L 90   D 55     Elo -37.1 ± 37.5
  -2.9 ────────────●···┊··············· +2.9  LLR -0.67
  pentanomial [LL LDg DD WD WW]:  [25 7 40 34 0]
  running…
  107 pairs   214 games   1 g/s · 5m36s
  W 67   L 92   D 55     Elo -40.0 ± 37.7
  -2.9 ────────────●···┊··············· +2.9  LLR -0.71
  pentanomial [LL LDg DD WD WW]:  [26 7 40 34 0]
  running…
  108 pairs   216 games   1 g/s · 5m37s
  W 68   L 93   D 55     Elo -39.7 ± 37.3
  -2.9 ────────────●···┊··············· +2.9  LLR -0.72
  pentanomial [LL LDg DD WD WW]:  [26 7 41 34 0]
  running…
  109 pairs   218 games   1 g/s · 5m41s
  W 68   L 95   D 55     Elo -42.5 ± 37.5
  -2.9 ───────────●····┊··············· +2.9  LLR -0.77
  pentanomial [LL LDg DD WD WW]:  [27 7 41 34 0]
  running…
  110 pairs   220 games   1 g/s · 5m44s
  W 69   L 95   D 56     Elo -40.5 ± 37.3
  -2.9 ────────────●···┊··············· +2.9  LLR -0.74
  pentanomial [LL LDg DD WD WW]:  [27 7 41 35 0]
  running…
  111 pairs   222 games   1 g/s · 5m52s
  W 70   L 95   D 57     Elo -38.6 ± 37.1
  -2.9 ────────────●···┊··············· +2.9  LLR -0.71
  pentanomial [LL LDg DD WD WW]:  [27 7 41 36 0]
  running…
  112 pairs   224 games   1 g/s · 5m53s
  W 70   L 97   D 57     Elo -41.3 ± 37.2
  -2.9 ────────────●···┊··············· +2.9  LLR -0.76
  pentanomial [LL LDg DD WD WW]:  [28 7 41 36 0]
  running…
  113 pairs   226 games   1 g/s · 5m53s
  W 71   L 98   D 57     Elo -41.0 ± 36.9
  -2.9 ───────────●····┊··············· +2.9  LLR -0.76
  pentanomial [LL LDg DD WD WW]:  [28 7 42 36 0]
  running…
  114 pairs   228 games   1 g/s · 5m54s
  W 72   L 99   D 57     Elo -40.6 ± 36.6
  -2.9 ───────────●····┊··············· +2.9  LLR -0.77
  pentanomial [LL LDg DD WD WW]:  [28 7 43 36 0]
  running…
  115 pairs   230 games   1 g/s · 5m56s
  W 73   L 99   D 58     Elo -38.8 ± 36.4
  -2.9 ────────────●···┊··············· +2.9  LLR -0.74
  pentanomial [LL LDg DD WD WW]:  [28 7 43 37 0]
  running…
  116 pairs   232 games   1 g/s · 6m06s
  W 74   L 99   D 59     Elo -36.9 ± 36.2
  -2.9 ────────────●···┊··············· +2.9  LLR -0.71
  pentanomial [LL LDg DD WD WW]:  [28 7 43 38 0]
  running…
  117 pairs   234 games   1 g/s · 6m09s
  W 75   L 100   D 59     Elo -36.6 ± 35.9
  -2.9 ────────────●···┊··············· +2.9  LLR -0.72
  pentanomial [LL LDg DD WD WW]:  [28 7 44 38 0]
  running…
  118 pairs   236 games   1 g/s · 6m09s
  W 75   L 102   D 59     Elo -39.3 ± 36.0
  -2.9 ───────────●····┊··············· +2.9  LLR -0.77
  pentanomial [LL LDg DD WD WW]:  [29 7 44 38 0]
  running…
  119 pairs   238 games   1 g/s · 6m11s
  W 76   L 103   D 59     Elo -38.9 ± 35.7
  -2.9 ───────────●····┊··············· +2.9  LLR -0.77
  pentanomial [LL LDg DD WD WW]:  [29 7 45 38 0]
  running…
  120 pairs   240 games   1 g/s · 6m15s
  W 76   L 104   D 60     Elo -40.0 ± 35.5
  -2.9 ───────────●····┊··············· +2.9  LLR -0.80
  pentanomial [LL LDg DD WD WW]:  [29 8 45 38 0]
  running…
  121 pairs   242 games   1 g/s · 6m17s
  W 77   L 104   D 61     Elo -38.3 ± 35.4
  -2.9 ───────────●····┊··············· +2.9  LLR -0.78
  pentanomial [LL LDg DD WD WW]:  [29 8 45 39 0]
  running…
  122 pairs   244 games   1 g/s · 6m18s
  W 77   L 104   D 63     Elo -38.0 ± 35.1
  -2.9 ───────────●····┊··············· +2.9  LLR -0.78
  pentanomial [LL LDg DD WD WW]:  [29 8 46 39 0]
  running…
  123 pairs   246 games   1 g/s · 6m23s
  W 77   L 106   D 63     Elo -40.5 ± 35.2
  -2.9 ───────────●····┊··············· +2.9  LLR -0.83
  pentanomial [LL LDg DD WD WW]:  [30 8 46 39 0]
  running…
  124 pairs   248 games   1 g/s · 6m23s
  W 78   L 107   D 63     Elo -40.2 ± 34.9
  -2.9 ───────────●····┊··············· +2.9  LLR -0.83
  pentanomial [LL LDg DD WD WW]:  [30 8 47 39 0]
  running…
  125 pairs   250 games   1 g/s · 6m27s
  W 78   L 109   D 63     Elo -42.6 ± 35.0
  -2.9 ───────────●····┊··············· +2.9  LLR -0.88
  pentanomial [LL LDg DD WD WW]:  [31 8 47 39 0]
  running…
  126 pairs   252 games   1 g/s · 6m31s
  W 79   L 109   D 64     Elo -40.9 ± 34.9
  -2.9 ───────────●····┊··············· +2.9  LLR -0.85
  pentanomial [LL LDg DD WD WW]:  [31 8 47 40 0]
  running…
  127 pairs   254 games   1 g/s · 6m40s
  W 80   L 110   D 64     Elo -40.6 ± 34.6
  -2.9 ───────────●····┊··············· +2.9  LLR -0.86
  pentanomial [LL LDg DD WD WW]:  [31 8 48 40 0]
  running…
  129 pairs   258 games   1 g/s · 6m42s
  W 82   L 111   D 65     Elo -38.6 ± 34.2
  -2.9 ───────────●····┊··············· +2.9  LLR -0.84
  pentanomial [LL LDg DD WD WW]:  [31 8 49 41 0]
  running…
  130 pairs   260 games   1 g/s · 6m42s
  W 82   L 113   D 65     Elo -41.0 ± 34.3
  -2.9 ───────────●····┊··············· +2.9  LLR -0.88
  pentanomial [LL LDg DD WD WW]:  [32 8 49 41 0]
  running…
  131 pairs   262 games   1 g/s · 6m44s
  W 83   L 113   D 66     Elo -39.4 ± 34.2
  -2.9 ───────────●····┊··············· +2.9  LLR -0.85
  pentanomial [LL LDg DD WD WW]:  [32 8 49 42 0]
  running…
  132 pairs   264 games   1 g/s · 6m54s
  W 83   L 115   D 66     Elo -41.7 ± 34.3
  -2.9 ───────────●····┊··············· +2.9  LLR -0.90
  pentanomial [LL LDg DD WD WW]:  [33 8 49 42 0]
  running…
  133 pairs   266 games   1 g/s · 6m55s
  W 84   L 116   D 66     Elo -41.4 ± 34.0
  -2.9 ───────────●····┊··············· +2.9  LLR -0.91
  pentanomial [LL LDg DD WD WW]:  [33 8 50 42 0]
  running…
  134 pairs   268 games   1 g/s · 6m55s
  W 85   L 116   D 67     Elo -39.8 ± 33.9
  -2.9 ───────────●····┊··············· +2.9  LLR -0.88
  pentanomial [LL LDg DD WD WW]:  [33 8 50 43 0]
  running…
  135 pairs   270 games   1 g/s · 6m57s
  W 86   L 117   D 67     Elo -39.5 ± 33.6
  -2.9 ───────────●····┊··············· +2.9  LLR -0.88
  pentanomial [LL LDg DD WD WW]:  [33 8 51 43 0]
  running…
  136 pairs   272 games   1 g/s · 7m03s
  W 87   L 117   D 68     Elo -37.9 ± 33.5
  -2.9 ───────────●····┊··············· +2.9  LLR -0.86
  pentanomial [LL LDg DD WD WW]:  [33 8 51 44 0]
  running…
  137 pairs   274 games   1 g/s · 7m04s
  W 87   L 118   D 69     Elo -38.9 ± 33.3
  -2.9 ───────────●····┊··············· +2.9  LLR -0.89
  pentanomial [LL LDg DD WD WW]:  [33 9 51 44 0]
  running…
  138 pairs   276 games   1 g/s · 7m04s
  W 87   L 118   D 71     Elo -38.6 ± 33.1
  -2.9 ───────────●····┊··············· +2.9  LLR -0.89
  pentanomial [LL LDg DD WD WW]:  [33 9 52 44 0]
  running…
  139 pairs   278 games   1 g/s · 7m11s
  W 87   L 120   D 71     Elo -40.8 ± 33.2
  -2.9 ───────────●····┊··············· +2.9  LLR -0.94
  pentanomial [LL LDg DD WD WW]:  [34 9 52 44 0]
  running…
  140 pairs   280 games   1 g/s · 7m11s
  W 88   L 121   D 71     Elo -40.6 ± 32.9
  -2.9 ───────────●····┊··············· +2.9  LLR -0.95
  pentanomial [LL LDg DD WD WW]:  [34 9 53 44 0]
  running…
  141 pairs   282 games   1 g/s · 7m14s
  W 88   L 123   D 71     Elo -42.7 ± 33.0
  -2.9 ──────────●·····┊··············· +2.9  LLR -0.99
  pentanomial [LL LDg DD WD WW]:  [35 9 53 44 0]
  running…
  142 pairs   284 games   1 g/s · 7m19s
  W 89   L 123   D 72     Elo -41.2 ± 32.9
  -2.9 ──────────●·····┊··············· +2.9  LLR -0.96
  pentanomial [LL LDg DD WD WW]:  [35 9 53 45 0]
  running…
  143 pairs   286 games   1 g/s · 7m28s
  W 90   L 123   D 73     Elo -39.7 ± 32.8
  -2.9 ───────────●····┊··············· +2.9  LLR -0.94
  pentanomial [LL LDg DD WD WW]:  [35 9 53 46 0]
  running…
  144 pairs   288 games   1 g/s · 7m28s
  W 90   L 125   D 73     Elo -41.8 ± 32.9
  -2.9 ──────────●·····┊··············· +2.9  LLR -0.98
  pentanomial [LL LDg DD WD WW]:  [36 9 53 46 0]
  running…
  145 pairs   290 games   1 g/s · 7m29s
  W 91   L 126   D 73     Elo -41.6 ± 32.6
  -2.9 ──────────●·····┊··············· +2.9  LLR -0.99
  pentanomial [LL LDg DD WD WW]:  [36 9 54 46 0]
  running…
  146 pairs   292 games   1 g/s · 7m29s
  W 92   L 127   D 73     Elo -41.3 ± 32.4
  -2.9 ──────────●·····┊··············· +2.9  LLR -0.99
  pentanomial [LL LDg DD WD WW]:  [36 9 55 46 0]
  running…
  147 pairs   294 games   1 g/s · 7m30s
  W 93   L 127   D 74     Elo -39.8 ± 32.3
  -2.9 ──────────●·····┊··············· +2.9  LLR -0.97
  pentanomial [LL LDg DD WD WW]:  [36 9 55 47 0]
  running…
  148 pairs   296 games   1 g/s · 7m40s
  W 94   L 127   D 75     Elo -38.4 ± 32.2
  -2.9 ───────────●····┊··············· +2.9  LLR -0.94
  pentanomial [LL LDg DD WD WW]:  [36 9 55 48 0]
  running…
  149 pairs   298 games   1 g/s · 7m42s
  W 94   L 129   D 75     Elo -40.4 ± 32.3
  -2.9 ──────────●·····┊··············· +2.9  LLR -0.98
  pentanomial [LL LDg DD WD WW]:  [37 9 55 48 0]
  running…
  150 pairs   300 games   1 g/s · 7m43s
  W 95   L 130   D 75     Elo -40.2 ± 32.1
  -2.9 ──────────●·····┊··············· +2.9  LLR -0.99
  pentanomial [LL LDg DD WD WW]:  [37 9 56 48 0]
  running…
  151 pairs   302 games   1 g/s · 7m46s
  W 96   L 131   D 75     Elo -39.9 ± 31.8
  -2.9 ──────────●·····┊··············· +2.9  LLR -1.00
  pentanomial [LL LDg DD WD WW]:  [37 9 57 48 0]
  running…
  152 pairs   304 games   1 g/s · 7m50s
  W 96   L 132   D 76     Elo -40.8 ± 31.7
  -2.9 ──────────●·····┊··············· +2.9  LLR -1.03
  pentanomial [LL LDg DD WD WW]:  [37 10 57 48 0]
  running…
  153 pairs   306 games   1 g/s · 7m52s
  W 97   L 132   D 77     Elo -39.4 ± 31.6
  -2.9 ──────────●·····┊··············· +2.9  LLR -1.00
  pentanomial [LL LDg DD WD WW]:  [37 10 57 49 0]
  running…
  154 pairs   308 games   1 g/s · 7m52s
  W 97   L 132   D 79     Elo -39.1 ± 31.4
  -2.9 ──────────●·····┊··············· +2.9  LLR -1.01
  pentanomial [LL LDg DD WD WW]:  [37 10 58 49 0]
  running…
  155 pairs   310 games   1 g/s · 7m58s
  W 97   L 134   D 79     Elo -41.1 ± 31.5
  -2.9 ──────────●·····┊··············· +2.9  LLR -1.05
  pentanomial [LL LDg DD WD WW]:  [38 10 58 49 0]
  running…
  156 pairs   312 games   1 g/s · 7m59s
  W 98   L 135   D 79     Elo -40.9 ± 31.3
  -2.9 ──────────●·····┊··············· +2.9  LLR -1.06
  pentanomial [LL LDg DD WD WW]:  [38 10 59 49 0]
  running…
  157 pairs   314 games   1 g/s · 8m01s
  W 98   L 137   D 79     Elo -42.8 ± 31.3
  -2.9 ──────────●·····┊··············· +2.9  LLR -1.10
  pentanomial [LL LDg DD WD WW]:  [39 10 59 49 0]
  running…
  158 pairs   316 games   1 g/s · 8m05s
  W 99   L 137   D 80     Elo -41.5 ± 31.2
  -2.9 ──────────●·····┊··············· +2.9  LLR -1.08
  pentanomial [LL LDg DD WD WW]:  [39 10 59 50 0]
  running…
  159 pairs   318 games   1 g/s · 8m15s
  W 100   L 138   D 80     Elo -41.2 ± 31.0
  -2.9 ──────────●·····┊··············· +2.9  LLR -1.08
  pentanomial [LL LDg DD WD WW]:  [39 10 60 50 0]
  running…
  160 pairs   320 games   1 g/s · 8m16s
  W 101   L 139   D 80     Elo -40.9 ± 30.8
  -2.9 ──────────●·····┊··············· +2.9  LLR -1.09
  pentanomial [LL LDg DD WD WW]:  [39 10 61 50 0]
  running…
  162 pairs   324 games   1 g/s · 8m16s
  W 102   L 141   D 81     Elo -41.5 ± 30.8
  -2.9 ──────────●·····┊··············· +2.9  LLR -1.11
  pentanomial [LL LDg DD WD WW]:  [40 10 61 51 0]
  running…
  163 pairs   326 games   1 g/s · 8m17s
  W 103   L 141   D 82     Elo -40.2 ± 30.7
  -2.9 ──────────●·····┊··············· +2.9  LLR -1.08
  pentanomial [LL LDg DD WD WW]:  [40 10 61 52 0]
  running…
  164 pairs   328 games   1 g/s · 8m29s
  W 103   L 143   D 82     Elo -42.1 ± 30.8
  -2.9 ──────────●·····┊··············· +2.9  LLR -1.12
  pentanomial [LL LDg DD WD WW]:  [41 10 61 52 0]
  running…
  165 pairs   330 games   1 g/s · 8m30s
  W 104   L 143   D 83     Elo -40.8 ± 30.7
  -2.9 ──────────●·····┊··············· +2.9  LLR -1.10
  pentanomial [LL LDg DD WD WW]:  [41 10 61 53 0]
  running…
  166 pairs   332 games   1 g/s · 8m31s
  W 105   L 144   D 83     Elo -40.5 ± 30.5
  -2.9 ──────────●·····┊··············· +2.9  LLR -1.10
  pentanomial [LL LDg DD WD WW]:  [41 10 62 53 0]
  running…
  168 pairs   336 games   1 g/s · 8m38s
  W 106   L 146   D 84     Elo -41.1 ± 30.2
  -2.9 ─────────●······┊··············· +2.9  LLR -1.14
  pentanomial [LL LDg DD WD WW]:  [41 11 63 53 0]
  running…
  169 pairs   338 games   1 g/s · 8m39s
  W 107   L 146   D 85     Elo -39.8 ± 30.1
  -2.9 ──────────●·····┊··············· +2.9  LLR -1.11
  pentanomial [LL LDg DD WD WW]:  [41 11 63 54 0]
  running…
  170 pairs   340 games   1 g/s · 8m40s
  W 107   L 146   D 87     Elo -39.6 ± 29.9
  -2.9 ──────────●·····┊··············· +2.9  LLR -1.12
  pentanomial [LL LDg DD WD WW]:  [41 11 64 54 0]
  running…
  171 pairs   342 games   1 g/s · 8m44s
  W 107   L 148   D 87     Elo -41.4 ± 30.0
  -2.9 ─────────●······┊··············· +2.9  LLR -1.16
  pentanomial [LL LDg DD WD WW]:  [42 11 64 54 0]
  running…
  172 pairs   344 games   1 g/s · 8m47s
  W 108   L 149   D 87     Elo -41.1 ± 29.8
  -2.9 ─────────●······┊··············· +2.9  LLR -1.17
  pentanomial [LL LDg DD WD WW]:  [42 11 65 54 0]
  running…
  173 pairs   346 games   1 g/s · 8m51s
  W 108   L 151   D 87     Elo -42.9 ± 29.9
  -2.9 ─────────●······┊··············· +2.9  LLR -1.22
  pentanomial [LL LDg DD WD WW]:  [43 11 65 54 0]
  running…
  174 pairs   348 games   1 g/s · 8m53s
  W 109   L 151   D 88     Elo -41.7 ± 29.8
  -2.9 ─────────●······┊··············· +2.9  LLR -1.19
  pentanomial [LL LDg DD WD WW]:  [43 11 65 55 0]
  running…
  175 pairs   350 games   1 g/s · 9m03s
  W 110   L 152   D 88     Elo -41.4 ± 29.6
  -2.9 ─────────●······┊··············· +2.9  LLR -1.20
  pentanomial [LL LDg DD WD WW]:  [43 11 66 55 0]
  running…
  176 pairs   352 games   1 g/s · 9m04s
  W 111   L 152   D 89     Elo -40.2 ± 29.5
  -2.9 ─────────●······┊··············· +2.9  LLR -1.17
  pentanomial [LL LDg DD WD WW]:  [43 11 66 56 0]
  running…
  177 pairs   354 games   1 g/s · 9m04s
  W 112   L 153   D 89     Elo -40.0 ± 29.4
  -2.9 ─────────●······┊··············· +2.9  LLR -1.17
  pentanomial [LL LDg DD WD WW]:  [43 11 67 56 0]
  running…
  178 pairs   356 games   1 g/s · 9m04s
  W 112   L 155   D 89     Elo -41.7 ± 29.4
  -2.9 ─────────●······┊··············· +2.9  LLR -1.22
  pentanomial [LL LDg DD WD WW]:  [44 11 67 56 0]
  running…
  179 pairs   358 games   1 g/s · 9m05s
  W 113   L 155   D 90     Elo -40.5 ± 29.3
  -2.9 ─────────●······┊··············· +2.9  LLR -1.19
  pentanomial [LL LDg DD WD WW]:  [44 11 67 57 0]
  running…
  180 pairs   360 games   1 g/s · 9m16s
  W 114   L 155   D 91     Elo -39.3 ± 29.2
  -2.9 ─────────●······┊··············· +2.9  LLR -1.16
  pentanomial [LL LDg DD WD WW]:  [44 11 67 58 0]
  running…
  181 pairs   362 games   1 g/s · 9m16s
  W 115   L 156   D 91     Elo -39.1 ± 29.1
  -2.9 ─────────●······┊··············· +2.9  LLR -1.17
  pentanomial [LL LDg DD WD WW]:  [44 11 68 58 0]
  running…
  182 pairs   364 games   1 g/s · 9m18s
  W 115   L 158   D 91     Elo -40.8 ± 29.1
  -2.9 ─────────●······┊··············· +2.9  LLR -1.22
  pentanomial [LL LDg DD WD WW]:  [45 11 68 58 0]
  running…
  183 pairs   366 games   1 g/s · 9m20s
  W 116   L 159   D 91     Elo -40.6 ± 29.0
  -2.9 ─────────●······┊··············· +2.9  LLR -1.22
  pentanomial [LL LDg DD WD WW]:  [45 11 69 58 0]
  running…
  184 pairs   368 games   1 g/s · 9m26s
  W 116   L 160   D 92     Elo -41.3 ± 28.9
  -2.9 ─────────●······┊··············· +2.9  LLR -1.25
  pentanomial [LL LDg DD WD WW]:  [45 12 69 58 0]
  running…
  185 pairs   370 games   1 g/s · 9m26s
  W 117   L 160   D 93     Elo -40.1 ± 28.8
  -2.9 ─────────●······┊··············· +2.9  LLR -1.23
  pentanomial [LL LDg DD WD WW]:  [45 12 69 59 0]
  running…
  186 pairs   372 games   1 g/s · 9m27s
  W 117   L 160   D 95     Elo -39.9 ± 28.6
  -2.9 ─────────●······┊··············· +2.9  LLR -1.23
  pentanomial [LL LDg DD WD WW]:  [45 12 70 59 0]
  running…
  187 pairs   374 games   1 g/s · 9m32s
  W 117   L 162   D 95     Elo -41.6 ± 28.7
  -2.9 ─────────●······┊··············· +2.9  LLR -1.28
  pentanomial [LL LDg DD WD WW]:  [46 12 70 59 0]
  running…
  188 pairs   376 games   1 g/s · 9m35s
  W 118   L 163   D 95     Elo -41.3 ± 28.5
  -2.9 ─────────●······┊··············· +2.9  LLR -1.28
  pentanomial [LL LDg DD WD WW]:  [46 12 71 59 0]
  running…
  189 pairs   378 games   1 g/s · 9m38s
  W 118   L 165   D 95     Elo -43.0 ± 28.6
  -2.9 ─────────●······┊··············· +2.9  LLR -1.33
  pentanomial [LL LDg DD WD WW]:  [47 12 71 59 0]
  running…
  190 pairs   380 games   1 g/s · 9m40s
  W 119   L 165   D 96     Elo -41.8 ± 28.5
  -2.9 ─────────●······┊··············· +2.9  LLR -1.30
  pentanomial [LL LDg DD WD WW]:  [47 12 71 60 0]
  running…
  191 pairs   382 games   1 g/s · 9m50s
  W 119   L 167   D 96     Elo -43.4 ± 28.6
  -2.9 ────────●·······┊··············· +2.9  LLR -1.34
  pentanomial [LL LDg DD WD WW]:  [48 12 71 60 0]
  running…
  192 pairs   384 games   1 g/s · 9m50s
  W 120   L 168   D 96     Elo -43.2 ± 28.4
  -2.9 ────────●·······┊··············· +2.9  LLR -1.35
  pentanomial [LL LDg DD WD WW]:  [48 12 72 60 0]
  running…
  193 pairs   386 games   1 g/s · 9m51s
  W 121   L 169   D 96     Elo -43.0 ± 28.3
  -2.9 ────────●·······┊··············· +2.9  LLR -1.36
  pentanomial [LL LDg DD WD WW]:  [48 12 73 60 0]
  running…
  195 pairs   390 games   1 g/s · 9m52s
  W 123   L 169   D 98     Elo -40.7 ± 28.1
  -2.9 ─────────●······┊··············· +2.9  LLR -1.30
  pentanomial [LL LDg DD WD WW]:  [48 12 73 62 0]
  running…
  196 pairs   392 games   1 g/s · 10m04s
  W 124   L 169   D 99     Elo -39.7 ± 28.0
  -2.9 ─────────●······┊··············· +2.9  LLR -1.28
  pentanomial [LL LDg DD WD WW]:  [48 12 73 63 0]
  running…
  197 pairs   394 games   1 g/s · 10m05s
  W 125   L 170   D 99     Elo -39.5 ± 27.9
  -2.9 ─────────●······┊··············· +2.9  LLR -1.28
  pentanomial [LL LDg DD WD WW]:  [48 12 74 63 0]
  running…
  198 pairs   396 games   1 g/s · 10m06s
  W 125   L 172   D 99     Elo -41.0 ± 28.0
  -2.9 ─────────●······┊··············· +2.9  LLR -1.33
  pentanomial [LL LDg DD WD WW]:  [49 12 74 63 0]
  running…
  199 pairs   398 games   1 g/s · 10m06s
  W 126   L 173   D 99     Elo -40.8 ± 27.8
  -2.9 ────────●·······┊··············· +2.9  LLR -1.34
  pentanomial [LL LDg DD WD WW]:  [49 12 75 63 0]
  running…
  200 pairs   400 games   1 g/s · 10m13s
  W 126   L 174   D 100     Elo -41.5 ± 27.7
  -2.9 ────────●·······┊··············· +2.9  LLR -1.37
  pentanomial [LL LDg DD WD WW]:  [49 13 75 63 0]
  running…
  201 pairs   402 games   1 g/s · 10m15s
  W 127   L 174   D 101     Elo -40.4 ± 27.6
  -2.9 ────────●·······┊··············· +2.9  LLR -1.34
  pentanomial [LL LDg DD WD WW]:  [49 13 75 64 0]
  running…
  202 pairs   404 games   1 g/s · 10m15s
  W 127   L 174   D 103     Elo -40.2 ± 27.5
  -2.9 ────────●·······┊··············· +2.9  LLR -1.35
  pentanomial [LL LDg DD WD WW]:  [49 13 76 64 0]
  running…
  203 pairs   406 games   1 g/s · 10m20s
  W 127   L 176   D 103     Elo -41.7 ± 27.6
  -2.9 ────────●·······┊··············· +2.9  LLR -1.39
  pentanomial [LL LDg DD WD WW]:  [50 13 76 64 0]
  running…
  204 pairs   408 games   1 g/s · 10m21s
  W 128   L 177   D 103     Elo -41.5 ± 27.4
  -2.9 ────────●·······┊··············· +2.9  LLR -1.40
  pentanomial [LL LDg DD WD WW]:  [50 13 77 64 0]
  running…
  205 pairs   410 games   1 g/s · 10m24s
  W 128   L 179   D 103     Elo -43.0 ± 27.5
  -2.9 ────────●·······┊··············· +2.9  LLR -1.44
  pentanomial [LL LDg DD WD WW]:  [51 13 77 64 0]
  running…
  206 pairs   412 games   1 g/s · 10m27s
  W 129   L 179   D 104     Elo -42.0 ± 27.4
  -2.9 ────────●·······┊··············· +2.9  LLR -1.41
  pentanomial [LL LDg DD WD WW]:  [51 13 77 65 0]
  running…
  207 pairs   414 games   1 g/s · 10m39s
  W 130   L 179   D 105     Elo -40.9 ± 27.3
  -2.9 ────────●·······┊··············· +2.9  LLR -1.39
  pentanomial [LL LDg DD WD WW]:  [51 13 77 66 0]
  running…
  208 pairs   416 games   1 g/s · 10m40s
  W 131   L 180   D 105     Elo -40.7 ± 27.2
  -2.9 ────────●·······┊··············· +2.9  LLR -1.39
  pentanomial [LL LDg DD WD WW]:  [51 13 78 66 0]
  running…
  209 pairs   418 games   1 g/s · 10m40s
  W 132   L 181   D 105     Elo -40.5 ± 27.1
  -2.9 ────────●·······┊··············· +2.9  LLR -1.40
  pentanomial [LL LDg DD WD WW]:  [51 13 79 66 0]
  running…
  210 pairs   420 games   1 g/s · 10m40s
  W 132   L 183   D 105     Elo -42.0 ± 27.1
  -2.9 ────────●·······┊··············· +2.9  LLR -1.44
  pentanomial [LL LDg DD WD WW]:  [52 13 79 66 0]
  running…
  211 pairs   422 games   1 g/s · 10m41s
  W 133   L 183   D 106     Elo -41.0 ± 27.1
  -2.9 ────────●·······┊··············· +2.9  LLR -1.42
  pentanomial [LL LDg DD WD WW]:  [52 13 79 67 0]
  running…
  212 pairs   424 games   1 g/s · 10m52s
  W 134   L 183   D 107     Elo -40.0 ± 27.0
  -2.9 ────────●·······┊··············· +2.9  LLR -1.39
  pentanomial [LL LDg DD WD WW]:  [52 13 79 68 0]
  running…
  213 pairs   426 games   1 g/s · 10m53s
  W 134   L 185   D 107     Elo -41.4 ± 27.0
  -2.9 ────────●·······┊··············· +2.9  LLR -1.43
  pentanomial [LL LDg DD WD WW]:  [53 13 79 68 0]
  running…
  214 pairs   428 games   1 g/s · 10m54s
  W 135   L 186   D 107     Elo -41.2 ± 26.9
  -2.9 ────────●·······┊··············· +2.9  LLR -1.44
  pentanomial [LL LDg DD WD WW]:  [53 13 80 68 0]
  running…
  215 pairs   430 games   1 g/s · 10m55s
  W 136   L 187   D 107     Elo -41.0 ± 26.8
  -2.9 ────────●·······┊··············· +2.9  LLR -1.45
  pentanomial [LL LDg DD WD WW]:  [53 13 81 68 0]
  running…
  216 pairs   432 games   1 g/s · 11m02s
  W 137   L 187   D 108     Elo -40.0 ± 26.7
  -2.9 ────────●·······┊··············· +2.9  LLR -1.42
  pentanomial [LL LDg DD WD WW]:  [53 13 81 69 0]
  running…
  217 pairs   434 games   1 g/s · 11m03s
  W 137   L 188   D 109     Elo -40.6 ± 26.6
  -2.9 ────────●·······┊··············· +2.9  LLR -1.45
  pentanomial [LL LDg DD WD WW]:  [53 14 81 69 0]
  running…
  218 pairs   436 games   1 g/s · 11m05s
  W 137   L 188   D 111     Elo -40.5 ± 26.5
  -2.9 ────────●·······┊··············· +2.9  LLR -1.46
  pentanomial [LL LDg DD WD WW]:  [53 14 82 69 0]
  running…
