engine book: 5429 positions loaded from data/book.bin

  ♟  gomachine SPRT  ·  self-play strength test
  corrhistminor=on,corrhistcont=on  vs  baseline  (new vs old)
  patch: corrhistminor: off→on, corrhistcont: off→on
  budget: 40000 nodes/move   · SPRT[0, 6] α=0.05 β=0.05   · 11×TT 16MB

  1 pairs   2 games   0 g/s · 20s
  W 0   L 0   D 2     Elo -0.0 ± 175.8
  -2.9 ───────────────●┊··············· +2.9  LLR -0.00
  pentanomial [LL LDg DD WD WW]:  [0 0 1 0 0]
  running…
  2 pairs   4 games   0 g/s · 25s
  W 1   L 1   D 2     Elo -0.0 ± 131.9
  -2.9 ───────────────●┊··············· +2.9  LLR -0.00
  pentanomial [LL LDg DD WD WW]:  [0 0 2 0 0]
  running…
  3 pairs   6 games   0 g/s · 27s
  W 2   L 1   D 3     Elo +34.9 ± 123.0
  -2.9 ────────────────●··············· +2.9  LLR +0.05
  pentanomial [LL LDg DD WD WW]:  [0 0 2 1 0]
  running…
  4 pairs   8 games   0 g/s · 30s
  W 2   L 2   D 4     Elo +0.0 ± 119.0
  -2.9 ───────────────●┊··············· +2.9  LLR -0.00
  pentanomial [LL LDg DD WD WW]:  [0 1 2 1 0]
  running…
  5 pairs   10 games   0 g/s · 31s
  W 2   L 3   D 5     Elo -24.9 ± 112.1
  -2.9 ───────────────●┊··············· +2.9  LLR -0.05
  pentanomial [LL LDg DD WD WW]:  [0 2 2 1 0]
  running…
  6 pairs   12 games   0 g/s · 34s
  W 2   L 3   D 7     Elo -21.7 ± 98.1
  -2.9 ───────────────●┊··············· +2.9  LLR -0.06
  pentanomial [LL LDg DD WD WW]:  [0 2 3 1 0]
  running…
  7 pairs   14 games   0 g/s · 35s
  W 2   L 3   D 9     Elo -19.3 ± 87.3
  -2.9 ───────────────●┊··············· +2.9  LLR -0.07
  pentanomial [LL LDg DD WD WW]:  [0 2 4 1 0]
  running…
  8 pairs   16 games   0 g/s · 37s
  W 2   L 4   D 10     Elo -34.9 ± 84.2
  -2.9 ───────────────●┊··············· +2.9  LLR -0.13
  pentanomial [LL LDg DD WD WW]:  [0 3 4 1 0]
  running…
  9 pairs   18 games   0 g/s · 39s
  W 2   L 4   D 12     Elo -31.7 ± 76.7
  -2.9 ───────────────●┊··············· +2.9  LLR -0.14
  pentanomial [LL LDg DD WD WW]:  [0 3 5 1 0]
  running…
  10 pairs   20 games   0 g/s · 40s
  W 2   L 4   D 14     Elo -29.0 ± 70.4
  -2.9 ───────────────●┊··············· +2.9  LLR -0.15
  pentanomial [LL LDg DD WD WW]:  [0 3 6 1 0]
  running…
  11 pairs   22 games   0 g/s · 55s
  W 2   L 4   D 16     Elo -26.8 ± 65.0
  -2.9 ───────────────●┊··············· +2.9  LLR -0.16
  pentanomial [LL LDg DD WD WW]:  [0 3 7 1 0]
  running…
  12 pairs   24 games   0 g/s · 55s
  W 2   L 4   D 18     Elo -24.9 ± 60.4
  -2.9 ───────────────●┊··············· +2.9  LLR -0.18
  pentanomial [LL LDg DD WD WW]:  [0 3 8 1 0]
  running…
  13 pairs   26 games   0 g/s · 59s
  W 2   L 4   D 20     Elo -23.2 ± 56.5
  -2.9 ──────────────●·┊··············· +2.9  LLR -0.19
  pentanomial [LL LDg DD WD WW]:  [0 3 9 1 0]
  running…
  14 pairs   28 games   0 g/s · 1m00s
  W 3   L 4   D 21     Elo -10.9 ± 57.7
  -2.9 ───────────────●┊··············· +2.9  LLR -0.10
  pentanomial [LL LDg DD WD WW]:  [0 3 9 2 0]
  running…
  15 pairs   30 games   0 g/s · 1m02s
  W 3   L 4   D 23     Elo -10.2 ± 54.3
  -2.9 ───────────────●┊··············· +2.9  LLR -0.10
  pentanomial [LL LDg DD WD WW]:  [0 3 10 2 0]
  running…
  16 pairs   32 games   1 g/s · 1m03s
  W 3   L 4   D 25     Elo -9.7 ± 51.3
  -2.9 ───────────────●┊··············· +2.9  LLR -0.11
  pentanomial [LL LDg DD WD WW]:  [0 3 11 2 0]
  running…
  17 pairs   34 games   1 g/s · 1m03s
  W 5   L 4   D 25     Elo +9.1 ± 60.4
  -2.9 ────────────────●··············· +2.9  LLR +0.04
  pentanomial [LL LDg DD WD WW]:  [0 3 11 2 1]
  running…
  18 pairs   36 games   1 g/s · 1m09s
  W 5   L 5   D 26     Elo -0.0 ± 59.9
  -2.9 ───────────────●┊··············· +2.9  LLR -0.02
  pentanomial [LL LDg DD WD WW]:  [0 4 11 2 1]
  running…
  19 pairs   38 games   1 g/s · 1m12s
  W 5   L 5   D 28     Elo -0.0 ± 57.1
  -2.9 ───────────────●┊··············· +2.9  LLR -0.02
  pentanomial [LL LDg DD WD WW]:  [0 4 12 2 1]
  running…
  20 pairs   40 games   1 g/s · 1m13s
  W 5   L 6   D 29     Elo -7.9 ± 56.6
  -2.9 ───────────────●┊··············· +2.9  LLR -0.08
  pentanomial [LL LDg DD WD WW]:  [0 5 12 2 1]
  running…
  21 pairs   42 games   1 g/s · 1m15s
  W 5   L 6   D 31     Elo -7.6 ± 54.1
  -2.9 ───────────────●┊··············· +2.9  LLR -0.08
  pentanomial [LL LDg DD WD WW]:  [0 5 13 2 1]
  running…
  22 pairs   44 games   1 g/s · 1m21s
  W 5   L 6   D 33     Elo -7.2 ± 51.9
  -2.9 ───────────────●┊··············· +2.9  LLR -0.09
  pentanomial [LL LDg DD WD WW]:  [0 5 14 2 1]
  running…
  23 pairs   46 games   1 g/s · 1m23s
  W 6   L 7   D 33     Elo -6.9 ± 49.8
  -2.9 ───────────────●┊··············· +2.9  LLR -0.09
  pentanomial [LL LDg DD WD WW]:  [0 5 15 2 1]
  running…
  25 pairs   50 games   1 g/s · 1m32s
  W 6   L 8   D 36     Elo -12.9 ± 47.7
  -2.9 ───────────────●┊··············· +2.9  LLR -0.16
  pentanomial [LL LDg DD WD WW]:  [0 6 16 2 1]
  running…
  26 pairs   52 games   1 g/s · 1m34s
  W 6   L 8   D 38     Elo -12.4 ± 46.0
  -2.9 ───────────────●┊··············· +2.9  LLR -0.17
  pentanomial [LL LDg DD WD WW]:  [0 6 17 2 1]
  running…
  27 pairs   54 games   1 g/s · 1m37s
  W 6   L 8   D 40     Elo -12.0 ± 44.4
  -2.9 ───────────────●┊··············· +2.9  LLR -0.18
  pentanomial [LL LDg DD WD WW]:  [0 6 18 2 1]
  running…
  28 pairs   56 games   1 g/s · 1m41s
  W 6   L 8   D 42     Elo -11.6 ± 42.9
  -2.9 ───────────────●┊··············· +2.9  LLR -0.18
  pentanomial [LL LDg DD WD WW]:  [0 6 19 2 1]
  running…
  29 pairs   58 games   1 g/s · 1m45s
  W 6   L 8   D 44     Elo -11.2 ± 41.5
  -2.9 ──────────────●·┊··············· +2.9  LLR -0.19
  pentanomial [LL LDg DD WD WW]:  [0 6 20 2 1]
  running…
  30 pairs   60 games   1 g/s · 1m46s
  W 7   L 8   D 45     Elo -5.4 ± 41.7
  -2.9 ───────────────●┊··············· +2.9  LLR -0.11
  pentanomial [LL LDg DD WD WW]:  [0 6 20 3 1]
  running…
  31 pairs   62 games   1 g/s · 1m46s
  W 7   L 8   D 47     Elo -5.3 ± 40.5
  -2.9 ───────────────●┊··············· +2.9  LLR -0.12
  pentanomial [LL LDg DD WD WW]:  [0 6 21 3 1]
  running…
  32 pairs   64 games   1 g/s · 1m47s
  W 9   L 8   D 47     Elo +5.1 ± 44.1
  -2.9 ────────────────●··············· +2.9  LLR +0.03
  pentanomial [LL LDg DD WD WW]:  [0 6 21 3 2]
  running…
  33 pairs   66 games   1 g/s · 1m54s
  W 9   L 8   D 49     Elo +5.0 ± 42.8
  -2.9 ────────────────●··············· +2.9  LLR +0.02
  pentanomial [LL LDg DD WD WW]:  [0 6 22 3 2]
  running…
  34 pairs   68 games   1 g/s · 1m58s
  W 9   L 9   D 50     Elo -0.0 ± 42.7
  -2.9 ───────────────●┊··············· +2.9  LLR -0.04
  pentanomial [LL LDg DD WD WW]:  [0 7 22 3 2]
  running…
  35 pairs   70 games   1 g/s · 1m59s
  W 9   L 9   D 52     Elo -0.0 ± 41.6
  -2.9 ───────────────●┊··············· +2.9  LLR -0.04
  pentanomial [LL LDg DD WD WW]:  [0 7 23 3 2]
  running…
  36 pairs   72 games   1 g/s · 2m01s
  W 9   L 10   D 53     Elo -4.6 ± 41.4
  -2.9 ───────────────●┊··············· +2.9  LLR -0.10
  pentanomial [LL LDg DD WD WW]:  [0 8 23 3 2]
  running…
  37 pairs   74 games   1 g/s · 2m05s
  W 9   L 11   D 54     Elo -8.9 ± 41.3
  -2.9 ───────────────●┊··············· +2.9  LLR -0.16
  pentanomial [LL LDg DD WD WW]:  [0 9 23 3 2]
  running…
  38 pairs   76 games   1 g/s · 2m05s
  W 9   L 11   D 56     Elo -8.7 ± 40.2
  -2.9 ───────────────●┊··············· +2.9  LLR -0.17
  pentanomial [LL LDg DD WD WW]:  [0 9 24 3 2]
  running…
  39 pairs   78 games   1 g/s · 2m07s
  W 9   L 11   D 58     Elo -8.5 ± 39.2
  -2.9 ───────────────●┊··············· +2.9  LLR -0.17
  pentanomial [LL LDg DD WD WW]:  [0 9 25 3 2]
  running…
  40 pairs   80 games   1 g/s · 2m09s
  W 10   L 12   D 58     Elo -8.3 ± 38.3
  -2.9 ───────────────●┊··············· +2.9  LLR -0.18
  pentanomial [LL LDg DD WD WW]:  [0 9 26 3 2]
  running…
  41 pairs   82 games   1 g/s · 2m17s
  W 10   L 12   D 60     Elo -8.1 ± 37.4
  -2.9 ───────────────●┊··············· +2.9  LLR -0.18
  pentanomial [LL LDg DD WD WW]:  [0 9 27 3 2]
  running…
  42 pairs   84 games   1 g/s · 2m20s
  W 10   L 12   D 62     Elo -7.9 ± 36.6
  -2.9 ───────────────●┊··············· +2.9  LLR -0.19
  pentanomial [LL LDg DD WD WW]:  [0 9 28 3 2]
  running…
  43 pairs   86 games   1 g/s · 2m28s
  W 10   L 12   D 64     Elo -7.7 ± 35.8
  -2.9 ──────────────●·┊··············· +2.9  LLR -0.19
  pentanomial [LL LDg DD WD WW]:  [0 9 29 3 2]
  running…
  44 pairs   88 games   1 g/s · 2m30s
  W 11   L 12   D 65     Elo -3.8 ± 35.8
  -2.9 ───────────────●┊··············· +2.9  LLR -0.12
  pentanomial [LL LDg DD WD WW]:  [0 9 29 4 2]
  running…
  45 pairs   90 games   1 g/s · 2m30s
  W 11   L 12   D 67     Elo -3.7 ± 35.0
  -2.9 ───────────────●┊··············· +2.9  LLR -0.13
  pentanomial [LL LDg DD WD WW]:  [0 9 30 4 2]
  running…
  46 pairs   92 games   1 g/s · 2m31s
  W 11   L 12   D 69     Elo -3.6 ± 34.3
  -2.9 ───────────────●┊··············· +2.9  LLR -0.13
  pentanomial [LL LDg DD WD WW]:  [0 9 31 4 2]
  running…
  47 pairs   94 games   1 g/s · 2m33s
  W 11   L 12   D 71     Elo -3.5 ± 33.6
  -2.9 ───────────────●┊··············· +2.9  LLR -0.13
  pentanomial [LL LDg DD WD WW]:  [0 9 32 4 2]
  running…
  48 pairs   96 games   1 g/s · 2m36s
  W 13   L 12   D 71     Elo +3.5 ± 35.6
  -2.9 ────────────────●··············· +2.9  LLR +0.01
  pentanomial [LL LDg DD WD WW]:  [0 9 32 4 3]
  running…
  49 pairs   98 games   1 g/s · 2m38s
  W 13   L 12   D 73     Elo +3.4 ± 34.9
  -2.9 ────────────────●··············· +2.9  LLR +0.01
  pentanomial [LL LDg DD WD WW]:  [0 9 33 4 3]
  running…
  50 pairs   100 games   1 g/s · 2m43s
  W 13   L 12   D 75     Elo +3.3 ± 34.3
  -2.9 ────────────────●··············· +2.9  LLR +0.01
  pentanomial [LL LDg DD WD WW]:  [0 9 34 4 3]
  running…
  51 pairs   102 games   1 g/s · 2m44s
  W 13   L 13   D 76     Elo -0.0 ± 34.2
  -2.9 ───────────────●┊··············· +2.9  LLR -0.06
  pentanomial [LL LDg DD WD WW]:  [0 10 34 4 3]
  running…
  52 pairs   104 games   1 g/s · 2m46s
  W 13   L 14   D 77     Elo -3.2 ± 34.2
  -2.9 ───────────────●┊··············· +2.9  LLR -0.12
  pentanomial [LL LDg DD WD WW]:  [0 11 34 4 3]
  running…
  53 pairs   106 games   1 g/s · 2m54s
  W 13   L 14   D 79     Elo -3.2 ± 33.6
  -2.9 ───────────────●┊··············· +2.9  LLR -0.13
  pentanomial [LL LDg DD WD WW]:  [0 11 35 4 3]
  running…
  54 pairs   108 games   1 g/s · 2m55s
  W 14   L 15   D 79     Elo -3.1 ± 33.0
  -2.9 ───────────────●┊··············· +2.9  LLR -0.13
  pentanomial [LL LDg DD WD WW]:  [0 11 36 4 3]
  running…
  55 pairs   110 games   1 g/s · 2m55s
  W 14   L 15   D 81     Elo -3.0 ± 32.4
  -2.9 ───────────────●┊··············· +2.9  LLR -0.13
  pentanomial [LL LDg DD WD WW]:  [0 11 37 4 3]
  running…
  56 pairs   112 games   1 g/s · 2m57s
  W 14   L 16   D 82     Elo -6.0 ± 32.3
  -2.9 ──────────────●·┊··············· +2.9  LLR -0.20
  pentanomial [LL LDg DD WD WW]:  [0 12 37 4 3]
  running…
  57 pairs   114 games   1 g/s · 3m05s
  W 14   L 16   D 84     Elo -5.9 ± 31.8
  -2.9 ──────────────●·┊··············· +2.9  LLR -0.20
  pentanomial [LL LDg DD WD WW]:  [0 12 38 4 3]
  running…
  58 pairs   116 games   1 g/s · 3m11s
  W 14   L 16   D 86     Elo -5.8 ± 31.3
  -2.9 ──────────────●·┊··············· +2.9  LLR -0.21
  pentanomial [LL LDg DD WD WW]:  [0 12 39 4 3]
  running…
  59 pairs   118 games   1 g/s · 3m14s
  W 14   L 16   D 88     Elo -5.7 ± 30.8
  -2.9 ──────────────●·┊··············· +2.9  LLR -0.21
  pentanomial [LL LDg DD WD WW]:  [0 12 40 4 3]
  running…
  60 pairs   120 games   1 g/s · 3m19s
  W 14   L 16   D 90     Elo -5.6 ± 30.3
  -2.9 ──────────────●·┊··············· +2.9  LLR -0.22
  pentanomial [LL LDg DD WD WW]:  [0 12 41 4 3]
  running…
  61 pairs   122 games   1 g/s · 3m20s
  W 14   L 16   D 92     Elo -5.5 ± 29.8
  -2.9 ──────────────●·┊··············· +2.9  LLR -0.22
  pentanomial [LL LDg DD WD WW]:  [0 12 42 4 3]
  running…
  62 pairs   124 games   1 g/s · 3m21s
  W 14   L 16   D 94     Elo -5.4 ± 29.3
  -2.9 ──────────────●·┊··············· +2.9  LLR -0.23
  pentanomial [LL LDg DD WD WW]:  [0 12 43 4 3]
  running…
  63 pairs   126 games   1 g/s · 3m22s
  W 15   L 16   D 95     Elo -2.7 ± 29.3
  -2.9 ───────────────●┊··············· +2.9  LLR -0.15
  pentanomial [LL LDg DD WD WW]:  [0 12 43 5 3]
  running…
  64 pairs   128 games   1 g/s · 3m27s
  W 17   L 16   D 95     Elo +2.6 ± 30.7
  -2.9 ───────────────●┊··············· +2.9  LLR -0.01
  pentanomial [LL LDg DD WD WW]:  [0 12 43 5 4]
  running…
  65 pairs   130 games   1 g/s · 3m28s
  W 17   L 16   D 97     Elo +2.6 ± 30.2
  -2.9 ───────────────●┊··············· +2.9  LLR -0.01
  pentanomial [LL LDg DD WD WW]:  [0 12 44 5 4]
  running…
  66 pairs   132 games   1 g/s · 3m34s
  W 17   L 16   D 99     Elo +2.6 ± 29.8
  -2.9 ───────────────●┊··············· +2.9  LLR -0.01
  pentanomial [LL LDg DD WD WW]:  [0 12 45 5 4]
  running…
  67 pairs   134 games   1 g/s · 3m35s
  W 17   L 17   D 100     Elo -0.0 ± 29.8
  -2.9 ───────────────●┊··············· +2.9  LLR -0.08
  pentanomial [LL LDg DD WD WW]:  [0 13 45 5 4]
  running…
  68 pairs   136 games   1 g/s · 3m36s
  W 17   L 18   D 101     Elo -2.5 ± 29.7
  -2.9 ───────────────●┊··············· +2.9  LLR -0.14
  pentanomial [LL LDg DD WD WW]:  [0 14 45 5 4]
  running…
  69 pairs   138 games   1 g/s · 3m44s
  W 17   L 19   D 102     Elo -4.9 ± 29.7
  -2.9 ──────────────●·┊··············· +2.9  LLR -0.21
  pentanomial [LL LDg DD WD WW]:  [0 15 45 5 4]
  running…
  70 pairs   140 games   1 g/s · 3m45s
  W 18   L 20   D 102     Elo -4.8 ± 29.3
  -2.9 ──────────────●·┊··············· +2.9  LLR -0.21
  pentanomial [LL LDg DD WD WW]:  [0 15 46 5 4]
  running…
  71 pairs   142 games   1 g/s · 3m47s
  W 18   L 20   D 104     Elo -4.8 ± 28.9
  -2.9 ──────────────●·┊··············· +2.9  LLR -0.21
  pentanomial [LL LDg DD WD WW]:  [0 15 47 5 4]
  running…
  72 pairs   144 games   1 g/s · 3m47s
  W 18   L 20   D 106     Elo -4.7 ± 28.5
  -2.9 ──────────────●·┊··············· +2.9  LLR -0.22
  pentanomial [LL LDg DD WD WW]:  [0 15 48 5 4]
  running…
  73 pairs   146 games   1 g/s · 3m56s
  W 18   L 20   D 108     Elo -4.6 ± 28.1
  -2.9 ──────────────●·┊··············· +2.9  LLR -0.22
  pentanomial [LL LDg DD WD WW]:  [0 15 49 5 4]
  running…
  74 pairs   148 games   1 g/s · 4m00s
  W 18   L 20   D 110     Elo -4.6 ± 27.7
  -2.9 ──────────────●·┊··············· +2.9  LLR -0.23
  pentanomial [LL LDg DD WD WW]:  [0 15 50 5 4]
  running…
  75 pairs   150 games   1 g/s · 4m05s
  W 18   L 20   D 112     Elo -4.5 ± 27.4
  -2.9 ──────────────●·┊··············· +2.9  LLR -0.23
  pentanomial [LL LDg DD WD WW]:  [0 15 51 5 4]
  running…
  76 pairs   152 games   1 g/s · 4m08s
  W 18   L 20   D 114     Elo -4.5 ± 27.0
  -2.9 ──────────────●·┊··············· +2.9  LLR -0.24
  pentanomial [LL LDg DD WD WW]:  [0 15 52 5 4]
  running…
  77 pairs   154 games   1 g/s · 4m09s
  W 18   L 20   D 116     Elo -4.4 ± 26.7
  -2.9 ──────────────●·┊··············· +2.9  LLR -0.24
  pentanomial [LL LDg DD WD WW]:  [0 15 53 5 4]
  running…
  78 pairs   156 games   1 g/s · 4m10s
  W 19   L 20   D 117     Elo -2.2 ± 26.7
  -2.9 ───────────────●┊··············· +2.9  LLR -0.17
  pentanomial [LL LDg DD WD WW]:  [0 15 53 6 4]
  running…
  79 pairs   158 games   1 g/s · 4m11s
  W 19   L 20   D 119     Elo -2.1 ± 26.4
  -2.9 ───────────────●┊··············· +2.9  LLR -0.17
  pentanomial [LL LDg DD WD WW]:  [0 15 54 6 4]
  running…
  80 pairs   160 games   1 g/s · 4m16s
  W 21   L 20   D 119     Elo +2.1 ± 27.4
  -2.9 ───────────────●┊··············· +2.9  LLR -0.03
  pentanomial [LL LDg DD WD WW]:  [0 15 54 6 5]
  running…
  81 pairs   162 games   1 g/s · 4m17s
  W 21   L 20   D 121     Elo +2.1 ± 27.0
  -2.9 ───────────────●┊··············· +2.9  LLR -0.03
  pentanomial [LL LDg DD WD WW]:  [0 15 55 6 5]
  running…
  82 pairs   164 games   1 g/s · 4m24s
  W 21   L 21   D 122     Elo -0.0 ± 27.0
  -2.9 ───────────────●┊··············· +2.9  LLR -0.09
  pentanomial [LL LDg DD WD WW]:  [0 16 55 6 5]
  running…
  83 pairs   166 games   1 g/s · 4m25s
  W 21   L 21   D 124     Elo -0.0 ± 26.7
  -2.9 ───────────────●┊··············· +2.9  LLR -0.10
  pentanomial [LL LDg DD WD WW]:  [0 16 56 6 5]
  running…
  84 pairs   168 games   1 g/s · 4m26s
  W 21   L 22   D 125     Elo -2.0 ± 26.7
  -2.9 ───────────────●┊··············· +2.9  LLR -0.16
  pentanomial [LL LDg DD WD WW]:  [0 17 56 6 5]
  running…
  85 pairs   170 games   1 g/s · 4m34s
  W 21   L 23   D 126     Elo -4.0 ± 26.6
  -2.9 ──────────────●·┊··············· +2.9  LLR -0.23
  pentanomial [LL LDg DD WD WW]:  [0 18 56 6 5]
  running…
  86 pairs   172 games   1 g/s · 4m34s
  W 21   L 23   D 128     Elo -3.9 ± 26.3
  -2.9 ──────────────●·┊··············· +2.9  LLR -0.23
  pentanomial [LL LDg DD WD WW]:  [0 18 57 6 5]
  running…
  88 pairs   176 games   1 g/s · 4m35s
  W 22   L 24   D 130     Elo -3.9 ± 25.8
  -2.9 ──────────────●·┊··············· +2.9  LLR -0.24
  pentanomial [LL LDg DD WD WW]:  [0 18 59 6 5]
  running…
  89 pairs   178 games   1 g/s · 4m44s
  W 22   L 24   D 132     Elo -3.8 ± 25.5
  -2.9 ──────────────●·┊··············· +2.9  LLR -0.24
  pentanomial [LL LDg DD WD WW]:  [0 18 60 6 5]
  running…
  90 pairs   180 games   1 g/s · 4m48s
  W 22   L 24   D 134     Elo -3.8 ± 25.2
  -2.9 ──────────────●·┊··············· +2.9  LLR -0.25
  pentanomial [LL LDg DD WD WW]:  [0 18 61 6 5]
  running…
  91 pairs   182 games   1 g/s · 4m52s
  W 22   L 24   D 136     Elo -3.7 ± 24.9
  -2.9 ──────────────●·┊··············· +2.9  LLR -0.25
  pentanomial [LL LDg DD WD WW]:  [0 18 62 6 5]
  running…
  92 pairs   184 games   1 g/s · 4m57s
  W 22   L 24   D 138     Elo -3.7 ± 24.7
  -2.9 ──────────────●·┊··············· +2.9  LLR -0.25
  pentanomial [LL LDg DD WD WW]:  [0 18 63 6 5]
  running…
  93 pairs   186 games   1 g/s · 4m58s
  W 22   L 24   D 140     Elo -3.7 ± 24.4
  -2.9 ──────────────●·┊··············· +2.9  LLR -0.26
  pentanomial [LL LDg DD WD WW]:  [0 18 64 6 5]
  running…
  94 pairs   188 games   1 g/s · 5m00s
  W 23   L 24   D 141     Elo -1.8 ± 24.4
  -2.9 ───────────────●┊··············· +2.9  LLR -0.19
  pentanomial [LL LDg DD WD WW]:  [0 18 64 7 5]
  running…
  95 pairs   190 games   1 g/s · 5m01s
  W 23   L 24   D 143     Elo -1.8 ± 24.2
  -2.9 ───────────────●┊··············· +2.9  LLR -0.19
  pentanomial [LL LDg DD WD WW]:  [0 18 65 7 5]
  running…
  96 pairs   192 games   1 g/s · 5m06s
  W 23   L 24   D 145     Elo -1.8 ± 23.9
  -2.9 ──────────────●·┊··············· +2.9  LLR -0.19
  pentanomial [LL LDg DD WD WW]:  [0 18 66 7 5]
  running…
  98 pairs   196 games   1 g/s · 5m11s
  W 25   L 25   D 146     Elo -0.0 ± 24.6
  -2.9 ───────────────●┊··············· +2.9  LLR -0.11
  pentanomial [LL LDg DD WD WW]:  [0 19 66 7 6]
  running…
  99 pairs   198 games   1 g/s · 5m13s
  W 25   L 25   D 148     Elo -0.0 ± 24.4
  -2.9 ───────────────●┊··············· +2.9  LLR -0.12
  pentanomial [LL LDg DD WD WW]:  [0 19 67 7 6]
  running…
  100 pairs   200 games   1 g/s · 5m15s
  W 25   L 26   D 149     Elo -1.7 ± 24.4
  -2.9 ───────────────●┊··············· +2.9  LLR -0.18
  pentanomial [LL LDg DD WD WW]:  [0 20 67 7 6]
  running…
  101 pairs   202 games   1 g/s · 5m21s
  W 25   L 27   D 150     Elo -3.4 ± 24.4
  -2.9 ──────────────●·┊··············· +2.9  LLR -0.25
  pentanomial [LL LDg DD WD WW]:  [0 21 67 7 6]
  running…
  102 pairs   204 games   1 g/s · 5m23s
  W 25   L 27   D 152     Elo -3.3 ± 24.1
  -2.9 ──────────────●·┊··············· +2.9  LLR -0.25
  pentanomial [LL LDg DD WD WW]:  [0 21 68 7 6]
  running…
  103 pairs   206 games   1 g/s · 5m25s
  W 25   L 27   D 154     Elo -3.3 ± 23.9
  -2.9 ──────────────●·┊··············· +2.9  LLR -0.25
  pentanomial [LL LDg DD WD WW]:  [0 21 69 7 6]
  running…
  104 pairs   208 games   1 g/s · 5m25s
  W 26   L 28   D 154     Elo -3.3 ± 23.7
  -2.9 ──────────────●·┊··············· +2.9  LLR -0.26
  pentanomial [LL LDg DD WD WW]:  [0 21 70 7 6]
  running…
  105 pairs   210 games   1 g/s · 5m33s
  W 26   L 28   D 156     Elo -3.2 ± 23.5
  -2.9 ──────────────●·┊··············· +2.9  LLR -0.26
  pentanomial [LL LDg DD WD WW]:  [0 21 71 7 6]
  running…
  106 pairs   212 games   1 g/s · 5m39s
  W 26   L 28   D 158     Elo -3.2 ± 23.2
  -2.9 ──────────────●·┊··············· +2.9  LLR -0.27
  pentanomial [LL LDg DD WD WW]:  [0 21 72 7 6]
  running…
  107 pairs   214 games   1 g/s · 5m42s
  W 26   L 28   D 160     Elo -3.2 ± 23.0
  -2.9 ──────────────●·┊··············· +2.9  LLR -0.27
  pentanomial [LL LDg DD WD WW]:  [0 21 73 7 6]
  running…
  108 pairs   216 games   1 g/s · 5m46s
  W 26   L 28   D 162     Elo -3.2 ± 22.8
  -2.9 ──────────────●·┊··············· +2.9  LLR -0.27
  pentanomial [LL LDg DD WD WW]:  [0 21 74 7 6]
  running…
  109 pairs   218 games   1 g/s · 5m47s
  W 26   L 28   D 164     Elo -3.1 ± 22.6
  -2.9 ──────────────●·┊··············· +2.9  LLR -0.28
  pentanomial [LL LDg DD WD WW]:  [0 21 75 7 6]
  running…
  110 pairs   220 games   1 g/s · 5m48s
  W 26   L 28   D 166     Elo -3.1 ± 22.4
  -2.9 ──────────────●·┊··············· +2.9  LLR -0.28
  pentanomial [LL LDg DD WD WW]:  [0 21 76 7 6]
  running…
  111 pairs   222 games   1 g/s · 5m49s
  W 27   L 28   D 167     Elo -1.5 ± 22.4
  -2.9 ──────────────●·┊··············· +2.9  LLR -0.21
  pentanomial [LL LDg DD WD WW]:  [0 21 76 8 6]
  running…
  112 pairs   224 games   1 g/s · 5m54s
  W 29   L 28   D 167     Elo +1.5 ± 23.0
  -2.9 ───────────────●┊··············· +2.9  LLR -0.06
  pentanomial [LL LDg DD WD WW]:  [0 21 76 8 7]
  running…
  113 pairs   226 games   1 g/s · 5m55s
  W 29   L 28   D 169     Elo +1.5 ± 22.8
  -2.9 ───────────────●┊··············· +2.9  LLR -0.07
  pentanomial [LL LDg DD WD WW]:  [0 21 77 8 7]
  running…
  114 pairs   228 games   1 g/s · 6m03s
  W 29   L 29   D 170     Elo -0.0 ± 22.8
  -2.9 ───────────────●┊··············· +2.9  LLR -0.13
  pentanomial [LL LDg DD WD WW]:  [0 22 77 8 7]
  running…
  115 pairs   230 games   1 g/s · 6m04s
  W 29   L 30   D 171     Elo -1.5 ± 22.8
  -2.9 ──────────────●·┊··············· +2.9  LLR -0.20
  pentanomial [LL LDg DD WD WW]:  [0 23 77 8 7]
  running…
  116 pairs   232 games   1 g/s · 6m04s
  W 29   L 30   D 173     Elo -1.5 ± 22.6
  -2.9 ──────────────●·┊··············· +2.9  LLR -0.20
  pentanomial [LL LDg DD WD WW]:  [0 23 78 8 7]
  running…
  117 pairs   234 games   1 g/s · 6m11s
  W 29   L 31   D 174     Elo -2.9 ± 22.6
  -2.9 ──────────────●·┊··············· +2.9  LLR -0.27
  pentanomial [LL LDg DD WD WW]:  [0 24 78 8 7]
  running…
  118 pairs   236 games   1 g/s · 6m13s
  W 30   L 32   D 174     Elo -2.9 ± 22.4
  -2.9 ──────────────●·┊··············· +2.9  LLR -0.27
  pentanomial [LL LDg DD WD WW]:  [0 24 79 8 7]
  running…
  119 pairs   238 games   1 g/s · 6m14s
  W 30   L 32   D 176     Elo -2.9 ± 22.2
  -2.9 ──────────────●·┊··············· +2.9  LLR -0.27
  pentanomial [LL LDg DD WD WW]:  [0 24 80 8 7]
  running…
  120 pairs   240 games   1 g/s · 6m15s
  W 30   L 32   D 178     Elo -2.8 ± 22.0
  -2.9 ──────────────●·┊··············· +2.9  LLR -0.28
  pentanomial [LL LDg DD WD WW]:  [0 24 81 8 7]
  running…
  121 pairs   242 games   1 g/s · 6m22s
  W 30   L 32   D 180     Elo -2.8 ± 21.9
  -2.9 ──────────────●·┊··············· +2.9  LLR -0.28
  pentanomial [LL LDg DD WD WW]:  [0 24 82 8 7]
  running…
  122 pairs   244 games   1 g/s · 6m28s
  W 30   L 32   D 182     Elo -2.8 ± 21.7
  -2.9 ──────────────●·┊··············· +2.9  LLR -0.28
  pentanomial [LL LDg DD WD WW]:  [0 24 83 8 7]
  running…
  123 pairs   246 games   1 g/s · 6m33s
  W 30   L 32   D 184     Elo -2.8 ± 21.5
  -2.9 ──────────────●·┊··············· +2.9  LLR -0.29
  pentanomial [LL LDg DD WD WW]:  [0 24 84 8 7]
  running…
  124 pairs   248 games   1 g/s · 6m38s
  W 30   L 32   D 186     Elo -2.8 ± 21.3
  -2.9 ──────────────●·┊··············· +2.9  LLR -0.29
  pentanomial [LL LDg DD WD WW]:  [0 24 85 8 7]
  running…
  126 pairs   252 games   1 g/s · 6m40s
  W 31   L 32   D 189     Elo -1.4 ± 21.2
  -2.9 ──────────────●·┊··············· +2.9  LLR -0.22
  pentanomial [LL LDg DD WD WW]:  [0 24 86 9 7]
  running…
  127 pairs   254 games   1 g/s · 6m41s
  W 31   L 32   D 191     Elo -1.3 ± 21.0
  -2.9 ──────────────●·┊··············· +2.9  LLR -0.23
  pentanomial [LL LDg DD WD WW]:  [0 24 87 9 7]
  running…
  128 pairs   256 games   1 g/s · 6m44s
  W 33   L 32   D 191     Elo +1.3 ± 21.5
  -2.9 ───────────────●┊··············· +2.9  LLR -0.08
  pentanomial [LL LDg DD WD WW]:  [0 24 87 9 8]
  running…
  129 pairs   258 games   1 g/s · 6m45s
  W 33   L 32   D 193     Elo +1.3 ± 21.3
  -2.9 ───────────────●┊··············· +2.9  LLR -0.08
  pentanomial [LL LDg DD WD WW]:  [0 24 88 9 8]
  running…
  130 pairs   260 games   1 g/s · 6m52s
  W 33   L 33   D 194     Elo -0.0 ± 21.3
  -2.9 ───────────────●┊··············· +2.9  LLR -0.15
  pentanomial [LL LDg DD WD WW]:  [0 25 88 9 8]
  running…
  131 pairs   262 games   1 g/s · 6m53s
  W 33   L 34   D 195     Elo -1.3 ± 21.3
  -2.9 ──────────────●·┊··············· +2.9  LLR -0.22
  pentanomial [LL LDg DD WD WW]:  [0 26 88 9 8]
  running…
  133 pairs   266 games   1 g/s · 7m01s
  W 33   L 35   D 198     Elo -2.6 ± 21.2
  -2.9 ──────────────●·┊··············· +2.9  LLR -0.29
  pentanomial [LL LDg DD WD WW]:  [0 27 89 9 8]
  running…
  134 pairs   268 games   1 g/s · 7m02s
  W 33   L 35   D 200     Elo -2.6 ± 21.0
  -2.9 ──────────────●·┊··············· +2.9  LLR -0.29
  pentanomial [LL LDg DD WD WW]:  [0 27 90 9 8]
  running…
  135 pairs   270 games   1 g/s · 7m03s
  W 33   L 35   D 202     Elo -2.5 ± 20.8
  -2.9 ──────────────●·┊··············· +2.9  LLR -0.29
  pentanomial [LL LDg DD WD WW]:  [0 27 91 9 8]
  running…
  136 pairs   272 games   1 g/s · 7m03s
  W 34   L 36   D 202     Elo -2.5 ± 20.7
  -2.9 ──────────────●·┊··············· +2.9  LLR -0.30
  pentanomial [LL LDg DD WD WW]:  [0 27 92 9 8]
  running…
  137 pairs   274 games   1 g/s · 7m11s
  W 34   L 36   D 204     Elo -2.5 ± 20.5
  -2.9 ──────────────●·┊··············· +2.9  LLR -0.30
  pentanomial [LL LDg DD WD WW]:  [0 27 93 9 8]
  running…
  138 pairs   276 games   1 g/s · 7m18s
  W 34   L 36   D 206     Elo -2.5 ± 20.4
  -2.9 ──────────────●·┊··············· +2.9  LLR -0.30
  pentanomial [LL LDg DD WD WW]:  [0 27 94 9 8]
  running…
  139 pairs   278 games   1 g/s · 7m20s
  W 34   L 36   D 208     Elo -2.5 ± 20.3
  -2.9 ──────────────●·┊··············· +2.9  LLR -0.31
  pentanomial [LL LDg DD WD WW]:  [0 27 95 9 8]
  running…
  140 pairs   280 games   1 g/s · 7m24s
  W 34   L 36   D 210     Elo -2.4 ± 20.1
  -2.9 ──────────────●·┊··············· +2.9  LLR -0.31
  pentanomial [LL LDg DD WD WW]:  [0 27 96 9 8]
  running…
  141 pairs   282 games   1 g/s · 7m25s
  W 34   L 36   D 212     Elo -2.4 ± 20.0
  -2.9 ──────────────●·┊··············· +2.9  LLR -0.31
  pentanomial [LL LDg DD WD WW]:  [0 27 97 9 8]
  running…
  142 pairs   284 games   1 g/s · 7m27s
  W 35   L 36   D 213     Elo -1.2 ± 20.0
  -2.9 ──────────────●·┊··············· +2.9  LLR -0.24
  pentanomial [LL LDg DD WD WW]:  [0 27 97 10 8]
  running…
  143 pairs   286 games   1 g/s · 7m28s
  W 35   L 36   D 215     Elo -1.2 ± 19.8
  -2.9 ──────────────●·┊··············· +2.9  LLR -0.25
  pentanomial [LL LDg DD WD WW]:  [0 27 98 10 8]
  running…
  144 pairs   288 games   1 g/s · 7m33s
  W 37   L 36   D 215     Elo +1.2 ± 20.2
  -2.9 ───────────────●┊··············· +2.9  LLR -0.10
  pentanomial [LL LDg DD WD WW]:  [0 27 98 10 9]
  running…
  145 pairs   290 games   1 g/s · 7m34s
  W 37   L 36   D 217     Elo +1.2 ± 20.1
  -2.9 ───────────────●┊··············· +2.9  LLR -0.10
  pentanomial [LL LDg DD WD WW]:  [0 27 99 10 9]
  running…
  146 pairs   292 games   1 g/s · 7m40s
  W 37   L 37   D 218     Elo -0.0 ± 20.1
  -2.9 ───────────────●┊··············· +2.9  LLR -0.17
  pentanomial [LL LDg DD WD WW]:  [0 28 99 10 9]
  running…
  147 pairs   294 games   1 g/s · 7m41s
  W 37   L 37   D 220     Elo -0.0 ± 20.0
  -2.9 ───────────────●┊··············· +2.9  LLR -0.17
  pentanomial [LL LDg DD WD WW]:  [0 28 100 10 9]
  running…
  149 pairs   298 games   1 g/s · 7m48s
  W 37   L 39   D 222     Elo -2.3 ± 20.0
  -2.9 ──────────────●·┊··············· +2.9  LLR -0.31
  pentanomial [LL LDg DD WD WW]:  [0 30 100 10 9]
  running…
  150 pairs   300 games   1 g/s · 7m50s
  W 38   L 40   D 222     Elo -2.3 ± 19.8
  -2.9 ──────────────●·┊··············· +2.9  LLR -0.31
  pentanomial [LL LDg DD WD WW]:  [0 30 101 10 9]
  running…
  151 pairs   302 games   1 g/s · 7m51s
  W 38   L 40   D 224     Elo -2.3 ± 19.7
  -2.9 ──────────────●·┊··············· +2.9  LLR -0.31
  pentanomial [LL LDg DD WD WW]:  [0 30 102 10 9]
  running…
  152 pairs   304 games   1 g/s · 7m52s
  W 38   L 40   D 226     Elo -2.3 ± 19.6
  -2.9 ──────────────●·┊··············· +2.9  LLR -0.32
  pentanomial [LL LDg DD WD WW]:  [0 30 103 10 9]
  running…
  153 pairs   306 games   1 g/s · 7m57s
  W 38   L 40   D 228     Elo -2.2 ± 19.4
  -2.9 ──────────────●·┊··············· +2.9  LLR -0.32
  pentanomial [LL LDg DD WD WW]:  [0 30 104 10 9]
  running…
  154 pairs   308 games   1 g/s · 8m02s
  W 38   L 40   D 230     Elo -2.2 ± 19.3
  -2.9 ──────────────●·┊··············· +2.9  LLR -0.32
  pentanomial [LL LDg DD WD WW]:  [0 30 105 10 9]
  running…
  155 pairs   310 games   1 g/s · 8m08s
  W 38   L 40   D 232     Elo -2.2 ± 19.2
  -2.9 ──────────────●·┊··············· +2.9  LLR -0.33
  pentanomial [LL LDg DD WD WW]:  [0 30 106 10 9]
  running…
  156 pairs   312 games   1 g/s · 8m12s
  W 38   L 40   D 234     Elo -2.2 ± 19.1
  -2.9 ──────────────●·┊··············· +2.9  LLR -0.33
  pentanomial [LL LDg DD WD WW]:  [0 30 107 10 9]
  running…
  157 pairs   314 games   1 g/s · 8m12s
  W 38   L 40   D 236     Elo -2.2 ± 19.0
  -2.9 ──────────────●·┊··············· +2.9  LLR -0.33
  pentanomial [LL LDg DD WD WW]:  [0 30 108 10 9]
  running…
  158 pairs   316 games   1 g/s · 8m15s
  W 39   L 40   D 237     Elo -1.1 ± 19.0
  -2.9 ──────────────●·┊··············· +2.9  LLR -0.26
  pentanomial [LL LDg DD WD WW]:  [0 30 108 11 9]
  running…
  160 pairs   320 games   1 g/s · 8m20s
  W 41   L 40   D 239     Elo +1.1 ± 19.2
  -2.9 ───────────────●┊··············· +2.9  LLR -0.12
  pentanomial [LL LDg DD WD WW]:  [0 30 109 11 10]
  running…
  161 pairs   322 games   1 g/s · 8m21s
  W 41   L 40   D 241     Elo +1.1 ± 19.1
  -2.9 ───────────────●┊··············· +2.9  LLR -0.12
  pentanomial [LL LDg DD WD WW]:  [0 30 110 11 10]
  running…
  162 pairs   324 games   1 g/s · 8m27s
  W 41   L 41   D 242     Elo -0.0 ± 19.1
  -2.9 ──────────────●·┊··············· +2.9  LLR -0.19
  pentanomial [LL LDg DD WD WW]:  [0 31 110 11 10]
  running…
  163 pairs   326 games   1 g/s · 8m27s
  W 41   L 42   D 243     Elo -1.1 ± 19.1
  -2.9 ──────────────●·┊··············· +2.9  LLR -0.26
  pentanomial [LL LDg DD WD WW]:  [0 32 110 11 10]
  running…
  164 pairs   328 games   1 g/s · 8m28s
  W 41   L 42   D 245     Elo -1.0 ± 19.0
  -2.9 ──────────────●·┊··············· +2.9  LLR -0.26
  pentanomial [LL LDg DD WD WW]:  [0 32 111 11 10]
  running…
  165 pairs   330 games   1 g/s · 8m36s
  W 41   L 42   D 247     Elo -1.0 ± 18.8
  -2.9 ──────────────●·┊··············· +2.9  LLR -0.26
  pentanomial [LL LDg DD WD WW]:  [0 32 112 11 10]
  running…
  166 pairs   332 games   1 g/s · 8m37s
  W 41   L 43   D 248     Elo -2.1 ± 18.8
  -2.9 ──────────────●·┊··············· +2.9  LLR -0.33
  pentanomial [LL LDg DD WD WW]:  [0 33 112 11 10]
  running…
  167 pairs   334 games   1 g/s · 8m38s
  W 42   L 44   D 248     Elo -2.1 ± 18.7
  -2.9 ──────────────●·┊··············· +2.9  LLR -0.33
  pentanomial [LL LDg DD WD WW]:  [0 33 113 11 10]
  running…
  168 pairs   336 games   1 g/s · 8m38s
  W 42   L 44   D 250     Elo -2.0 ± 18.6
  -2.9 ──────────────●·┊··············· +2.9  LLR -0.34
  pentanomial [LL LDg DD WD WW]:  [0 33 114 11 10]
  running…
  169 pairs   338 games   1 g/s · 8m45s
  W 42   L 44   D 252     Elo -2.0 ± 18.5
  -2.9 ──────────────●·┊··············· +2.9  LLR -0.34
  pentanomial [LL LDg DD WD WW]:  [0 33 115 11 10]
  running…
  170 pairs   340 games   1 g/s · 8m50s
  W 42   L 44   D 254     Elo -2.0 ± 18.4
  -2.9 ──────────────●·┊··············· +2.9  LLR -0.34
  pentanomial [LL LDg DD WD WW]:  [0 33 116 11 10]
  running…
  171 pairs   342 games   1 g/s · 8m55s
  W 42   L 44   D 256     Elo -2.0 ± 18.3
  -2.9 ──────────────●·┊··············· +2.9  LLR -0.34
  pentanomial [LL LDg DD WD WW]:  [0 33 117 11 10]
  running…
  172 pairs   344 games   1 g/s · 8m59s
  W 42   L 44   D 258     Elo -2.0 ± 18.2
  -2.9 ──────────────●·┊··············· +2.9  LLR -0.35
  pentanomial [LL LDg DD WD WW]:  [0 33 118 11 10]
  running…
  173 pairs   346 games   1 g/s · 8m59s
  W 42   L 44   D 260     Elo -2.0 ± 18.1
  -2.9 ──────────────●·┊··············· +2.9  LLR -0.35
  pentanomial [LL LDg DD WD WW]:  [0 33 119 11 10]
  running…
  174 pairs   348 games   1 g/s · 9m01s
  W 43   L 44   D 261     Elo -1.0 ± 18.1
  -2.9 ──────────────●·┊··············· +2.9  LLR -0.28
  pentanomial [LL LDg DD WD WW]:  [0 33 119 12 10]
  running…
  175 pairs   350 games   1 g/s · 9m01s
  W 43   L 44   D 263     Elo -1.0 ± 18.0
  -2.9 ──────────────●·┊··············· +2.9  LLR -0.28
  pentanomial [LL LDg DD WD WW]:  [0 33 120 12 10]
  running…
  176 pairs   352 games   1 g/s · 9m08s
  W 45   L 44   D 263     Elo +1.0 ± 18.3
  -2.9 ───────────────●┊··············· +2.9  LLR -0.14
  pentanomial [LL LDg DD WD WW]:  [0 33 120 12 11]
  running…
  177 pairs   354 games   1 g/s · 9m09s
  W 45   L 44   D 265     Elo +1.0 ± 18.2
  -2.9 ───────────────●┊··············· +2.9  LLR -0.14
  pentanomial [LL LDg DD WD WW]:  [0 33 121 12 11]
  running…
  178 pairs   356 games   1 g/s · 9m14s
  W 45   L 45   D 266     Elo -0.0 ± 18.2
  -2.9 ──────────────●·┊··············· +2.9  LLR -0.21
  pentanomial [LL LDg DD WD WW]:  [0 34 121 12 11]
  running…
  179 pairs   358 games   1 g/s · 9m15s
  W 45   L 46   D 267     Elo -1.0 ± 18.2
  -2.9 ──────────────●·┊··············· +2.9  LLR -0.28
  pentanomial [LL LDg DD WD WW]:  [0 35 121 12 11]
  running…
  180 pairs   360 games   1 g/s · 9m15s
  W 45   L 46   D 269     Elo -1.0 ± 18.1
  -2.9 ──────────────●·┊··············· +2.9  LLR -0.28
  pentanomial [LL LDg DD WD WW]:  [0 35 122 12 11]
  running…
  181 pairs   362 games   1 g/s · 9m23s
  W 45   L 47   D 270     Elo -1.9 ± 18.1
  -2.9 ──────────────●·┊··············· +2.9  LLR -0.35
  pentanomial [LL LDg DD WD WW]:  [0 36 122 12 11]
  running…
  182 pairs   364 games   1 g/s · 9m25s
  W 46   L 48   D 270     Elo -1.9 ± 18.0
  -2.9 ──────────────●·┊··············· +2.9  LLR -0.35
  pentanomial [LL LDg DD WD WW]:  [0 36 123 12 11]
  running…
  183 pairs   366 games   1 g/s · 9m25s
  W 46   L 48   D 272     Elo -1.9 ± 17.9
  -2.9 ──────────────●·┊··············· +2.9  LLR -0.35
  pentanomial [LL LDg DD WD WW]:  [0 36 124 12 11]
  running…
  184 pairs   368 games   1 g/s · 9m26s
  W 46   L 48   D 274     Elo -1.9 ± 17.8
  -2.9 ──────────────●·┊··············· +2.9  LLR -0.35
  pentanomial [LL LDg DD WD WW]:  [0 36 125 12 11]
  running…
  185 pairs   370 games   1 g/s · 9m32s
  W 46   L 48   D 276     Elo -1.9 ± 17.7
  -2.9 ──────────────●·┊··············· +2.9  LLR -0.36
  pentanomial [LL LDg DD WD WW]:  [0 36 126 12 11]
  running…
  186 pairs   372 games   1 g/s · 9m37s
  W 46   L 48   D 278     Elo -1.8 ± 17.6
  -2.9 ──────────────●·┊··············· +2.9  LLR -0.36
  pentanomial [LL LDg DD WD WW]:  [0 36 127 12 11]
  running…
  187 pairs   374 games   1 g/s · 9m43s
  W 46   L 48   D 280     Elo -1.8 ± 17.5
  -2.9 ──────────────●·┊··············· +2.9  LLR -0.36
  pentanomial [LL LDg DD WD WW]:  [0 36 128 12 11]
  running…
  188 pairs   376 games   1 g/s · 9m46s
  W 46   L 48   D 282     Elo -1.8 ± 17.4
  -2.9 ──────────────●·┊··············· +2.9  LLR -0.37
  pentanomial [LL LDg DD WD WW]:  [0 36 129 12 11]
  running…
  189 pairs   378 games   1 g/s · 9m47s
  W 46   L 48   D 284     Elo -1.8 ± 17.3
  -2.9 ──────────────●·┊··············· +2.9  LLR -0.37
  pentanomial [LL LDg DD WD WW]:  [0 36 130 12 11]
  running…
  190 pairs   380 games   1 g/s · 9m49s
  W 46   L 48   D 286     Elo -1.8 ± 17.2
  -2.9 ──────────────●·┊··············· +2.9  LLR -0.37
  pentanomial [LL LDg DD WD WW]:  [0 36 131 12 11]
  running…
  191 pairs   382 games   1 g/s · 9m50s
  W 47   L 48   D 287     Elo -0.9 ± 17.2
  -2.9 ──────────────●·┊··············· +2.9  LLR -0.30
  pentanomial [LL LDg DD WD WW]:  [0 36 131 13 11]
  running…
  192 pairs   384 games   1 g/s · 9m54s
  W 47   L 48   D 289     Elo -0.9 ± 17.1
  -2.9 ──────────────●·┊··············· +2.9  LLR -0.31
  pentanomial [LL LDg DD WD WW]:  [0 36 132 13 11]
  running…
  193 pairs   386 games   1 g/s · 9m54s
  W 49   L 48   D 289     Elo +0.9 ± 17.4
  -2.9 ───────────────●┊··············· +2.9  LLR -0.16
  pentanomial [LL LDg DD WD WW]:  [0 36 132 13 12]
  running…
  194 pairs   388 games   1 g/s · 10m01s
  W 49   L 49   D 290     Elo -0.0 ± 17.4
  -2.9 ──────────────●·┊··············· +2.9  LLR -0.23
  pentanomial [LL LDg DD WD WW]:  [0 37 132 13 12]
  running…
  195 pairs   390 games   1 g/s · 10m01s
  W 49   L 50   D 291     Elo -0.9 ± 17.4
  -2.9 ──────────────●·┊··············· +2.9  LLR -0.30
  pentanomial [LL LDg DD WD WW]:  [0 38 132 13 12]
  running…
  196 pairs   392 games   1 g/s · 10m02s
  W 49   L 50   D 293     Elo -0.9 ± 17.3
  -2.9 ──────────────●·┊··············· +2.9  LLR -0.30
  pentanomial [LL LDg DD WD WW]:  [0 38 133 13 12]
  running…
  197 pairs   394 games   1 g/s · 10m11s
  W 49   L 51   D 294     Elo -1.7 ± 17.3
  -2.9 ──────────────●·┊··············· +2.9  LLR -0.36
  pentanomial [LL LDg DD WD WW]:  [0 39 133 13 12]
  running…
  198 pairs   396 games   1 g/s · 10m11s
  W 49   L 51   D 296     Elo -1.7 ± 17.2
  -2.9 ──────────────●·┊··············· +2.9  LLR -0.37
  pentanomial [LL LDg DD WD WW]:  [0 39 134 13 12]
  running…
  199 pairs   398 games   1 g/s · 10m12s
  W 50   L 52   D 296     Elo -1.7 ± 17.1
  -2.9 ──────────────●·┊··············· +2.9  LLR -0.37
  pentanomial [LL LDg DD WD WW]:  [0 39 135 13 12]
  running…
  200 pairs   400 games   1 g/s · 10m13s
  W 50   L 52   D 298     Elo -1.7 ± 17.1
  -2.9 ──────────────●·┊··············· +2.9  LLR -0.37
  pentanomial [LL LDg DD WD WW]:  [0 39 136 13 12]
  running…
  201 pairs   402 games   1 g/s · 10m19s
  W 50   L 52   D 300     Elo -1.7 ± 17.0
  -2.9 ──────────────●·┊··············· +2.9  LLR -0.38
  pentanomial [LL LDg DD WD WW]:  [0 39 137 13 12]
  running…
  202 pairs   404 games   1 g/s · 10m25s
  W 50   L 52   D 302     Elo -1.7 ± 16.9
  -2.9 ─────────────●··┊··············· +2.9  LLR -0.38
  pentanomial [LL LDg DD WD WW]:  [0 39 138 13 12]
  running…
  203 pairs   406 games   1 g/s · 10m28s
  W 50   L 52   D 304     Elo -1.7 ± 16.8
  -2.9 ─────────────●··┊··············· +2.9  LLR -0.38
  pentanomial [LL LDg DD WD WW]:  [0 39 139 13 12]
  running…
  204 pairs   408 games   1 g/s · 10m33s
  W 50   L 52   D 306     Elo -1.7 ± 16.7
  -2.9 ─────────────●··┊··············· +2.9  LLR -0.39
  pentanomial [LL LDg DD WD WW]:  [0 39 140 13 12]
  running…
  205 pairs   410 games   1 g/s · 10m34s
  W 50   L 52   D 308     Elo -1.7 ± 16.6
  -2.9 ─────────────●··┊··············· +2.9  LLR -0.39
  pentanomial [LL LDg DD WD WW]:  [0 39 141 13 12]
  running…
  206 pairs   412 games   1 g/s · 10m36s
  W 50   L 52   D 310     Elo -1.7 ± 16.6
  -2.9 ─────────────●··┊··············· +2.9  LLR -0.39
  pentanomial [LL LDg DD WD WW]:  [0 39 142 13 12]
  running…
  207 pairs   414 games   1 g/s · 10m36s
  W 51   L 52   D 311     Elo -0.8 ± 16.6
  -2.9 ──────────────●·┊··············· +2.9  LLR -0.32
  pentanomial [LL LDg DD WD WW]:  [0 39 142 14 12]
  running…
  208 pairs   416 games   1 g/s · 10m42s
  W 53   L 52   D 311     Elo +0.8 ± 16.8
  -2.9 ───────────────●┊··············· +2.9  LLR -0.18
  pentanomial [LL LDg DD WD WW]:  [0 39 142 14 13]
  running…
  209 pairs   418 games   1 g/s · 10m43s
  W 53   L 52   D 313     Elo +0.8 ± 16.7
  -2.9 ───────────────●┊··············· +2.9  LLR -0.18
  pentanomial [LL LDg DD WD WW]:  [0 39 143 14 13]
  running…
  210 pairs   420 games   1 g/s · 10m48s
  W 53   L 53   D 314     Elo -0.0 ± 16.7
  -2.9 ──────────────●·┊··············· +2.9  LLR -0.25
  pentanomial [LL LDg DD WD WW]:  [0 40 143 14 13]
  running…
  211 pairs   422 games   1 g/s · 10m48s
  W 53   L 53   D 316     Elo -0.0 ± 16.6
  -2.9 ──────────────●·┊··············· +2.9  LLR -0.25
  pentanomial [LL LDg DD WD WW]:  [0 40 144 14 13]
  running…
  212 pairs   424 games   1 g/s · 10m49s
  W 53   L 54   D 317     Elo -0.8 ± 16.6
  -2.9 ──────────────●·┊··············· +2.9  LLR -0.32
  pentanomial [LL LDg DD WD WW]:  [0 41 144 14 13]
  running…
  213 pairs   426 games   1 g/s · 10m57s
  W 53   L 55   D 318     Elo -1.6 ± 16.6
  -2.9 ─────────────●··┊··············· +2.9  LLR -0.38
  pentanomial [LL LDg DD WD WW]:  [0 42 144 14 13]
  running…
  214 pairs   428 games   1 g/s · 11m00s
  W 53   L 55   D 320     Elo -1.6 ± 16.6
  -2.9 ─────────────●··┊··············· +2.9  LLR -0.39
  pentanomial [LL LDg DD WD WW]:  [0 42 145 14 13]
  running…
  215 pairs   430 games   1 g/s · 11m00s
  W 54   L 56   D 320     Elo -1.6 ± 16.5
  -2.9 ─────────────●··┊··············· +2.9  LLR -0.39
  pentanomial [LL LDg DD WD WW]:  [0 42 146 14 13]
  running…
  216 pairs   432 games   1 g/s · 11m01s
  W 54   L 56   D 322     Elo -1.6 ± 16.4
  -2.9 ─────────────●··┊··············· +2.9  LLR -0.39
  pentanomial [LL LDg DD WD WW]:  [0 42 147 14 13]
  running…
  217 pairs   434 games   1 g/s · 11m08s
  W 54   L 56   D 324     Elo -1.6 ± 16.3
  -2.9 ─────────────●··┊··············· +2.9  LLR -0.40
  pentanomial [LL LDg DD WD WW]:  [0 42 148 14 13]
  running…
  218 pairs   436 games   1 g/s · 11m12s
  W 54   L 56   D 326     Elo -1.6 ± 16.3
  -2.9 ─────────────●··┊··············· +2.9  LLR -0.40
  pentanomial [LL LDg DD WD WW]:  [0 42 149 14 13]
  running…
  219 pairs   438 games   1 g/s · 11m18s
  W 54   L 56   D 328     Elo -1.6 ± 16.2
  -2.9 ─────────────●··┊··············· +2.9  LLR -0.40
  pentanomial [LL LDg DD WD WW]:  [0 42 150 14 13]
  running…
  220 pairs   440 games   1 g/s · 11m22s
  W 54   L 56   D 330     Elo -1.6 ± 16.1
  -2.9 ─────────────●··┊··············· +2.9  LLR -0.41
  pentanomial [LL LDg DD WD WW]:  [0 42 151 14 13]
  running…
  221 pairs   442 games   1 g/s · 11m22s
  W 54   L 56   D 332     Elo -1.6 ± 16.0
  -2.9 ─────────────●··┊··············· +2.9  LLR -0.41
  pentanomial [LL LDg DD WD WW]:  [0 42 152 14 13]
  running…
  222 pairs   444 games   1 g/s · 11m24s
  W 54   L 56   D 334     Elo -1.6 ± 16.0
  -2.9 ─────────────●··┊··············· +2.9  LLR -0.41
  pentanomial [LL LDg DD WD WW]:  [0 42 153 14 13]
  running…
  223 pairs   446 games   1 g/s · 11m25s
  W 55   L 56   D 335     Elo -0.8 ± 16.0
  -2.9 ──────────────●·┊··············· +2.9  LLR -0.34
  pentanomial [LL LDg DD WD WW]:  [0 42 153 15 13]
  running…
  224 pairs   448 games   1 g/s · 11m29s
  W 57   L 56   D 335     Elo +0.8 ± 16.2
  -2.9 ──────────────●·┊··············· +2.9  LLR -0.20
  pentanomial [LL LDg DD WD WW]:  [0 42 153 15 14]
  running…
  225 pairs   450 games   1 g/s · 11m30s
  W 57   L 56   D 337     Elo +0.8 ± 16.1
  -2.9 ──────────────●·┊··············· +2.9  LLR -0.20
  pentanomial [LL LDg DD WD WW]:  [0 42 154 15 14]
  running…
  226 pairs   452 games   1 g/s · 11m38s
  W 57   L 56   D 339     Elo +0.8 ± 16.0
  -2.9 ──────────────●·┊··············· +2.9  LLR -0.20
  pentanomial [LL LDg DD WD WW]:  [0 42 155 15 14]
  running…
  228 pairs   456 games   1 g/s · 11m39s
  W 57   L 58   D 341     Elo -0.8 ± 16.0
  -2.9 ──────────────●·┊··············· +2.9  LLR -0.34
  pentanomial [LL LDg DD WD WW]:  [0 44 155 15 14]
  running…
  229 pairs   458 games   1 g/s · 11m46s
  W 57   L 58   D 343     Elo -0.8 ± 16.0
  -2.9 ──────────────●·┊··············· +2.9  LLR -0.34
  pentanomial [LL LDg DD WD WW]:  [0 44 156 15 14]
  running…
  230 pairs   460 games   1 g/s · 11m47s
  W 58   L 59   D 343     Elo -0.7 ± 15.9
  -2.9 ──────────────●·┊··············· +2.9  LLR -0.34
  pentanomial [LL LDg DD WD WW]:  [0 44 157 15 14]
  running…
  231 pairs   462 games   1 g/s · 11m47s
  W 58   L 60   D 344     Elo -1.5 ± 15.9
  -2.9 ─────────────●··┊··············· +2.9  LLR -0.41
  pentanomial [LL LDg DD WD WW]:  [0 45 157 15 14]
  running…
  232 pairs   464 games   1 g/s · 11m48s
  W 58   L 60   D 346     Elo -1.5 ± 15.8
  -2.9 ─────────────●··┊··············· +2.9  LLR -0.41
  pentanomial [LL LDg DD WD WW]:  [0 45 158 15 14]
  running…
  233 pairs   466 games   1 g/s · 11m55s
  W 58   L 60   D 348     Elo -1.5 ± 15.8
  -2.9 ─────────────●··┊··············· +2.9  LLR -0.42
  pentanomial [LL LDg DD WD WW]:  [0 45 159 15 14]
  running…
  234 pairs   468 games   1 g/s · 12m01s
  W 58   L 60   D 350     Elo -1.5 ± 15.7
  -2.9 ─────────────●··┊··············· +2.9  LLR -0.42
  pentanomial [LL LDg DD WD WW]:  [0 45 160 15 14]
  running…
  235 pairs   470 games   1 g/s · 12m03s
  W 58   L 60   D 352     Elo -1.5 ± 15.6
  -2.9 ─────────────●··┊··············· +2.9  LLR -0.42
  pentanomial [LL LDg DD WD WW]:  [0 45 161 15 14]
  running…
  236 pairs   472 games   1 g/s · 12m10s
  W 58   L 60   D 354     Elo -1.5 ± 15.6
  -2.9 ─────────────●··┊··············· +2.9  LLR -0.42
  pentanomial [LL LDg DD WD WW]:  [0 45 162 15 14]
  running…
  237 pairs   474 games   1 g/s · 12m11s
  W 58   L 60   D 356     Elo -1.5 ± 15.5
  -2.9 ─────────────●··┊··············· +2.9  LLR -0.43
  pentanomial [LL LDg DD WD WW]:  [0 45 163 15 14]
  running…
  238 pairs   476 games   1 g/s · 12m11s
  W 58   L 60   D 358     Elo -1.4 ± 15.4
  -2.9 ─────────────●··┊··············· +2.9  LLR -0.43
  pentanomial [LL LDg DD WD WW]:  [0 45 164 15 14]
  running…
  239 pairs   478 games   1 g/s · 12m12s
  W 59   L 60   D 359     Elo -0.7 ± 15.4
  -2.9 ──────────────●·┊··············· +2.9  LLR -0.36
  pentanomial [LL LDg DD WD WW]:  [0 45 164 16 14]
  running…
  240 pairs   480 games   1 g/s · 12m18s
  W 61   L 60   D 359     Elo +0.7 ± 15.6
  -2.9 ──────────────●·┊··············· +2.9  LLR -0.22
  pentanomial [LL LDg DD WD WW]:  [0 45 164 16 15]
  running…
  241 pairs   482 games   1 g/s · 12m18s
  W 61   L 60   D 361     Elo +0.7 ± 15.6
  -2.9 ──────────────●·┊··············· +2.9  LLR -0.22
  pentanomial [LL LDg DD WD WW]:  [0 45 165 16 15]
  running…
  242 pairs   484 games   1 g/s · 12m23s
  W 61   L 60   D 363     Elo +0.7 ± 15.5
  -2.9 ──────────────●·┊··············· +2.9  LLR -0.22
  pentanomial [LL LDg DD WD WW]:  [0 45 166 16 15]
  running…
  243 pairs   486 games   1 g/s · 12m24s
  W 61   L 61   D 364     Elo -0.0 ± 15.5
  -2.9 ──────────────●·┊··············· +2.9  LLR -0.29
  pentanomial [LL LDg DD WD WW]:  [0 46 166 16 15]
  running…
  244 pairs   488 games   1 g/s · 12m24s
  W 61   L 62   D 365     Elo -0.7 ± 15.5
  -2.9 ──────────────●·┊··············· +2.9  LLR -0.36
  pentanomial [LL LDg DD WD WW]:  [0 47 166 16 15]
  running…
  245 pairs   490 games   1 g/s · 12m31s
  W 61   L 63   D 366     Elo -1.4 ± 15.5
  -2.9 ─────────────●··┊··············· +2.9  LLR -0.42
  pentanomial [LL LDg DD WD WW]:  [0 48 166 16 15]
  running…
  246 pairs   492 games   1 g/s · 12m34s
  W 62   L 64   D 366     Elo -1.4 ± 15.4
  -2.9 ─────────────●··┊··············· +2.9  LLR -0.43
  pentanomial [LL LDg DD WD WW]:  [0 48 167 16 15]
  running…
  247 pairs   494 games   1 g/s · 12m34s
  W 62   L 64   D 368     Elo -1.4 ± 15.4
  -2.9 ─────────────●··┊··············· +2.9  LLR -0.43
  pentanomial [LL LDg DD WD WW]:  [0 48 168 16 15]
  running…
  248 pairs   496 games   1 g/s · 12m36s
  W 62   L 64   D 370     Elo -1.4 ± 15.3
  -2.9 ─────────────●··┊··············· +2.9  LLR -0.43
  pentanomial [LL LDg DD WD WW]:  [0 48 169 16 15]
  running…
  249 pairs   498 games   1 g/s · 12m42s
  W 62   L 64   D 372     Elo -1.4 ± 15.3
  -2.9 ─────────────●··┊··············· +2.9  LLR -0.43
  pentanomial [LL LDg DD WD WW]:  [0 48 170 16 15]
  running…
  250 pairs   500 games   1 g/s · 12m47s
  W 62   L 64   D 374     Elo -1.4 ± 15.2
  -2.9 ─────────────●··┊··············· +2.9  LLR -0.44
  pentanomial [LL LDg DD WD WW]:  [0 48 171 16 15]
  running…
  251 pairs   502 games   1 g/s · 12m52s
  W 62   L 64   D 376     Elo -1.4 ± 15.1
  -2.9 ─────────────●··┊··············· +2.9  LLR -0.44
  pentanomial [LL LDg DD WD WW]:  [0 48 172 16 15]
  running…
  252 pairs   504 games   1 g/s · 12m55s
  W 62   L 64   D 378     Elo -1.4 ± 15.1
  -2.9 ─────────────●··┊··············· +2.9  LLR -0.44
  pentanomial [LL LDg DD WD WW]:  [0 48 173 16 15]
  running…
  253 pairs   506 games   1 g/s · 12m57s
  W 62   L 64   D 380     Elo -1.4 ± 15.0
  -2.9 ─────────────●··┊··············· +2.9  LLR -0.45
  pentanomial [LL LDg DD WD WW]:  [0 48 174 16 15]
  running…
  255 pairs   510 games   1 g/s · 12m59s
  W 63   L 64   D 383     Elo -0.7 ± 15.0
  -2.9 ──────────────●·┊··············· +2.9  LLR -0.38
  pentanomial [LL LDg DD WD WW]:  [0 48 175 17 15]
  running…
  256 pairs   512 games   1 g/s · 13m01s
  W 65   L 64   D 383     Elo +0.7 ± 15.1
  -2.9 ──────────────●·┊··············· +2.9  LLR -0.23
  pentanomial [LL LDg DD WD WW]:  [0 48 175 17 16]
  running…
  257 pairs   514 games   1 g/s · 13m04s
  W 65   L 64   D 385     Elo +0.7 ± 15.1
  -2.9 ──────────────●·┊··············· +2.9  LLR -0.24
  pentanomial [LL LDg DD WD WW]:  [0 48 176 17 16]
  running…
  258 pairs   516 games   1 g/s · 13m11s
  W 65   L 64   D 387     Elo +0.7 ± 15.0
  -2.9 ──────────────●·┊··············· +2.9  LLR -0.24
  pentanomial [LL LDg DD WD WW]:  [0 48 177 17 16]
  running…
  259 pairs   518 games   1 g/s · 13m11s
  W 65   L 65   D 388     Elo -0.0 ± 15.0
  -2.9 ──────────────●·┊··············· +2.9  LLR -0.31
  pentanomial [LL LDg DD WD WW]:  [0 49 177 17 16]
  running…
  260 pairs   520 games   1 g/s · 13m11s
  W 65   L 66   D 389     Elo -0.7 ± 15.0
  -2.9 ──────────────●·┊··············· +2.9  LLR -0.37
  pentanomial [LL LDg DD WD WW]:  [0 50 177 17 16]
  running…
  261 pairs   522 games   1 g/s · 13m21s
  W 65   L 67   D 390     Elo -1.3 ± 15.0
  -2.9 ─────────────●··┊··············· +2.9  LLR -0.44
  pentanomial [LL LDg DD WD WW]:  [0 51 177 17 16]
  running…
  263 pairs   526 games   1 g/s · 13m21s
  W 66   L 68   D 392     Elo -1.3 ± 14.9
  -2.9 ─────────────●··┊··············· +2.9  LLR -0.45
  pentanomial [LL LDg DD WD WW]:  [0 51 179 17 16]
  running…
  264 pairs   528 games   1 g/s · 13m22s
  W 66   L 68   D 394     Elo -1.3 ± 14.8
  -2.9 ─────────────●··┊··············· +2.9  LLR -0.45
  pentanomial [LL LDg DD WD WW]:  [0 51 180 17 16]
  running…
  265 pairs   530 games   1 g/s · 13m31s
  W 66   L 68   D 396     Elo -1.3 ± 14.8
  -2.9 ─────────────●··┊··············· +2.9  LLR -0.45
  pentanomial [LL LDg DD WD WW]:  [0 51 181 17 16]
  running…
  266 pairs   532 games   1 g/s · 13m35s
  W 66   L 68   D 398     Elo -1.3 ± 14.7
  -2.9 ─────────────●··┊··············· +2.9  LLR -0.46
  pentanomial [LL LDg DD WD WW]:  [0 51 182 17 16]
  running…
  267 pairs   534 games   1 g/s · 13m40s
  W 66   L 68   D 400     Elo -1.3 ± 14.7
  -2.9 ─────────────●··┊··············· +2.9  LLR -0.46
  pentanomial [LL LDg DD WD WW]:  [0 51 183 17 16]
  running…
  268 pairs   536 games   1 g/s · 13m45s
  W 66   L 68   D 402     Elo -1.3 ± 14.6
  -2.9 ─────────────●··┊··············· +2.9  LLR -0.46
  pentanomial [LL LDg DD WD WW]:  [0 51 184 17 16]
  running…
  269 pairs   538 games   1 g/s · 13m46s
  W 66   L 68   D 404     Elo -1.3 ± 14.6
  -2.9 ─────────────●··┊··············· +2.9  LLR -0.47
  pentanomial [LL LDg DD WD WW]:  [0 51 185 17 16]
  running…
  270 pairs   540 games   1 g/s · 13m47s
  W 67   L 68   D 405     Elo -0.6 ± 14.6
  -2.9 ─────────────●··┊··············· +2.9  LLR -0.40
  pentanomial [LL LDg DD WD WW]:  [0 51 185 18 16]
  running…
  271 pairs   542 games   1 g/s · 13m47s
  W 67   L 68   D 407     Elo -0.6 ± 14.5
  -2.9 ─────────────●··┊··············· +2.9  LLR -0.40
  pentanomial [LL LDg DD WD WW]:  [0 51 186 18 16]
  running…
