engine book: 5429 positions loaded from data/book.bin

  ♟  gomachine SPRT  ·  self-play strength test
  iir=on  vs  baseline  (new vs old)
  patch: iir: off→on
  budget: 40000 nodes/move   · SPRT[0, 6] α=0.05 β=0.05   · 11×TT 16MB

  1 pairs   2 games   0 g/s · 19s
  W 0   L 0   D 2     Elo -0.0 ± 175.8
  -2.9 ───────────────●┊··············· +2.9  LLR -0.00
  pentanomial [LL LDg DD WD WW]:  [0 0 1 0 0]
  running…
  2 pairs   4 games   0 g/s · 21s
  W 0   L 1   D 3     Elo -43.7 ± 153.5
  -2.9 ───────────────●┊··············· +2.9  LLR -0.05
  pentanomial [LL LDg DD WD WW]:  [0 1 1 0 0]
  running…
  3 pairs   6 games   0 g/s · 24s
  W 1   L 1   D 4     Elo -0.0 ± 142.8
  -2.9 ───────────────●┊··············· +2.9  LLR -0.00
  pentanomial [LL LDg DD WD WW]:  [0 1 1 1 0]
  running…
  4 pairs   8 games   0 g/s · 25s
  W 2   L 2   D 4     Elo +0.0 ± 119.0
  -2.9 ───────────────●┊··············· +2.9  LLR -0.00
  pentanomial [LL LDg DD WD WW]:  [0 1 2 1 0]
  running…
  5 pairs   10 games   0 g/s · 28s
  W 2   L 3   D 5     Elo -24.9 ± 112.1
  -2.9 ───────────────●┊··············· +2.9  LLR -0.05
  pentanomial [LL LDg DD WD WW]:  [0 2 2 1 0]
  running…
  6 pairs   12 games   0 g/s · 29s
  W 3   L 3   D 6     Elo -0.0 ± 107.7
  -2.9 ───────────────●┊··············· +2.9  LLR -0.01
  pentanomial [LL LDg DD WD WW]:  [0 2 2 2 0]
  running…
  7 pairs   14 games   0 g/s · 33s
  W 3   L 5   D 6     Elo -38.8 ± 120.9
  -2.9 ───────────────●┊··············· +2.9  LLR -0.07
  pentanomial [LL LDg DD WD WW]:  [1 2 2 2 0]
  running…
  8 pairs   16 games   0 g/s · 34s
  W 3   L 5   D 8     Elo -34.9 ± 108.8
  -2.9 ───────────────●┊··············· +2.9  LLR -0.08
  pentanomial [LL LDg DD WD WW]:  [1 2 3 2 0]
  running…
  9 pairs   18 games   0 g/s · 40s
  W 4   L 5   D 9     Elo -15.8 ± 104.3
  -2.9 ───────────────●┊··············· +2.9  LLR -0.04
  pentanomial [LL LDg DD WD WW]:  [1 2 3 3 0]
  running…
  10 pairs   20 games   0 g/s · 41s
  W 4   L 6   D 10     Elo -29.0 ± 99.3
  -2.9 ───────────────●┊··············· +2.9  LLR -0.08
  pentanomial [LL LDg DD WD WW]:  [1 3 3 3 0]
  running…
  11 pairs   22 games   1 g/s · 43s
  W 4   L 6   D 12     Elo -26.8 ± 91.6
  -2.9 ───────────────●┊··············· +2.9  LLR -0.08
  pentanomial [LL LDg DD WD WW]:  [1 3 4 3 0]
  running…
  12 pairs   24 games   1 g/s · 46s
  W 5   L 7   D 12     Elo -24.9 ± 85.1
  -2.9 ───────────────●┊··············· +2.9  LLR -0.09
  pentanomial [LL LDg DD WD WW]:  [1 3 5 3 0]
  running…
  13 pairs   26 games   1 g/s · 49s
  W 6   L 7   D 13     Elo -11.6 ± 83.0
  -2.9 ───────────────●┊··············· +2.9  LLR -0.05
  pentanomial [LL LDg DD WD WW]:  [1 3 5 4 0]
  running…
  14 pairs   28 games   1 g/s · 51s
  W 7   L 8   D 13     Elo -10.9 ± 77.8
  -2.9 ───────────────●┊··············· +2.9  LLR -0.05
  pentanomial [LL LDg DD WD WW]:  [1 3 6 4 0]
  running…
  15 pairs   30 games   1 g/s · 51s
  W 8   L 8   D 14     Elo +0.0 ± 76.0
  -2.9 ───────────────●┊··············· +2.9  LLR -0.01
  pentanomial [LL LDg DD WD WW]:  [1 3 6 5 0]
  running…
  16 pairs   32 games   1 g/s · 57s
  W 8   L 8   D 16     Elo +0.0 ± 71.8
  -2.9 ───────────────●┊··············· +2.9  LLR -0.01
  pentanomial [LL LDg DD WD WW]:  [1 3 7 5 0]
  running…
  17 pairs   34 games   1 g/s · 1m04s
  W 9   L 9   D 16     Elo -0.0 ± 68.0
  -2.9 ───────────────●┊··············· +2.9  LLR -0.01
  pentanomial [LL LDg DD WD WW]:  [1 3 8 5 0]
  running…
  18 pairs   36 games   1 g/s · 1m05s
  W 9   L 11   D 16     Elo -17.4 ± 72.8
  -2.9 ───────────────●┊··············· +2.9  LLR -0.09
  pentanomial [LL LDg DD WD WW]:  [2 3 8 5 0]
  running…
  19 pairs   38 games   1 g/s · 1m07s
  W 10   L 11   D 17     Elo -8.3 ± 71.4
  -2.9 ───────────────●┊··············· +2.9  LLR -0.05
  pentanomial [LL LDg DD WD WW]:  [2 3 8 6 0]
  running…
  20 pairs   40 games   1 g/s · 1m08s
  W 11   L 11   D 18     Elo -0.0 ± 69.9
  -2.9 ───────────────●┊··············· +2.9  LLR -0.01
  pentanomial [LL LDg DD WD WW]:  [2 3 8 7 0]
  running…
  21 pairs   42 games   1 g/s · 1m13s
  W 12   L 12   D 18     Elo -0.0 ± 66.9
  -2.9 ───────────────●┊··············· +2.9  LLR -0.02
  pentanomial [LL LDg DD WD WW]:  [2 3 9 7 0]
  running…
  22 pairs   44 games   1 g/s · 1m16s
  W 12   L 12   D 20     Elo +0.0 ± 64.1
  -2.9 ───────────────●┊··············· +2.9  LLR -0.02
  pentanomial [LL LDg DD WD WW]:  [2 3 10 7 0]
  running…
  23 pairs   46 games   1 g/s · 1m17s
  W 12   L 13   D 21     Elo -6.9 ± 63.0
  -2.9 ───────────────●┊··············· +2.9  LLR -0.06
  pentanomial [LL LDg DD WD WW]:  [2 4 10 7 0]
  running…
  24 pairs   48 games   1 g/s · 1m18s
  W 12   L 14   D 22     Elo -13.4 ± 61.9
  -2.9 ───────────────●┊··············· +2.9  LLR -0.10
  pentanomial [LL LDg DD WD WW]:  [2 5 10 7 0]
  running…
  25 pairs   50 games   1 g/s · 1m22s
  W 13   L 14   D 23     Elo -6.4 ± 61.0
  -2.9 ───────────────●┊··············· +2.9  LLR -0.06
  pentanomial [LL LDg DD WD WW]:  [2 5 10 8 0]
  running…
  26 pairs   52 games   1 g/s · 1m25s
  W 13   L 14   D 25     Elo -6.2 ± 58.8
  -2.9 ───────────────●┊··············· +2.9  LLR -0.06
  pentanomial [LL LDg DD WD WW]:  [2 5 11 8 0]
  running…
  27 pairs   54 games   1 g/s · 1m26s
  W 13   L 15   D 26     Elo -12.0 ± 57.9
  -2.9 ───────────────●┊··············· +2.9  LLR -0.10
  pentanomial [LL LDg DD WD WW]:  [2 6 11 8 0]
  running…
  28 pairs   56 games   1 g/s · 1m29s
  W 14   L 16   D 26     Elo -11.6 ± 56.0
  -2.9 ───────────────●┊··············· +2.9  LLR -0.11
  pentanomial [LL LDg DD WD WW]:  [2 6 12 8 0]
  running…
  29 pairs   58 games   1 g/s · 1m30s
  W 15   L 16   D 27     Elo -5.6 ± 55.3
  -2.9 ───────────────●┊··············· +2.9  LLR -0.06
  pentanomial [LL LDg DD WD WW]:  [2 6 12 9 0]
  running…
  30 pairs   60 games   1 g/s · 1m37s
  W 16   L 17   D 27     Elo -5.4 ± 53.6
  -2.9 ───────────────●┊··············· +2.9  LLR -0.07
  pentanomial [LL LDg DD WD WW]:  [2 6 13 9 0]
  running…
  31 pairs   62 games   1 g/s · 1m39s
  W 17   L 17   D 28     Elo -0.0 ± 53.0
  -2.9 ───────────────●┊··············· +2.9  LLR -0.02
  pentanomial [LL LDg DD WD WW]:  [2 6 13 10 0]
  running…
  32 pairs   64 games   1 g/s · 1m40s
  W 17   L 17   D 30     Elo -0.0 ± 51.5
  -2.9 ───────────────●┊··············· +2.9  LLR -0.03
  pentanomial [LL LDg DD WD WW]:  [2 6 14 10 0]
  running…
  33 pairs   66 games   1 g/s · 1m48s
  W 18   L 18   D 30     Elo -0.0 ± 50.0
  -2.9 ───────────────●┊··············· +2.9  LLR -0.03
  pentanomial [LL LDg DD WD WW]:  [2 6 15 10 0]
  running…
  34 pairs   68 games   1 g/s · 1m49s
  W 18   L 20   D 30     Elo -9.7 ± 52.1
  -2.9 ───────────────●┊··············· +2.9  LLR -0.11
  pentanomial [LL LDg DD WD WW]:  [3 6 15 10 0]
  running…
  35 pairs   70 games   1 g/s · 1m52s
  W 19   L 20   D 31     Elo -4.7 ± 51.6
  -2.9 ───────────────●┊··············· +2.9  LLR -0.07
  pentanomial [LL LDg DD WD WW]:  [3 6 15 11 0]
  running…
  37 pairs   74 games   1 g/s · 1m55s
  W 21   L 21   D 32     Elo -0.0 ± 49.7
  -2.9 ───────────────●┊··············· +2.9  LLR -0.03
  pentanomial [LL LDg DD WD WW]:  [3 6 16 12 0]
  running…
  38 pairs   76 games   1 g/s · 1m59s
  W 21   L 21   D 34     Elo -0.0 ± 48.5
  -2.9 ───────────────●┊··············· +2.9  LLR -0.03
  pentanomial [LL LDg DD WD WW]:  [3 6 17 12 0]
  running…
  39 pairs   78 games   1 g/s · 2m00s
  W 21   L 22   D 35     Elo -4.2 ± 48.0
  -2.9 ───────────────●┊··············· +2.9  LLR -0.07
  pentanomial [LL LDg DD WD WW]:  [3 7 17 12 0]
  running…
  40 pairs   80 games   1 g/s · 2m04s
  W 21   L 23   D 36     Elo -8.3 ± 47.5
  -2.9 ───────────────●┊··············· +2.9  LLR -0.12
  pentanomial [LL LDg DD WD WW]:  [3 8 17 12 0]
  running…
  41 pairs   82 games   1 g/s · 2m06s
  W 22   L 23   D 37     Elo -4.0 ± 47.1
  -2.9 ───────────────●┊··············· +2.9  LLR -0.07
  pentanomial [LL LDg DD WD WW]:  [3 8 17 13 0]
  running…
  42 pairs   84 games   1 g/s · 2m09s
  W 22   L 24   D 38     Elo -7.9 ± 46.7
  -2.9 ───────────────●┊··············· +2.9  LLR -0.12
  pentanomial [LL LDg DD WD WW]:  [3 9 17 13 0]
  running…
  43 pairs   86 games   1 g/s · 2m09s
  W 22   L 24   D 40     Elo -7.7 ± 45.6
  -2.9 ───────────────●┊··············· +2.9  LLR -0.12
  pentanomial [LL LDg DD WD WW]:  [3 9 18 13 0]
  running…
  44 pairs   88 games   1 g/s · 2m13s
  W 23   L 25   D 40     Elo -7.6 ± 44.6
  -2.9 ───────────────●┊··············· +2.9  LLR -0.12
  pentanomial [LL LDg DD WD WW]:  [3 9 19 13 0]
  running…
  45 pairs   90 games   1 g/s · 2m17s
  W 24   L 25   D 41     Elo -3.7 ± 44.3
  -2.9 ───────────────●┊··············· +2.9  LLR -0.08
  pentanomial [LL LDg DD WD WW]:  [3 9 19 14 0]
  running…
  46 pairs   92 games   1 g/s · 2m20s
  W 25   L 26   D 41     Elo -3.6 ± 43.4
  -2.9 ───────────────●┊··············· +2.9  LLR -0.08
  pentanomial [LL LDg DD WD WW]:  [3 9 20 14 0]
  running…
  47 pairs   94 games   1 g/s · 2m22s
  W 26   L 26   D 42     Elo -0.0 ± 43.1
  -2.9 ───────────────●┊··············· +2.9  LLR -0.04
  pentanomial [LL LDg DD WD WW]:  [3 9 20 15 0]
  running…
  48 pairs   96 games   1 g/s · 2m23s
  W 26   L 26   D 44     Elo -0.0 ± 42.2
  -2.9 ───────────────●┊··············· +2.9  LLR -0.04
  pentanomial [LL LDg DD WD WW]:  [3 9 21 15 0]
  running…
  49 pairs   98 games   1 g/s · 2m31s
  W 26   L 28   D 44     Elo -6.8 ± 43.4
  -2.9 ───────────────●┊··············· +2.9  LLR -0.12
  pentanomial [LL LDg DD WD WW]:  [4 9 21 15 0]
  running…
  50 pairs   100 games   1 g/s · 2m32s
  W 27   L 29   D 44     Elo -6.7 ± 42.6
  -2.9 ───────────────●┊··············· +2.9  LLR -0.12
  pentanomial [LL LDg DD WD WW]:  [4 9 22 15 0]
  running…
  51 pairs   102 games   1 g/s · 2m33s
  W 28   L 29   D 45     Elo -3.3 ± 42.3
  -2.9 ───────────────●┊··············· +2.9  LLR -0.08
  pentanomial [LL LDg DD WD WW]:  [4 9 22 16 0]
  running…
  52 pairs   104 games   1 g/s · 2m35s
  W 29   L 29   D 46     Elo -0.0 ± 42.0
  -2.9 ───────────────●┊··············· +2.9  LLR -0.04
  pentanomial [LL LDg DD WD WW]:  [4 9 22 17 0]
  running…
  53 pairs   106 games   1 g/s · 2m40s
  W 30   L 30   D 46     Elo -0.0 ± 41.2
  -2.9 ───────────────●┊··············· +2.9  LLR -0.04
  pentanomial [LL LDg DD WD WW]:  [4 9 23 17 0]
  running…
  54 pairs   108 games   1 g/s · 2m40s
  W 30   L 30   D 48     Elo -0.0 ± 40.5
  -2.9 ───────────────●┊··············· +2.9  LLR -0.04
  pentanomial [LL LDg DD WD WW]:  [4 9 24 17 0]
  running…
  55 pairs   110 games   1 g/s · 2m41s
  W 30   L 31   D 49     Elo -3.0 ± 40.2
  -2.9 ───────────────●┊··············· +2.9  LLR -0.09
  pentanomial [LL LDg DD WD WW]:  [4 10 24 17 0]
  running…
  56 pairs   112 games   1 g/s · 2m45s
  W 30   L 32   D 50     Elo -6.0 ± 40.0
  -2.9 ───────────────●┊··············· +2.9  LLR -0.13
  pentanomial [LL LDg DD WD WW]:  [4 11 24 17 0]
  running…
  57 pairs   114 games   1 g/s · 2m48s
  W 31   L 32   D 51     Elo -2.9 ± 39.7
  -2.9 ───────────────●┊··············· +2.9  LLR -0.09
  pentanomial [LL LDg DD WD WW]:  [4 11 24 18 0]
  running…
  58 pairs   116 games   1 g/s · 2m50s
  W 31   L 32   D 53     Elo -2.9 ± 39.1
  -2.9 ───────────────●┊··············· +2.9  LLR -0.09
  pentanomial [LL LDg DD WD WW]:  [4 11 25 18 0]
  running…
  59 pairs   118 games   1 g/s · 2m51s
  W 31   L 33   D 54     Elo -5.7 ± 38.8
  -2.9 ───────────────●┊··············· +2.9  LLR -0.13
  pentanomial [LL LDg DD WD WW]:  [4 12 25 18 0]
  running…
  60 pairs   120 games   1 g/s · 2m53s
  W 32   L 34   D 54     Elo -5.6 ± 38.2
  -2.9 ───────────────●┊··············· +2.9  LLR -0.14
  pentanomial [LL LDg DD WD WW]:  [4 12 26 18 0]
  running…
  61 pairs   122 games   1 g/s · 2m57s
  W 33   L 34   D 55     Elo -2.8 ± 38.0
  -2.9 ───────────────●┊··············· +2.9  LLR -0.09
  pentanomial [LL LDg DD WD WW]:  [4 12 26 19 0]
  running…
  62 pairs   124 games   1 g/s · 3m00s
  W 34   L 35   D 55     Elo -2.7 ± 37.4
  -2.9 ───────────────●┊··············· +2.9  LLR -0.09
  pentanomial [LL LDg DD WD WW]:  [4 12 27 19 0]
  running…
  63 pairs   126 games   1 g/s · 3m00s
  W 35   L 35   D 56     Elo -0.0 ± 37.2
  -2.9 ───────────────●┊··············· +2.9  LLR -0.05
  pentanomial [LL LDg DD WD WW]:  [4 12 27 20 0]
  running…
  64 pairs   128 games   1 g/s · 3m05s
  W 35   L 35   D 58     Elo -0.0 ± 36.6
  -2.9 ───────────────●┊··············· +2.9  LLR -0.05
  pentanomial [LL LDg DD WD WW]:  [4 12 28 20 0]
  running…
  65 pairs   130 games   1 g/s · 3m08s
  W 36   L 36   D 58     Elo -0.0 ± 36.1
  -2.9 ───────────────●┊··············· +2.9  LLR -0.05
  pentanomial [LL LDg DD WD WW]:  [4 12 29 20 0]
  running…
  66 pairs   132 games   1 g/s · 3m10s
  W 36   L 38   D 58     Elo -5.1 ± 36.9
  -2.9 ───────────────●┊··············· +2.9  LLR -0.14
  pentanomial [LL LDg DD WD WW]:  [5 12 29 20 0]
  running…
  67 pairs   134 games   1 g/s · 3m14s
  W 37   L 38   D 59     Elo -2.5 ± 36.7
  -2.9 ───────────────●┊··············· +2.9  LLR -0.09
  pentanomial [LL LDg DD WD WW]:  [5 12 29 21 0]
  running…
  69 pairs   138 games   1 g/s · 3m18s
  W 39   L 39   D 60     Elo -0.0 ± 36.0
  -2.9 ───────────────●┊··············· +2.9  LLR -0.05
  pentanomial [LL LDg DD WD WW]:  [5 12 30 22 0]
  running…
  70 pairs   140 games   1 g/s · 3m20s
  W 39   L 39   D 62     Elo -0.0 ± 35.5
  -2.9 ───────────────●┊··············· +2.9  LLR -0.05
  pentanomial [LL LDg DD WD WW]:  [5 12 31 22 0]
  running…
  71 pairs   142 games   1 g/s · 3m22s
  W 39   L 40   D 63     Elo -2.4 ± 35.3
  -2.9 ───────────────●┊··············· +2.9  LLR -0.10
  pentanomial [LL LDg DD WD WW]:  [5 13 31 22 0]
  running…
  72 pairs   144 games   1 g/s · 3m24s
  W 39   L 41   D 64     Elo -4.7 ± 35.2
  -2.9 ───────────────●┊··············· +2.9  LLR -0.14
  pentanomial [LL LDg DD WD WW]:  [5 14 31 22 0]
  running…
  73 pairs   146 games   1 g/s · 3m28s
  W 40   L 41   D 65     Elo -2.3 ± 35.0
  -2.9 ───────────────●┊··············· +2.9  LLR -0.10
  pentanomial [LL LDg DD WD WW]:  [5 14 31 23 0]
  running…
  74 pairs   148 games   1 g/s · 3m28s
  W 40   L 42   D 66     Elo -4.6 ± 34.8
  -2.9 ───────────────●┊··············· +2.9  LLR -0.14
  pentanomial [LL LDg DD WD WW]:  [5 15 31 23 0]
  running…
  75 pairs   150 games   1 g/s · 3m30s
  W 40   L 42   D 68     Elo -4.5 ± 34.4
  -2.9 ───────────────●┊··············· +2.9  LLR -0.15
  pentanomial [LL LDg DD WD WW]:  [5 15 32 23 0]
  running…
  76 pairs   152 games   1 g/s · 3m31s
  W 41   L 43   D 68     Elo -4.5 ± 33.9
  -2.9 ───────────────●┊··············· +2.9  LLR -0.15
  pentanomial [LL LDg DD WD WW]:  [5 15 33 23 0]
  running…
  77 pairs   154 games   1 g/s · 3m35s
  W 42   L 43   D 69     Elo -2.2 ± 33.8
  -2.9 ───────────────●┊··············· +2.9  LLR -0.11
  pentanomial [LL LDg DD WD WW]:  [5 15 33 24 0]
  running…
  78 pairs   156 games   1 g/s · 3m37s
  W 43   L 44   D 69     Elo -2.2 ± 33.3
  -2.9 ───────────────●┊··············· +2.9  LLR -0.11
  pentanomial [LL LDg DD WD WW]:  [5 15 34 24 0]
  running…
  79 pairs   158 games   1 g/s · 3m40s
  W 44   L 44   D 70     Elo -0.0 ± 33.2
  -2.9 ───────────────●┊··············· +2.9  LLR -0.06
  pentanomial [LL LDg DD WD WW]:  [5 15 34 25 0]
  running…
  80 pairs   160 games   1 g/s · 3m44s
  W 44   L 44   D 72     Elo -0.0 ± 32.8
  -2.9 ───────────────●┊··············· +2.9  LLR -0.06
  pentanomial [LL LDg DD WD WW]:  [5 15 35 25 0]
  running…
  81 pairs   162 games   1 g/s · 3m49s
  W 45   L 45   D 72     Elo -0.0 ± 32.4
  -2.9 ───────────────●┊··············· +2.9  LLR -0.07
  pentanomial [LL LDg DD WD WW]:  [5 15 36 25 0]
  running…
  82 pairs   164 games   1 g/s · 3m50s
  W 45   L 47   D 72     Elo -4.1 ± 33.0
  -2.9 ───────────────●┊··············· +2.9  LLR -0.15
  pentanomial [LL LDg DD WD WW]:  [6 15 36 25 0]
  running…
  83 pairs   166 games   1 g/s · 3m52s
  W 46   L 47   D 73     Elo -2.0 ± 32.9
  -2.9 ───────────────●┊··············· +2.9  LLR -0.11
  pentanomial [LL LDg DD WD WW]:  [6 15 36 26 0]
  running…
  84 pairs   168 games   1 g/s · 3m54s
  W 47   L 47   D 74     Elo -0.0 ± 32.7
  -2.9 ───────────────●┊··············· +2.9  LLR -0.06
  pentanomial [LL LDg DD WD WW]:  [6 15 36 27 0]
  running…
  85 pairs   170 games   1 g/s · 3m55s
  W 48   L 48   D 74     Elo -0.0 ± 32.4
  -2.9 ───────────────●┊··············· +2.9  LLR -0.07
  pentanomial [LL LDg DD WD WW]:  [6 15 37 27 0]
  running…
  86 pairs   172 games   1 g/s · 3m58s
  W 48   L 48   D 76     Elo -0.0 ± 32.0
  -2.9 ───────────────●┊··············· +2.9  LLR -0.07
  pentanomial [LL LDg DD WD WW]:  [6 15 38 27 0]
  running…
  87 pairs   174 games   1 g/s · 4m01s
  W 48   L 49   D 77     Elo -2.0 ± 31.9
  -2.9 ───────────────●┊··············· +2.9  LLR -0.11
  pentanomial [LL LDg DD WD WW]:  [6 16 38 27 0]
  running…
  88 pairs   176 games   1 g/s · 4m01s
  W 48   L 50   D 78     Elo -3.9 ± 31.7
  -2.9 ───────────────●┊··············· +2.9  LLR -0.16
  pentanomial [LL LDg DD WD WW]:  [6 17 38 27 0]
  running…
  89 pairs   178 games   1 g/s · 4m06s
  W 48   L 51   D 79     Elo -5.7 ± 31.6
  -2.9 ──────────────●·┊··············· +2.9  LLR -0.20
  pentanomial [LL LDg DD WD WW]:  [6 18 38 27 0]
  running…
  90 pairs   180 games   1 g/s · 4m07s
  W 49   L 51   D 80     Elo -3.8 ± 31.5
  -2.9 ───────────────●┊··············· +2.9  LLR -0.16
  pentanomial [LL LDg DD WD WW]:  [6 18 38 28 0]
  running…
  91 pairs   182 games   1 g/s · 4m09s
  W 49   L 51   D 82     Elo -3.7 ± 31.1
  -2.9 ───────────────●┊··············· +2.9  LLR -0.16
  pentanomial [LL LDg DD WD WW]:  [6 18 39 28 0]
  running…
  92 pairs   184 games   1 g/s · 4m11s
  W 50   L 52   D 82     Elo -3.7 ± 30.8
  -2.9 ───────────────●┊··············· +2.9  LLR -0.16
  pentanomial [LL LDg DD WD WW]:  [6 18 40 28 0]
  running…
  93 pairs   186 games   1 g/s · 4m15s
  W 51   L 52   D 83     Elo -1.8 ± 30.7
  -2.9 ───────────────●┊··············· +2.9  LLR -0.12
  pentanomial [LL LDg DD WD WW]:  [6 18 40 29 0]
  running…
  94 pairs   188 games   1 g/s · 4m18s
  W 52   L 53   D 83     Elo -1.8 ± 30.4
  -2.9 ───────────────●┊··············· +2.9  LLR -0.12
  pentanomial [LL LDg DD WD WW]:  [6 18 41 29 0]
  running…
  95 pairs   190 games   1 g/s · 4m18s
  W 53   L 53   D 84     Elo +0.0 ± 30.3
  -2.9 ───────────────●┊··············· +2.9  LLR -0.08
  pentanomial [LL LDg DD WD WW]:  [6 18 41 30 0]
  running…
  96 pairs   192 games   1 g/s · 4m21s
  W 53   L 53   D 86     Elo +0.0 ± 30.0
  -2.9 ───────────────●┊··············· +2.9  LLR -0.08
  pentanomial [LL LDg DD WD WW]:  [6 18 42 30 0]
  running…
  97 pairs   194 games   1 g/s · 4m27s
  W 54   L 54   D 86     Elo +0.0 ± 29.7
  -2.9 ───────────────●┊··············· +2.9  LLR -0.08
  pentanomial [LL LDg DD WD WW]:  [6 18 43 30 0]
  running…
  98 pairs   196 games   1 g/s · 4m30s
  W 54   L 56   D 86     Elo -3.5 ± 30.1
  -2.9 ───────────────●┊··············· +2.9  LLR -0.16
  pentanomial [LL LDg DD WD WW]:  [7 18 43 30 0]
  running…
  99 pairs   198 games   1 g/s · 4m30s
  W 55   L 56   D 87     Elo -1.7 ± 30.0
  -2.9 ───────────────●┊··············· +2.9  LLR -0.12
  pentanomial [LL LDg DD WD WW]:  [7 18 43 31 0]
  running…
  100 pairs   200 games   1 g/s · 4m30s
  W 56   L 56   D 88     Elo +0.0 ± 29.9
  -2.9 ───────────────●┊··············· +2.9  LLR -0.08
  pentanomial [LL LDg DD WD WW]:  [7 18 43 32 0]
  running…
  101 pairs   202 games   1 g/s · 4m36s
  W 57   L 57   D 88     Elo +0.0 ± 29.6
  -2.9 ───────────────●┊··············· +2.9  LLR -0.08
  pentanomial [LL LDg DD WD WW]:  [7 18 44 32 0]
  running…
  102 pairs   204 games   1 g/s · 4m39s
  W 57   L 57   D 90     Elo +0.0 ± 29.4
  -2.9 ───────────────●┊··············· +2.9  LLR -0.08
  pentanomial [LL LDg DD WD WW]:  [7 18 45 32 0]
  running…
  103 pairs   206 games   1 g/s · 4m39s
  W 57   L 58   D 91     Elo -1.7 ± 29.3
  -2.9 ───────────────●┊··············· +2.9  LLR -0.13
  pentanomial [LL LDg DD WD WW]:  [7 19 45 32 0]
  running…
  104 pairs   208 games   1 g/s · 4m42s
  W 57   L 59   D 92     Elo -3.3 ± 29.2
  -2.9 ───────────────●┊··············· +2.9  LLR -0.17
  pentanomial [LL LDg DD WD WW]:  [7 20 45 32 0]
  running…
  105 pairs   210 games   1 g/s · 4m44s
  W 58   L 59   D 93     Elo -1.6 ± 29.1
  -2.9 ───────────────●┊··············· +2.9  LLR -0.13
  pentanomial [LL LDg DD WD WW]:  [7 20 45 33 0]
  running…
  106 pairs   212 games   1 g/s · 4m46s
  W 58   L 59   D 95     Elo -1.6 ± 28.8
  -2.9 ───────────────●┊··············· +2.9  LLR -0.13
  pentanomial [LL LDg DD WD WW]:  [7 20 46 33 0]
  running…
  107 pairs   214 games   1 g/s · 4m48s
  W 58   L 60   D 96     Elo -3.2 ± 28.7
  -2.9 ───────────────●┊··············· +2.9  LLR -0.17
  pentanomial [LL LDg DD WD WW]:  [7 21 46 33 0]
  running…
  108 pairs   216 games   1 g/s · 4m52s
  W 59   L 61   D 96     Elo -3.2 ± 28.4
  -2.9 ───────────────●┊··············· +2.9  LLR -0.18
  pentanomial [LL LDg DD WD WW]:  [7 21 47 33 0]
  running…
  109 pairs   218 games   1 g/s · 4m53s
  W 60   L 61   D 97     Elo -1.6 ± 28.3
  -2.9 ───────────────●┊··············· +2.9  LLR -0.13
  pentanomial [LL LDg DD WD WW]:  [7 21 47 34 0]
  running…
  110 pairs   220 games   1 g/s · 4m56s
  W 61   L 62   D 97     Elo -1.6 ± 28.1
  -2.9 ───────────────●┊··············· +2.9  LLR -0.13
  pentanomial [LL LDg DD WD WW]:  [7 21 48 34 0]
  running…
  111 pairs   222 games   1 g/s · 4m59s
  W 62   L 62   D 98     Elo +0.0 ± 28.0
  -2.9 ───────────────●┊··············· +2.9  LLR -0.09
  pentanomial [LL LDg DD WD WW]:  [7 21 48 35 0]
  running…
  112 pairs   224 games   1 g/s · 5m00s
  W 62   L 62   D 100     Elo +0.0 ± 27.8
  -2.9 ───────────────●┊··············· +2.9  LLR -0.09
  pentanomial [LL LDg DD WD WW]:  [7 21 49 35 0]
  running…
  113 pairs   226 games   1 g/s · 5m06s
  W 63   L 63   D 100     Elo +0.0 ± 27.5
  -2.9 ───────────────●┊··············· +2.9  LLR -0.09
  pentanomial [LL LDg DD WD WW]:  [7 21 50 35 0]
  running…
  114 pairs   228 games   1 g/s · 5m07s
  W 63   L 65   D 100     Elo -3.0 ± 27.9
  -2.9 ───────────────●┊··············· +2.9  LLR -0.18
  pentanomial [LL LDg DD WD WW]:  [8 21 50 35 0]
  running…
  115 pairs   230 games   1 g/s · 5m10s
  W 64   L 65   D 101     Elo -1.5 ± 27.8
  -2.9 ───────────────●┊··············· +2.9  LLR -0.13
  pentanomial [LL LDg DD WD WW]:  [8 21 50 36 0]
  running…
  116 pairs   232 games   1 g/s · 5m12s
  W 65   L 65   D 102     Elo +0.0 ± 27.7
  -2.9 ───────────────●┊··············· +2.9  LLR -0.09
  pentanomial [LL LDg DD WD WW]:  [8 21 50 37 0]
  running…
  117 pairs   234 games   1 g/s · 5m14s
  W 66   L 66   D 102     Elo +0.0 ± 27.5
  -2.9 ───────────────●┊··············· +2.9  LLR -0.09
  pentanomial [LL LDg DD WD WW]:  [8 21 51 37 0]
  running…
  118 pairs   236 games   1 g/s · 5m16s
  W 66   L 66   D 104     Elo +0.0 ± 27.3
  -2.9 ───────────────●┊··············· +2.9  LLR -0.09
  pentanomial [LL LDg DD WD WW]:  [8 21 52 37 0]
  running…
  119 pairs   238 games   1 g/s · 5m17s
  W 66   L 67   D 105     Elo -1.4 ± 27.2
  -2.9 ───────────────●┊··············· +2.9  LLR -0.14
  pentanomial [LL LDg DD WD WW]:  [8 22 52 37 0]
  running…
  120 pairs   240 games   1 g/s · 5m20s
  W 66   L 68   D 106     Elo -2.8 ± 27.1
  -2.9 ───────────────●┊··············· +2.9  LLR -0.18
  pentanomial [LL LDg DD WD WW]:  [8 23 52 37 0]
  running…
  121 pairs   242 games   1 g/s · 5m25s
  W 67   L 68   D 107     Elo -1.4 ± 27.0
  -2.9 ───────────────●┊··············· +2.9  LLR -0.14
  pentanomial [LL LDg DD WD WW]:  [8 23 52 38 0]
  running…
  122 pairs   244 games   1 g/s · 5m26s
  W 67   L 68   D 109     Elo -1.4 ± 26.8
  -2.9 ───────────────●┊··············· +2.9  LLR -0.14
  pentanomial [LL LDg DD WD WW]:  [8 23 53 38 0]
  running…
  123 pairs   246 games   1 g/s · 5m27s
  W 67   L 69   D 110     Elo -2.8 ± 26.7
  -2.9 ───────────────●┊··············· +2.9  LLR -0.19
  pentanomial [LL LDg DD WD WW]:  [8 24 53 38 0]
  running…
  124 pairs   248 games   1 g/s · 5m28s
  W 68   L 70   D 110     Elo -2.8 ± 26.5
  -2.9 ───────────────●┊··············· +2.9  LLR -0.19
  pentanomial [LL LDg DD WD WW]:  [8 24 54 38 0]
  running…
  125 pairs   250 games   1 g/s · 5m34s
  W 69   L 70   D 111     Elo -1.4 ± 26.5
  -2.9 ───────────────●┊··············· +2.9  LLR -0.14
  pentanomial [LL LDg DD WD WW]:  [8 24 54 39 0]
  running…
  126 pairs   252 games   1 g/s · 5m35s
  W 70   L 71   D 111     Elo -1.4 ± 26.3
  -2.9 ───────────────●┊··············· +2.9  LLR -0.15
  pentanomial [LL LDg DD WD WW]:  [8 24 55 39 0]
  running…
  127 pairs   254 games   1 g/s · 5m36s
  W 71   L 71   D 112     Elo +0.0 ± 26.2
  -2.9 ───────────────●┊··············· +2.9  LLR -0.10
  pentanomial [LL LDg DD WD WW]:  [8 24 55 40 0]
  running…
  128 pairs   256 games   1 g/s · 5m40s
  W 71   L 71   D 114     Elo +0.0 ± 26.0
  -2.9 ───────────────●┊··············· +2.9  LLR -0.10
  pentanomial [LL LDg DD WD WW]:  [8 24 56 40 0]
  running…
  129 pairs   258 games   1 g/s · 5m45s
  W 72   L 72   D 114     Elo +0.0 ± 25.8
  -2.9 ───────────────●┊··············· +2.9  LLR -0.10
  pentanomial [LL LDg DD WD WW]:  [8 24 57 40 0]
  running…
  130 pairs   260 games   1 g/s · 5m45s
  W 72   L 74   D 114     Elo -2.6 ± 26.1
  -2.9 ──────────────●·┊··············· +2.9  LLR -0.19
  pentanomial [LL LDg DD WD WW]:  [9 24 57 40 0]
  running…
  131 pairs   262 games   1 g/s · 5m49s
  W 73   L 74   D 115     Elo -1.3 ± 26.0
  -2.9 ───────────────●┊··············· +2.9  LLR -0.15
  pentanomial [LL LDg DD WD WW]:  [9 24 57 41 0]
  running…
  132 pairs   264 games   1 g/s · 5m50s
  W 74   L 74   D 116     Elo +0.0 ± 26.0
  -2.9 ───────────────●┊··············· +2.9  LLR -0.10
  pentanomial [LL LDg DD WD WW]:  [9 24 57 42 0]
  running…
  133 pairs   266 games   1 g/s · 5m55s
  W 75   L 75   D 116     Elo +0.0 ± 25.8
  -2.9 ───────────────●┊··············· +2.9  LLR -0.10
  pentanomial [LL LDg DD WD WW]:  [9 24 58 42 0]
  running…
  134 pairs   268 games   1 g/s · 5m56s
  W 75   L 75   D 118     Elo +0.0 ± 25.6
  -2.9 ───────────────●┊··············· +2.9  LLR -0.11
  pentanomial [LL LDg DD WD WW]:  [9 24 59 42 0]
  running…
  135 pairs   270 games   1 g/s · 5m57s
  W 75   L 76   D 119     Elo -1.3 ± 25.5
  -2.9 ───────────────●┊··············· +2.9  LLR -0.15
  pentanomial [LL LDg DD WD WW]:  [9 25 59 42 0]
  running…
  136 pairs   272 games   1 g/s · 6m00s
  W 75   L 77   D 120     Elo -2.5 ± 25.4
  -2.9 ──────────────●·┊··············· +2.9  LLR -0.20
  pentanomial [LL LDg DD WD WW]:  [9 26 59 42 0]
  running…
  137 pairs   274 games   1 g/s · 6m03s
  W 76   L 77   D 121     Elo -1.2 ± 25.4
  -2.9 ───────────────●┊··············· +2.9  LLR -0.15
  pentanomial [LL LDg DD WD WW]:  [9 26 59 43 0]
  running…
  138 pairs   276 games   1 g/s · 6m04s
  W 76   L 78   D 122     Elo -2.5 ± 25.3
  -2.9 ──────────────●·┊··············· +2.9  LLR -0.20
  pentanomial [LL LDg DD WD WW]:  [9 27 59 43 0]
  running…
  139 pairs   278 games   1 g/s · 6m06s
  W 76   L 78   D 124     Elo -2.5 ± 25.1
  -2.9 ──────────────●·┊··············· +2.9  LLR -0.20
  pentanomial [LL LDg DD WD WW]:  [9 27 60 43 0]
  running…
  140 pairs   280 games   1 g/s · 6m07s
  W 77   L 79   D 124     Elo -2.4 ± 25.0
  -2.9 ──────────────●·┊··············· +2.9  LLR -0.20
  pentanomial [LL LDg DD WD WW]:  [9 27 61 43 0]
  running…
  141 pairs   282 games   1 g/s · 6m11s
  W 78   L 79   D 125     Elo -1.2 ± 24.9
  -2.9 ───────────────●┊··············· +2.9  LLR -0.16
  pentanomial [LL LDg DD WD WW]:  [9 27 61 44 0]
  running…
  142 pairs   284 games   1 g/s · 6m14s
  W 79   L 80   D 125     Elo -1.2 ± 24.7
  -2.9 ───────────────●┊··············· +2.9  LLR -0.16
  pentanomial [LL LDg DD WD WW]:  [9 27 62 44 0]
  running…
  143 pairs   286 games   1 g/s · 6m17s
  W 80   L 80   D 126     Elo +0.0 ± 24.7
  -2.9 ───────────────●┊··············· +2.9  LLR -0.11
  pentanomial [LL LDg DD WD WW]:  [9 27 62 45 0]
  running…
  144 pairs   288 games   1 g/s · 6m18s
  W 80   L 80   D 128     Elo +0.0 ± 24.5
  -2.9 ───────────────●┊··············· +2.9  LLR -0.12
  pentanomial [LL LDg DD WD WW]:  [9 27 63 45 0]
  running…
  145 pairs   290 games   1 g/s · 6m24s
  W 81   L 81   D 128     Elo +0.0 ± 24.3
  -2.9 ───────────────●┊··············· +2.9  LLR -0.12
  pentanomial [LL LDg DD WD WW]:  [9 27 64 45 0]
  running…
  146 pairs   292 games   1 g/s · 6m25s
  W 81   L 83   D 128     Elo -2.3 ± 24.6
  -2.9 ──────────────●·┊··············· +2.9  LLR -0.20
  pentanomial [LL LDg DD WD WW]:  [10 27 64 45 0]
  running…
  147 pairs   294 games   1 g/s · 6m28s
  W 82   L 83   D 129     Elo -1.2 ± 24.5
  -2.9 ───────────────●┊··············· +2.9  LLR -0.16
  pentanomial [LL LDg DD WD WW]:  [10 27 64 46 0]
  running…
  148 pairs   296 games   1 g/s · 6m30s
  W 83   L 83   D 130     Elo +0.0 ± 24.5
  -2.9 ───────────────●┊··············· +2.9  LLR -0.12
  pentanomial [LL LDg DD WD WW]:  [10 27 64 47 0]
  running…
  149 pairs   298 games   1 g/s · 6m32s
  W 84   L 84   D 130     Elo +0.0 ± 24.3
  -2.9 ───────────────●┊··············· +2.9  LLR -0.12
  pentanomial [LL LDg DD WD WW]:  [10 27 65 47 0]
  running…
  150 pairs   300 games   1 g/s · 6m35s
  W 84   L 84   D 132     Elo +0.0 ± 24.2
  -2.9 ───────────────●┊··············· +2.9  LLR -0.12
  pentanomial [LL LDg DD WD WW]:  [10 27 66 47 0]
  running…
  151 pairs   302 games   1 g/s · 6m35s
  W 84   L 85   D 133     Elo -1.1 ± 24.1
  -2.9 ───────────────●┊··············· +2.9  LLR -0.16
  pentanomial [LL LDg DD WD WW]:  [10 28 66 47 0]
  running…
  152 pairs   304 games   1 g/s · 6m38s
  W 84   L 86   D 134     Elo -2.3 ± 24.1
  -2.9 ──────────────●·┊··············· +2.9  LLR -0.21
  pentanomial [LL LDg DD WD WW]:  [10 29 66 47 0]
  running…
  153 pairs   306 games   1 g/s · 6m43s
  W 85   L 86   D 135     Elo -1.1 ± 24.0
  -2.9 ───────────────●┊··············· +2.9  LLR -0.16
  pentanomial [LL LDg DD WD WW]:  [10 29 66 48 0]
  running…
  154 pairs   308 games   1 g/s · 6m43s
  W 85   L 87   D 136     Elo -2.2 ± 23.9
  -2.9 ──────────────●·┊··············· +2.9  LLR -0.21
  pentanomial [LL LDg DD WD WW]:  [10 30 66 48 0]
  running…
  155 pairs   310 games   1 g/s · 6m45s
  W 85   L 87   D 138     Elo -2.2 ± 23.8
  -2.9 ──────────────●·┊··············· +2.9  LLR -0.21
  pentanomial [LL LDg DD WD WW]:  [10 30 67 48 0]
  running…
  156 pairs   312 games   1 g/s · 6m46s
  W 86   L 88   D 138     Elo -2.2 ± 23.6
  -2.9 ──────────────●·┊··············· +2.9  LLR -0.21
  pentanomial [LL LDg DD WD WW]:  [10 30 68 48 0]
  running…
  157 pairs   314 games   1 g/s · 6m50s
  W 87   L 88   D 139     Elo -1.1 ± 23.6
  -2.9 ───────────────●┊··············· +2.9  LLR -0.17
  pentanomial [LL LDg DD WD WW]:  [10 30 68 49 0]
  running…
  158 pairs   316 games   1 g/s · 6m54s
  W 88   L 89   D 139     Elo -1.1 ± 23.4
  -2.9 ───────────────●┊··············· +2.9  LLR -0.17
  pentanomial [LL LDg DD WD WW]:  [10 30 69 49 0]
  running…
  159 pairs   318 games   1 g/s · 6m55s
  W 89   L 89   D 140     Elo +0.0 ± 23.4
  -2.9 ───────────────●┊··············· +2.9  LLR -0.13
  pentanomial [LL LDg DD WD WW]:  [10 30 69 50 0]
  running…
  160 pairs   320 games   1 g/s · 6m58s
  W 89   L 89   D 142     Elo +0.0 ± 23.3
  -2.9 ───────────────●┊··············· +2.9  LLR -0.13
  pentanomial [LL LDg DD WD WW]:  [10 30 70 50 0]
  running…
  161 pairs   322 games   1 g/s · 7m03s
  W 89   L 91   D 142     Elo -2.1 ± 23.5
  -2.9 ──────────────●·┊··············· +2.9  LLR -0.21
  pentanomial [LL LDg DD WD WW]:  [11 30 70 50 0]
  running…
  162 pairs   324 games   1 g/s · 7m04s
  W 90   L 92   D 142     Elo -2.1 ± 23.3
  -2.9 ──────────────●·┊··············· +2.9  LLR -0.22
  pentanomial [LL LDg DD WD WW]:  [11 30 71 50 0]
  running…
  163 pairs   326 games   1 g/s · 7m07s
  W 91   L 92   D 143     Elo -1.1 ± 23.3
  -2.9 ───────────────●┊··············· +2.9  LLR -0.17
  pentanomial [LL LDg DD WD WW]:  [11 30 71 51 0]
  running…
  164 pairs   328 games   1 g/s · 7m07s
  W 92   L 92   D 144     Elo +0.0 ± 23.2
  -2.9 ───────────────●┊··············· +2.9  LLR -0.13
  pentanomial [LL LDg DD WD WW]:  [11 30 71 52 0]
  running…
  165 pairs   330 games   1 g/s · 7m12s
  W 93   L 93   D 144     Elo +0.0 ± 23.1
  -2.9 ───────────────●┊··············· +2.9  LLR -0.13
  pentanomial [LL LDg DD WD WW]:  [11 30 72 52 0]
  running…
  166 pairs   332 games   1 g/s · 7m14s
  W 93   L 93   D 146     Elo +0.0 ± 23.0
  -2.9 ───────────────●┊··············· +2.9  LLR -0.13
  pentanomial [LL LDg DD WD WW]:  [11 30 73 52 0]
  running…
  167 pairs   334 games   1 g/s · 7m16s
  W 93   L 94   D 147     Elo -1.0 ± 22.9
  -2.9 ───────────────●┊··············· +2.9  LLR -0.18
  pentanomial [LL LDg DD WD WW]:  [11 31 73 52 0]
  running…
  168 pairs   336 games   1 g/s · 7m17s
  W 93   L 95   D 148     Elo -2.0 ± 22.9
  -2.9 ──────────────●·┊··············· +2.9  LLR -0.22
  pentanomial [LL LDg DD WD WW]:  [11 32 73 52 0]
  running…
  169 pairs   338 games   1 g/s · 7m21s
  W 94   L 95   D 149     Elo -1.0 ± 22.8
  -2.9 ───────────────●┊··············· +2.9  LLR -0.18
  pentanomial [LL LDg DD WD WW]:  [11 32 73 53 0]
  running…
  170 pairs   340 games   1 g/s · 7m22s
  W 94   L 96   D 150     Elo -2.0 ± 22.8
  -2.9 ──────────────●·┊··············· +2.9  LLR -0.22
  pentanomial [LL LDg DD WD WW]:  [11 33 73 53 0]
  running…
  171 pairs   342 games   1 g/s · 7m22s
  W 94   L 96   D 152     Elo -2.0 ± 22.6
  -2.9 ──────────────●·┊··············· +2.9  LLR -0.23
  pentanomial [LL LDg DD WD WW]:  [11 33 74 53 0]
  running…
  172 pairs   344 games   1 g/s · 7m26s
  W 95   L 97   D 152     Elo -2.0 ± 22.5
  -2.9 ──────────────●·┊··············· +2.9  LLR -0.23
  pentanomial [LL LDg DD WD WW]:  [11 33 75 53 0]
  running…
  173 pairs   346 games   1 g/s · 7m30s
  W 96   L 97   D 153     Elo -1.0 ± 22.5
  -2.9 ───────────────●┊··············· +2.9  LLR -0.18
  pentanomial [LL LDg DD WD WW]:  [11 33 75 54 0]
  running…
  174 pairs   348 games   1 g/s · 7m33s
  W 97   L 98   D 153     Elo -1.0 ± 22.3
  -2.9 ───────────────●┊··············· +2.9  LLR -0.18
  pentanomial [LL LDg DD WD WW]:  [11 33 76 54 0]
  running…
  175 pairs   350 games   1 g/s · 7m34s
  W 98   L 98   D 154     Elo +0.0 ± 22.3
  -2.9 ───────────────●┊··············· +2.9  LLR -0.14
  pentanomial [LL LDg DD WD WW]:  [11 33 76 55 0]
  running…
  176 pairs   352 games   1 g/s · 7m37s
  W 98   L 98   D 156     Elo +0.0 ± 22.2
  -2.9 ───────────────●┊··············· +2.9  LLR -0.14
  pentanomial [LL LDg DD WD WW]:  [11 33 77 55 0]
  running…
  177 pairs   354 games   1 g/s · 7m42s
  W 99   L 99   D 156     Elo +0.0 ± 22.1
  -2.9 ───────────────●┊··············· +2.9  LLR -0.14
  pentanomial [LL LDg DD WD WW]:  [11 33 78 55 0]
  running…
  178 pairs   356 games   1 g/s · 7m44s
  W 99   L 101   D 156     Elo -1.9 ± 22.3
  -2.9 ──────────────●·┊··············· +2.9  LLR -0.23
  pentanomial [LL LDg DD WD WW]:  [12 33 78 55 0]
  running…
  179 pairs   358 games   1 g/s · 7m46s
  W 100   L 101   D 157     Elo -1.0 ± 22.2
  -2.9 ───────────────●┊··············· +2.9  LLR -0.18
  pentanomial [LL LDg DD WD WW]:  [12 33 78 56 0]
  running…
  180 pairs   360 games   1 g/s · 7m47s
  W 101   L 101   D 158     Elo +0.0 ± 22.2
  -2.9 ───────────────●┊··············· +2.9  LLR -0.14
  pentanomial [LL LDg DD WD WW]:  [12 33 78 57 0]
  running…
  181 pairs   362 games   1 g/s · 7m51s
  W 102   L 102   D 158     Elo +0.0 ± 22.0
  -2.9 ───────────────●┊··············· +2.9  LLR -0.14
  pentanomial [LL LDg DD WD WW]:  [12 33 79 57 0]
  running…
  182 pairs   364 games   1 g/s · 7m51s
  W 102   L 102   D 160     Elo +0.0 ± 21.9
  -2.9 ───────────────●┊··············· +2.9  LLR -0.14
  pentanomial [LL LDg DD WD WW]:  [12 33 80 57 0]
  running…
  183 pairs   366 games   1 g/s · 7m55s
  W 102   L 103   D 161     Elo -0.9 ± 21.9
  -2.9 ───────────────●┊··············· +2.9  LLR -0.19
  pentanomial [LL LDg DD WD WW]:  [12 34 80 57 0]
  running…
  184 pairs   368 games   1 g/s · 7m57s
  W 102   L 104   D 162     Elo -1.9 ± 21.8
  -2.9 ──────────────●·┊··············· +2.9  LLR -0.24
  pentanomial [LL LDg DD WD WW]:  [12 35 80 57 0]
  running…
  185 pairs   370 games   1 g/s · 7m59s
  W 103   L 104   D 163     Elo -0.9 ± 21.8
  -2.9 ──────────────●·┊··············· +2.9  LLR -0.19
  pentanomial [LL LDg DD WD WW]:  [12 35 80 58 0]
  running…
  186 pairs   372 games   1 g/s · 8m01s
  W 103   L 104   D 165     Elo -0.9 ± 21.7
  -2.9 ──────────────●·┊··············· +2.9  LLR -0.19
  pentanomial [LL LDg DD WD WW]:  [12 35 81 58 0]
  running…
  188 pairs   376 games   1 g/s · 8m05s
  W 104   L 106   D 166     Elo -1.8 ± 21.5
  -2.9 ──────────────●·┊··············· +2.9  LLR -0.24
  pentanomial [LL LDg DD WD WW]:  [12 36 82 58 0]
  running…
  189 pairs   378 games   1 g/s · 8m07s
  W 105   L 106   D 167     Elo -0.9 ± 21.5
  -2.9 ──────────────●·┊··············· +2.9  LLR -0.19
  pentanomial [LL LDg DD WD WW]:  [12 36 82 59 0]
  running…
  190 pairs   380 games   1 g/s · 8m11s
  W 106   L 107   D 167     Elo -0.9 ± 21.4
  -2.9 ──────────────●·┊··············· +2.9  LLR -0.20
  pentanomial [LL LDg DD WD WW]:  [12 36 83 59 0]
  running…
  191 pairs   382 games   1 g/s · 8m12s
  W 107   L 107   D 168     Elo +0.0 ± 21.3
  -2.9 ───────────────●┊··············· +2.9  LLR -0.15
  pentanomial [LL LDg DD WD WW]:  [12 36 83 60 0]
  running…
  192 pairs   384 games   1 g/s · 8m15s
  W 107   L 107   D 170     Elo +0.0 ± 21.2
  -2.9 ───────────────●┊··············· +2.9  LLR -0.15
  pentanomial [LL LDg DD WD WW]:  [12 36 84 60 0]
  running…
  193 pairs   386 games   1 g/s · 8m22s
  W 108   L 108   D 170     Elo +0.0 ± 21.1
  -2.9 ───────────────●┊··············· +2.9  LLR -0.15
  pentanomial [LL LDg DD WD WW]:  [12 36 85 60 0]
  running…
  194 pairs   388 games   1 g/s · 8m23s
  W 108   L 110   D 170     Elo -1.8 ± 21.3
  -2.9 ──────────────●·┊··············· +2.9  LLR -0.24
  pentanomial [LL LDg DD WD WW]:  [13 36 85 60 0]
  running…
  195 pairs   390 games   1 g/s · 8m26s
  W 109   L 110   D 171     Elo -0.9 ± 21.3
  -2.9 ──────────────●·┊··············· +2.9  LLR -0.20
  pentanomial [LL LDg DD WD WW]:  [13 36 85 61 0]
  running…
  196 pairs   392 games   1 g/s · 8m26s
  W 110   L 110   D 172     Elo +0.0 ± 21.2
  -2.9 ───────────────●┊··············· +2.9  LLR -0.15
  pentanomial [LL LDg DD WD WW]:  [13 36 85 62 0]
  running…
  197 pairs   394 games   1 g/s · 8m29s
  W 111   L 111   D 172     Elo +0.0 ± 21.1
  -2.9 ───────────────●┊··············· +2.9  LLR -0.15
  pentanomial [LL LDg DD WD WW]:  [13 36 86 62 0]
  running…
  198 pairs   396 games   1 g/s · 8m32s
  W 111   L 111   D 174     Elo +0.0 ± 21.0
  -2.9 ───────────────●┊··············· +2.9  LLR -0.16
  pentanomial [LL LDg DD WD WW]:  [13 36 87 62 0]
  running…
  199 pairs   398 games   1 g/s · 8m34s
  W 111   L 112   D 175     Elo -0.9 ± 21.0
  -2.9 ──────────────●·┊··············· +2.9  LLR -0.20
  pentanomial [LL LDg DD WD WW]:  [13 37 87 62 0]
  running…
  200 pairs   400 games   1 g/s · 8m36s
  W 111   L 113   D 176     Elo -1.7 ± 20.9
  -2.9 ──────────────●·┊··············· +2.9  LLR -0.25
  pentanomial [LL LDg DD WD WW]:  [13 38 87 62 0]
  running…
  201 pairs   402 games   1 g/s · 8m41s
  W 112   L 113   D 177     Elo -0.9 ± 20.9
  -2.9 ──────────────●·┊··············· +2.9  LLR -0.20
  pentanomial [LL LDg DD WD WW]:  [13 38 87 63 0]
  running…
  202 pairs   404 games   1 g/s · 8m42s
  W 112   L 114   D 178     Elo -1.7 ± 20.9
  -2.9 ──────────────●·┊··············· +2.9  LLR -0.25
  pentanomial [LL LDg DD WD WW]:  [13 39 87 63 0]
  running…
  203 pairs   406 games   1 g/s · 8m42s
  W 112   L 114   D 180     Elo -1.7 ± 20.8
  -2.9 ──────────────●·┊··············· +2.9  LLR -0.25
  pentanomial [LL LDg DD WD WW]:  [13 39 88 63 0]
  running…
  204 pairs   408 games   1 g/s · 8m46s
  W 113   L 115   D 180     Elo -1.7 ± 20.7
  -2.9 ──────────────●·┊··············· +2.9  LLR -0.25
  pentanomial [LL LDg DD WD WW]:  [13 39 89 63 0]
  running…
  205 pairs   410 games   1 g/s · 8m47s
  W 114   L 115   D 181     Elo -0.8 ± 20.6
  -2.9 ──────────────●·┊··············· +2.9  LLR -0.21
  pentanomial [LL LDg DD WD WW]:  [13 39 89 64 0]
  running…
  206 pairs   412 games   1 g/s · 8m53s
  W 115   L 116   D 181     Elo -0.8 ± 20.5
  -2.9 ──────────────●·┊··············· +2.9  LLR -0.21
  pentanomial [LL LDg DD WD WW]:  [13 39 90 64 0]
  running…
  207 pairs   414 games   1 g/s · 8m54s
  W 116   L 116   D 182     Elo +0.0 ± 20.5
  -2.9 ───────────────●┊··············· +2.9  LLR -0.16
  pentanomial [LL LDg DD WD WW]:  [13 39 90 65 0]
  running…
  208 pairs   416 games   1 g/s · 8m57s
  W 116   L 116   D 184     Elo +0.0 ± 20.4
  -2.9 ───────────────●┊··············· +2.9  LLR -0.17
  pentanomial [LL LDg DD WD WW]:  [13 39 91 65 0]
  running…
  209 pairs   418 games   1 g/s · 9m03s
  W 116   L 118   D 184     Elo -1.6 ± 20.6
  -2.9 ──────────────●·┊··············· +2.9  LLR -0.25
  pentanomial [LL LDg DD WD WW]:  [14 39 91 65 0]
  running…
  211 pairs   422 games   1 g/s · 9m06s
  W 118   L 119   D 185     Elo -0.8 ± 20.4
  -2.9 ──────────────●·┊··············· +2.9  LLR -0.21
  pentanomial [LL LDg DD WD WW]:  [14 39 92 66 0]
  running…
  212 pairs   424 games   1 g/s · 9m08s
  W 119   L 119   D 186     Elo +0.0 ± 20.4
  -2.9 ───────────────●┊··············· +2.9  LLR -0.17
  pentanomial [LL LDg DD WD WW]:  [14 39 92 67 0]
  running…
  213 pairs   426 games   1 g/s · 9m09s
  W 120   L 120   D 186     Elo +0.0 ± 20.3
  -2.9 ───────────────●┊··············· +2.9  LLR -0.17
  pentanomial [LL LDg DD WD WW]:  [14 39 93 67 0]
  running…
  214 pairs   428 games   1 g/s · 9m12s
  W 120   L 120   D 188     Elo +0.0 ± 20.2
  -2.9 ───────────────●┊··············· +2.9  LLR -0.17
  pentanomial [LL LDg DD WD WW]:  [14 39 94 67 0]
  running…
  215 pairs   430 games   1 g/s · 9m15s
  W 120   L 121   D 189     Elo -0.8 ± 20.2
  -2.9 ──────────────●·┊··············· +2.9  LLR -0.22
  pentanomial [LL LDg DD WD WW]:  [14 40 94 67 0]
  running…
  216 pairs   432 games   1 g/s · 9m17s
  W 120   L 122   D 190     Elo -1.6 ± 20.1
  -2.9 ──────────────●·┊··············· +2.9  LLR -0.26
  pentanomial [LL LDg DD WD WW]:  [14 41 94 67 0]
  running…
  217 pairs   434 games   1 g/s · 9m20s
  W 121   L 122   D 191     Elo -0.8 ± 20.1
  -2.9 ──────────────●·┊··············· +2.9  LLR -0.22
  pentanomial [LL LDg DD WD WW]:  [14 41 94 68 0]
  running…
  218 pairs   436 games   1 g/s · 9m22s
  W 121   L 123   D 192     Elo -1.6 ± 20.1
  -2.9 ──────────────●·┊··············· +2.9  LLR -0.26
  pentanomial [LL LDg DD WD WW]:  [14 42 94 68 0]
  running…
  219 pairs   438 games   1 g/s · 9m24s
  W 121   L 123   D 194     Elo -1.6 ± 20.0
  -2.9 ──────────────●·┊··············· +2.9  LLR -0.26
  pentanomial [LL LDg DD WD WW]:  [14 42 95 68 0]
  running…
  220 pairs   440 games   1 g/s · 9m25s
  W 122   L 124   D 194     Elo -1.6 ± 19.9
  -2.9 ──────────────●·┊··············· +2.9  LLR -0.27
  pentanomial [LL LDg DD WD WW]:  [14 42 96 68 0]
  running…
  221 pairs   442 games   1 g/s · 9m29s
  W 123   L 124   D 195     Elo -0.8 ± 19.9
  -2.9 ──────────────●·┊··············· +2.9  LLR -0.22
  pentanomial [LL LDg DD WD WW]:  [14 42 96 69 0]
  running…
  222 pairs   444 games   1 g/s · 9m33s
  W 124   L 124   D 196     Elo +0.0 ± 19.8
  -2.9 ───────────────●┊··············· +2.9  LLR -0.18
  pentanomial [LL LDg DD WD WW]:  [14 42 96 70 0]
  running…
  223 pairs   446 games   1 g/s · 9m34s
  W 125   L 125   D 196     Elo +0.0 ± 19.8
  -2.9 ───────────────●┊··············· +2.9  LLR -0.18
  pentanomial [LL LDg DD WD WW]:  [14 42 97 70 0]
  running…
  224 pairs   448 games   1 g/s · 9m37s
  W 125   L 125   D 198     Elo +0.0 ± 19.7
  -2.9 ───────────────●┊··············· +2.9  LLR -0.18
  pentanomial [LL LDg DD WD WW]:  [14 42 98 70 0]
  running…
  225 pairs   450 games   1 g/s · 9m43s
  W 126   L 126   D 198     Elo +0.0 ± 19.6
  -2.9 ───────────────●┊··············· +2.9  LLR -0.18
  pentanomial [LL LDg DD WD WW]:  [14 42 99 70 0]
  running…
  226 pairs   452 games   1 g/s · 9m45s
  W 126   L 128   D 198     Elo -1.5 ± 19.7
  -2.9 ──────────────●·┊··············· +2.9  LLR -0.27
  pentanomial [LL LDg DD WD WW]:  [15 42 99 70 0]
  running…
  227 pairs   454 games   1 g/s · 9m46s
  W 127   L 128   D 199     Elo -0.8 ± 19.7
  -2.9 ──────────────●·┊··············· +2.9  LLR -0.22
  pentanomial [LL LDg DD WD WW]:  [15 42 99 71 0]
  running…
  228 pairs   456 games   1 g/s · 9m48s
  W 128   L 128   D 200     Elo +0.0 ± 19.7
  -2.9 ───────────────●┊··············· +2.9  LLR -0.18
  pentanomial [LL LDg DD WD WW]:  [15 42 99 72 0]
  running…
  229 pairs   458 games   1 g/s · 9m53s
  W 129   L 129   D 200     Elo +0.0 ± 19.6
  -2.9 ───────────────●┊··············· +2.9  LLR -0.18
  pentanomial [LL LDg DD WD WW]:  [15 42 100 72 0]
  running…
  230 pairs   460 games   1 g/s · 9m57s
  W 129   L 129   D 202     Elo +0.0 ± 19.5
  -2.9 ───────────────●┊··············· +2.9  LLR -0.18
  pentanomial [LL LDg DD WD WW]:  [15 42 101 72 0]
  running…
  231 pairs   462 games   1 g/s · 9m58s
  W 129   L 130   D 203     Elo -0.7 ± 19.5
  -2.9 ──────────────●·┊··············· +2.9  LLR -0.23
  pentanomial [LL LDg DD WD WW]:  [15 43 101 72 0]
  running…
  232 pairs   464 games   1 g/s · 10m03s
  W 129   L 131   D 204     Elo -1.5 ± 19.4
  -2.9 ──────────────●·┊··············· +2.9  LLR -0.27
  pentanomial [LL LDg DD WD WW]:  [15 44 101 72 0]
  running…
  233 pairs   466 games   1 g/s · 10m08s
  W 130   L 131   D 205     Elo -0.7 ± 19.4
  -2.9 ──────────────●·┊··············· +2.9  LLR -0.23
  pentanomial [LL LDg DD WD WW]:  [15 44 101 73 0]
  running…
  234 pairs   468 games   1 g/s · 10m09s
  W 130   L 132   D 206     Elo -1.5 ± 19.4
  -2.9 ──────────────●·┊··············· +2.9  LLR -0.27
  pentanomial [LL LDg DD WD WW]:  [15 45 101 73 0]
  running…
  235 pairs   470 games   1 g/s · 10m11s
  W 130   L 132   D 208     Elo -1.5 ± 19.3
  -2.9 ──────────────●·┊··············· +2.9  LLR -0.28
  pentanomial [LL LDg DD WD WW]:  [15 45 102 73 0]
  running…
  236 pairs   472 games   1 g/s · 10m17s
  W 131   L 133   D 208     Elo -1.5 ± 19.2
  -2.9 ──────────────●·┊··············· +2.9  LLR -0.28
  pentanomial [LL LDg DD WD WW]:  [15 45 103 73 0]
  running…
  237 pairs   474 games   1 g/s · 10m21s
  W 132   L 133   D 209     Elo -0.7 ± 19.2
  -2.9 ──────────────●·┊··············· +2.9  LLR -0.23
  pentanomial [LL LDg DD WD WW]:  [15 45 103 74 0]
  running…
  238 pairs   476 games   1 g/s · 10m28s
  W 133   L 134   D 209     Elo -0.7 ± 19.1
  -2.9 ──────────────●·┊··············· +2.9  LLR -0.24
  pentanomial [LL LDg DD WD WW]:  [15 45 104 74 0]
  running…
  239 pairs   478 games   1 g/s · 10m31s
  W 134   L 134   D 210     Elo +0.0 ± 19.1
  -2.9 ───────────────●┊··············· +2.9  LLR -0.19
  pentanomial [LL LDg DD WD WW]:  [15 45 104 75 0]
  running…
  240 pairs   480 games   1 g/s · 10m33s
  W 134   L 134   D 212     Elo +0.0 ± 19.0
  -2.9 ──────────────●·┊··············· +2.9  LLR -0.19
  pentanomial [LL LDg DD WD WW]:  [15 45 105 75 0]
  running…
  241 pairs   482 games   1 g/s · 10m38s
  W 135   L 135   D 212     Elo +0.0 ± 18.9
  -2.9 ──────────────●·┊··············· +2.9  LLR -0.19
  pentanomial [LL LDg DD WD WW]:  [15 45 106 75 0]
  running…
  242 pairs   484 games   1 g/s · 10m40s
  W 135   L 137   D 212     Elo -1.4 ± 19.1
  -2.9 ──────────────●·┊··············· +2.9  LLR -0.28
  pentanomial [LL LDg DD WD WW]:  [16 45 106 75 0]
  running…
  243 pairs   486 games   1 g/s · 10m43s
  W 136   L 137   D 213     Elo -0.7 ± 19.0
  -2.9 ──────────────●·┊··············· +2.9  LLR -0.24
  pentanomial [LL LDg DD WD WW]:  [16 45 106 76 0]
  running…
  244 pairs   488 games   1 g/s · 10m44s
  W 137   L 137   D 214     Elo +0.0 ± 19.0
  -2.9 ──────────────●·┊··············· +2.9  LLR -0.19
  pentanomial [LL LDg DD WD WW]:  [16 45 106 77 0]
  running…
  245 pairs   490 games   1 g/s · 10m48s
  W 138   L 138   D 214     Elo +0.0 ± 18.9
  -2.9 ──────────────●·┊··············· +2.9  LLR -0.19
  pentanomial [LL LDg DD WD WW]:  [16 45 107 77 0]
  running…
  246 pairs   492 games   1 g/s · 10m51s
  W 138   L 138   D 216     Elo +0.0 ± 18.8
  -2.9 ──────────────●·┊··············· +2.9  LLR -0.19
  pentanomial [LL LDg DD WD WW]:  [16 45 108 77 0]
  running…
  247 pairs   494 games   1 g/s · 10m53s
  W 138   L 139   D 217     Elo -0.7 ± 18.8
  -2.9 ──────────────●·┊··············· +2.9  LLR -0.24
  pentanomial [LL LDg DD WD WW]:  [16 46 108 77 0]
  running…
  248 pairs   496 games   1 g/s · 10m56s
  W 138   L 140   D 218     Elo -1.4 ± 18.8
  -2.9 ──────────────●·┊··············· +2.9  LLR -0.29
  pentanomial [LL LDg DD WD WW]:  [16 47 108 77 0]
  running…
  249 pairs   498 games   1 g/s · 11m00s
  W 139   L 140   D 219     Elo -0.7 ± 18.8
  -2.9 ──────────────●·┊··············· +2.9  LLR -0.24
  pentanomial [LL LDg DD WD WW]:  [16 47 108 78 0]
  running…
  250 pairs   500 games   1 g/s · 11m01s
  W 139   L 140   D 221     Elo -0.7 ± 18.7
  -2.9 ──────────────●·┊··············· +2.9  LLR -0.24
  pentanomial [LL LDg DD WD WW]:  [16 47 109 78 0]
  running…
  251 pairs   502 games   1 g/s · 11m02s
  W 139   L 141   D 222     Elo -1.4 ± 18.7
  -2.9 ──────────────●·┊··············· +2.9  LLR -0.29
  pentanomial [LL LDg DD WD WW]:  [16 48 109 78 0]
  running…
  252 pairs   504 games   1 g/s · 11m05s
  W 140   L 142   D 222     Elo -1.4 ± 18.6
  -2.9 ──────────────●·┊··············· +2.9  LLR -0.29
  pentanomial [LL LDg DD WD WW]:  [16 48 110 78 0]
  running…
  253 pairs   506 games   1 g/s · 11m11s
  W 141   L 142   D 223     Elo -0.7 ± 18.6
  -2.9 ──────────────●·┊··············· +2.9  LLR -0.25
  pentanomial [LL LDg DD WD WW]:  [16 48 110 79 0]
  running…
  254 pairs   508 games   1 g/s · 11m12s
  W 142   L 143   D 223     Elo -0.7 ± 18.5
  -2.9 ──────────────●·┊··············· +2.9  LLR -0.25
  pentanomial [LL LDg DD WD WW]:  [16 48 111 79 0]
  running…
  255 pairs   510 games   1 g/s · 11m15s
  W 143   L 143   D 224     Elo +0.0 ± 18.5
  -2.9 ──────────────●·┊··············· +2.9  LLR -0.20
  pentanomial [LL LDg DD WD WW]:  [16 48 111 80 0]
  running…
  256 pairs   512 games   1 g/s · 11m19s
  W 143   L 143   D 226     Elo +0.0 ± 18.4
  -2.9 ──────────────●·┊··············· +2.9  LLR -0.20
  pentanomial [LL LDg DD WD WW]:  [16 48 112 80 0]
  running…
  257 pairs   514 games   1 g/s · 11m25s
  W 144   L 144   D 226     Elo +0.0 ± 18.3
  -2.9 ──────────────●·┊··············· +2.9  LLR -0.21
  pentanomial [LL LDg DD WD WW]:  [16 48 113 80 0]
  running…
  258 pairs   516 games   1 g/s · 11m27s
  W 144   L 146   D 226     Elo -1.3 ± 18.4
  -2.9 ──────────────●·┊··············· +2.9  LLR -0.29
  pentanomial [LL LDg DD WD WW]:  [17 48 113 80 0]
  running…
  259 pairs   518 games   1 g/s · 11m29s
  W 145   L 146   D 227     Elo -0.7 ± 18.4
  -2.9 ──────────────●·┊··············· +2.9  LLR -0.25
  pentanomial [LL LDg DD WD WW]:  [17 48 113 81 0]
  running…
  260 pairs   520 games   1 g/s · 11m30s
  W 146   L 146   D 228     Elo +0.0 ± 18.4
  -2.9 ──────────────●·┊··············· +2.9  LLR -0.20
  pentanomial [LL LDg DD WD WW]:  [17 48 113 82 0]
  running…
  261 pairs   522 games   1 g/s · 11m36s
  W 147   L 147   D 228     Elo +0.0 ± 18.3
  -2.9 ──────────────●·┊··············· +2.9  LLR -0.21
  pentanomial [LL LDg DD WD WW]:  [17 48 114 82 0]
  running…
  262 pairs   524 games   1 g/s · 11m37s
  W 147   L 147   D 230     Elo +0.0 ± 18.3
  -2.9 ──────────────●·┊··············· +2.9  LLR -0.21
  pentanomial [LL LDg DD WD WW]:  [17 48 115 82 0]
  running…
  263 pairs   526 games   1 g/s · 11m39s
  W 147   L 148   D 231     Elo -0.7 ± 18.2
  -2.9 ──────────────●·┊··············· +2.9  LLR -0.25
  pentanomial [LL LDg DD WD WW]:  [17 49 115 82 0]
  running…
  264 pairs   528 games   1 g/s · 11m40s
  W 147   L 149   D 232     Elo -1.3 ± 18.2
  -2.9 ──────────────●·┊··············· +2.9  LLR -0.30
  pentanomial [LL LDg DD WD WW]:  [17 50 115 82 0]
  running…
  265 pairs   530 games   1 g/s · 11m46s
  W 148   L 149   D 233     Elo -0.7 ± 18.2
  -2.9 ──────────────●·┊··············· +2.9  LLR -0.25
  pentanomial [LL LDg DD WD WW]:  [17 50 115 83 0]
  running…
  266 pairs   532 games   1 g/s · 11m47s
  W 148   L 150   D 234     Elo -1.3 ± 18.2
  -2.9 ──────────────●·┊··············· +2.9  LLR -0.30
  pentanomial [LL LDg DD WD WW]:  [17 51 115 83 0]
  running…
  267 pairs   534 games   1 g/s · 11m48s
  W 148   L 150   D 236     Elo -1.3 ± 18.1
  -2.9 ──────────────●·┊··············· +2.9  LLR -0.30
  pentanomial [LL LDg DD WD WW]:  [17 51 116 83 0]
  running…
  268 pairs   536 games   1 g/s · 11m51s
  W 149   L 151   D 236     Elo -1.3 ± 18.0
  -2.9 ──────────────●·┊··············· +2.9  LLR -0.30
  pentanomial [LL LDg DD WD WW]:  [17 51 117 83 0]
  running…
  269 pairs   538 games   1 g/s · 11m54s
  W 150   L 151   D 237     Elo -0.6 ± 18.0
  -2.9 ──────────────●·┊··············· +2.9  LLR -0.26
  pentanomial [LL LDg DD WD WW]:  [17 51 117 84 0]
  running…
  270 pairs   540 games   1 g/s · 11m58s
  W 151   L 152   D 237     Elo -0.6 ± 17.9
  -2.9 ──────────────●·┊··············· +2.9  LLR -0.26
  pentanomial [LL LDg DD WD WW]:  [17 51 118 84 0]
  running…
  271 pairs   542 games   1 g/s · 12m00s
  W 152   L 152   D 238     Elo +0.0 ± 17.9
  -2.9 ──────────────●·┊··············· +2.9  LLR -0.22
  pentanomial [LL LDg DD WD WW]:  [17 51 118 85 0]
  running…
